BASH=/bin/bash
BASHOPTS=cmdhist:complete_fullquote:extquote:force_fignore:hostcomplete:interactive_comments:progcomp:promptvars:sourcepath
BASH_ALIASES=()
BASH_ARGC=()
BASH_ARGV=()
BASH_CMDS=()
BASH_LINENO=([0]="0")
BASH_SOURCE=([0]="experiments.mrd/scanphi500/script")
BASH_VERSINFO=([0]="4" [1]="4" [2]="20" [3]="1" [4]="release" [5]="x86_64-pc-linux-gnu")
BASH_VERSION='4.4.20(1)-release'
DIRSTACK=()
EUID=162515747
GPU=1
GROUPS=()
HOME=/home/mrdouglas
HOSTNAME=aiorion
HOSTTYPE=x86_64
IFS=$' \t\n'
KRB5CCNAME=FILE:/tmp/krb5cc_162515747_ESTuCD
LANG=en_US.UTF-8
LOGNAME=mrdouglas
MACHTYPE=x86_64-pc-linux-gnu
MAIL=/var/mail/mrdouglas
OLDPWD=/home/mrdouglas/Manifold/experiments.mrd
OPTERR=1
OPTIND=1
OSTYPE=linux-gnu
PATH=/home/mrdouglas/Manifold/bin:/usr/local/sbin:/usr/local/bin:/usr/sbin:/usr/bin:/sbin:/bin:/usr/games:/usr/local/games
PPID=50488
PS4='+ '
PWD=/home/mrdouglas/Manifold
SEED=17
SHELL=/bin/bash
SHELLOPTS=braceexpand:hashall:interactive-comments
SHLVL=2
SSH_CLIENT='129.49.6.206 56417 130'
SSH_CONNECTION='129.49.6.206 56417 130.245.162.50 130'
SSH_TTY=/dev/pts/9
TERM=xterm-256color
UID=162515747
USER=mrdouglas
VIRTUAL_ENV=/home/mrdouglas/Manifold
XDG_RUNTIME_DIR=/run/user/162515747
XDG_SESSION_ID=223
_=/usr/bin/nohup
seed=17 gpu=1
2020-09-09 17:07:20.802525: I tensorflow/stream_executor/platform/default/dso_loader.cc:48] Successfully opened dynamic library libcudart.so.10.1
2020-09-09 17:09:55.123183: I tensorflow/stream_executor/platform/default/dso_loader.cc:48] Successfully opened dynamic library libcuda.so.1
2020-09-09 17:09:55.383873: I tensorflow/core/common_runtime/gpu/gpu_device.cc:1716] Found device 0 with properties: 
pciBusID: 0000:1b:00.0 name: Tesla V100-SXM2-32GB computeCapability: 7.0
coreClock: 1.53GHz coreCount: 80 deviceMemorySize: 31.72GiB deviceMemoryBandwidth: 836.37GiB/s
2020-09-09 17:09:55.383974: I tensorflow/stream_executor/platform/default/dso_loader.cc:48] Successfully opened dynamic library libcudart.so.10.1
2020-09-09 17:09:55.386785: I tensorflow/stream_executor/platform/default/dso_loader.cc:48] Successfully opened dynamic library libcublas.so.10
2020-09-09 17:09:55.389427: I tensorflow/stream_executor/platform/default/dso_loader.cc:48] Successfully opened dynamic library libcufft.so.10
2020-09-09 17:09:55.389947: I tensorflow/stream_executor/platform/default/dso_loader.cc:48] Successfully opened dynamic library libcurand.so.10
2020-09-09 17:09:55.392904: I tensorflow/stream_executor/platform/default/dso_loader.cc:48] Successfully opened dynamic library libcusolver.so.10
2020-09-09 17:09:55.395038: I tensorflow/stream_executor/platform/default/dso_loader.cc:48] Successfully opened dynamic library libcusparse.so.10
2020-09-09 17:09:55.401560: I tensorflow/stream_executor/platform/default/dso_loader.cc:48] Successfully opened dynamic library libcudnn.so.7
2020-09-09 17:09:55.423321: I tensorflow/core/common_runtime/gpu/gpu_device.cc:1858] Adding visible gpu devices: 0
2020-09-09 17:09:55.424447: I tensorflow/core/platform/cpu_feature_guard.cc:142] This TensorFlow binary is optimized with oneAPI Deep Neural Network Library (oneDNN)to use the following CPU instructions in performance-critical operations:  AVX2 AVX512F FMA
To enable them in other operations, rebuild TensorFlow with the appropriate compiler flags.
2020-09-09 17:09:55.535244: I tensorflow/core/platform/profile_utils/cpu_utils.cc:104] CPU Frequency: 2300000000 Hz
2020-09-09 17:09:55.541118: I tensorflow/compiler/xla/service/service.cc:168] XLA service 0x4900e80 initialized for platform Host (this does not guarantee that XLA will be used). Devices:
2020-09-09 17:09:55.541160: I tensorflow/compiler/xla/service/service.cc:176]   StreamExecutor device (0): Host, Default Version
2020-09-09 17:09:55.976810: I tensorflow/compiler/xla/service/service.cc:168] XLA service 0x480b9b0 initialized for platform CUDA (this does not guarantee that XLA will be used). Devices:
2020-09-09 17:09:55.976867: I tensorflow/compiler/xla/service/service.cc:176]   StreamExecutor device (0): Tesla V100-SXM2-32GB, Compute Capability 7.0
2020-09-09 17:09:55.980238: I tensorflow/core/common_runtime/gpu/gpu_device.cc:1716] Found device 0 with properties: 
pciBusID: 0000:1b:00.0 name: Tesla V100-SXM2-32GB computeCapability: 7.0
coreClock: 1.53GHz coreCount: 80 deviceMemorySize: 31.72GiB deviceMemoryBandwidth: 836.37GiB/s
2020-09-09 17:09:55.980314: I tensorflow/stream_executor/platform/default/dso_loader.cc:48] Successfully opened dynamic library libcudart.so.10.1
2020-09-09 17:09:55.980353: I tensorflow/stream_executor/platform/default/dso_loader.cc:48] Successfully opened dynamic library libcublas.so.10
2020-09-09 17:09:55.980369: I tensorflow/stream_executor/platform/default/dso_loader.cc:48] Successfully opened dynamic library libcufft.so.10
2020-09-09 17:09:55.980383: I tensorflow/stream_executor/platform/default/dso_loader.cc:48] Successfully opened dynamic library libcurand.so.10
2020-09-09 17:09:55.980398: I tensorflow/stream_executor/platform/default/dso_loader.cc:48] Successfully opened dynamic library libcusolver.so.10
2020-09-09 17:09:55.980412: I tensorflow/stream_executor/platform/default/dso_loader.cc:48] Successfully opened dynamic library libcusparse.so.10
2020-09-09 17:09:55.980426: I tensorflow/stream_executor/platform/default/dso_loader.cc:48] Successfully opened dynamic library libcudnn.so.7
2020-09-09 17:09:55.987042: I tensorflow/core/common_runtime/gpu/gpu_device.cc:1858] Adding visible gpu devices: 0
2020-09-09 17:09:55.987129: I tensorflow/stream_executor/platform/default/dso_loader.cc:48] Successfully opened dynamic library libcudart.so.10.1
2020-09-09 17:09:57.317127: I tensorflow/core/common_runtime/gpu/gpu_device.cc:1257] Device interconnect StreamExecutor with strength 1 edge matrix:
2020-09-09 17:09:57.317189: I tensorflow/core/common_runtime/gpu/gpu_device.cc:1263]      0 
2020-09-09 17:09:57.317201: I tensorflow/core/common_runtime/gpu/gpu_device.cc:1276] 0:   N 
2020-09-09 17:09:57.339185: I tensorflow/core/common_runtime/gpu/gpu_device.cc:1402] Created TensorFlow device (/job:localhost/replica:0/task:0/device:GPU:0 with 30098 MB memory) -> physical GPU (device: 0, name: Tesla V100-SXM2-32GB, pci bus id: 0000:1b:00.0, compute capability: 7.0)
2020-09-09 17:10:02.020803: I tensorflow/stream_executor/platform/default/dso_loader.cc:48] Successfully opened dynamic library libcublas.so.10
2020-09-09 17:10:02.755597: I tensorflow/core/kernels/cuda_solvers.cc:180] Creating CudaSolver handles for stream 0x71e6ad0
2020-09-09 17:10:02.755759: I tensorflow/stream_executor/platform/default/dso_loader.cc:48] Successfully opened dynamic library libcusolver.so.10
2020-09-09 17:10:03.611685: I tensorflow/stream_executor/platform/default/dso_loader.cc:48] Successfully opened dynamic library libcublas.so.10
WARNING:tensorflow:5 out of the last 5 calls to <function Hypersurface.num_FS_volume_form_tf at 0x7f0680714d90> triggered tf.function retracing. Tracing is expensive and the excessive number of tracings could be due to (1) creating @tf.function repeatedly in a loop, (2) passing tensors with different shapes, (3) passing Python objects instead of tensors. For (1), please define your @tf.function outside of the loop. For (2), @tf.function has experimental_relax_shapes=True option that relaxes argument shapes that can avoid unnecessary retracing. For (3), please refer to https://www.tensorflow.org/tutorials/customization/performance#python_or_tensor_args and https://www.tensorflow.org/api_docs/python/tf/function for  more details.
WARNING:tensorflow:6 out of the last 6 calls to <function Hypersurface.num_FS_volume_form_tf at 0x7f068067ba60> triggered tf.function retracing. Tracing is expensive and the excessive number of tracings could be due to (1) creating @tf.function repeatedly in a loop, (2) passing tensors with different shapes, (3) passing Python objects instead of tensors. For (1), please define your @tf.function outside of the loop. For (2), @tf.function has experimental_relax_shapes=True option that relaxes argument shapes that can avoid unnecessary retracing. For (3), please refer to https://www.tensorflow.org/tutorials/customization/performance#python_or_tensor_args and https://www.tensorflow.org/api_docs/python/tf/function for  more details.
WARNING:tensorflow:7 out of the last 7 calls to <function Hypersurface.num_FS_volume_form_tf at 0x7f068e28b730> triggered tf.function retracing. Tracing is expensive and the excessive number of tracings could be due to (1) creating @tf.function repeatedly in a loop, (2) passing tensors with different shapes, (3) passing Python objects instead of tensors. For (1), please define your @tf.function outside of the loop. For (2), @tf.function has experimental_relax_shapes=True option that relaxes argument shapes that can avoid unnecessary retracing. For (3), please refer to https://www.tensorflow.org/tutorials/customization/performance#python_or_tensor_args and https://www.tensorflow.org/api_docs/python/tf/function for  more details.
WARNING:tensorflow:8 out of the last 8 calls to <function Hypersurface.num_FS_volume_form_tf at 0x7f068e297840> triggered tf.function retracing. Tracing is expensive and the excessive number of tracings could be due to (1) creating @tf.function repeatedly in a loop, (2) passing tensors with different shapes, (3) passing Python objects instead of tensors. For (1), please define your @tf.function outside of the loop. For (2), @tf.function has experimental_relax_shapes=True option that relaxes argument shapes that can avoid unnecessary retracing. For (3), please refer to https://www.tensorflow.org/tutorials/customization/performance#python_or_tensor_args and https://www.tensorflow.org/api_docs/python/tf/function for  more details.
WARNING:tensorflow:9 out of the last 9 calls to <function Hypersurface.num_FS_volume_form_tf at 0x7f068e277268> triggered tf.function retracing. Tracing is expensive and the excessive number of tracings could be due to (1) creating @tf.function repeatedly in a loop, (2) passing tensors with different shapes, (3) passing Python objects instead of tensors. For (1), please define your @tf.function outside of the loop. For (2), @tf.function has experimental_relax_shapes=True option that relaxes argument shapes that can avoid unnecessary retracing. For (3), please refer to https://www.tensorflow.org/tutorials/customization/performance#python_or_tensor_args and https://www.tensorflow.org/api_docs/python/tf/function for  more details.
WARNING:tensorflow:10 out of the last 10 calls to <function Hypersurface.num_FS_volume_form_tf at 0x7f06806dd8c8> triggered tf.function retracing. Tracing is expensive and the excessive number of tracings could be due to (1) creating @tf.function repeatedly in a loop, (2) passing tensors with different shapes, (3) passing Python objects instead of tensors. For (1), please define your @tf.function outside of the loop. For (2), @tf.function has experimental_relax_shapes=True option that relaxes argument shapes that can avoid unnecessary retracing. For (3), please refer to https://www.tensorflow.org/tutorials/customization/performance#python_or_tensor_args and https://www.tensorflow.org/api_docs/python/tf/function for  more details.
WARNING:tensorflow:11 out of the last 11 calls to <function Hypersurface.num_FS_volume_form_tf at 0x7f068e2977b8> triggered tf.function retracing. Tracing is expensive and the excessive number of tracings could be due to (1) creating @tf.function repeatedly in a loop, (2) passing tensors with different shapes, (3) passing Python objects instead of tensors. For (1), please define your @tf.function outside of the loop. For (2), @tf.function has experimental_relax_shapes=True option that relaxes argument shapes that can avoid unnecessary retracing. For (3), please refer to https://www.tensorflow.org/tutorials/customization/performance#python_or_tensor_args and https://www.tensorflow.org/api_docs/python/tf/function for  more details.
WARNING:tensorflow:11 out of the last 11 calls to <function Hypersurface.num_FS_volume_form_tf at 0x7f06806d5d08> triggered tf.function retracing. Tracing is expensive and the excessive number of tracings could be due to (1) creating @tf.function repeatedly in a loop, (2) passing tensors with different shapes, (3) passing Python objects instead of tensors. For (1), please define your @tf.function outside of the loop. For (2), @tf.function has experimental_relax_shapes=True option that relaxes argument shapes that can avoid unnecessary retracing. For (3), please refer to https://www.tensorflow.org/tutorials/customization/performance#python_or_tensor_args and https://www.tensorflow.org/api_docs/python/tf/function for  more details.
WARNING:tensorflow:11 out of the last 11 calls to <function Hypersurface.num_FS_volume_form_tf at 0x7f0680235400> triggered tf.function retracing. Tracing is expensive and the excessive number of tracings could be due to (1) creating @tf.function repeatedly in a loop, (2) passing tensors with different shapes, (3) passing Python objects instead of tensors. For (1), please define your @tf.function outside of the loop. For (2), @tf.function has experimental_relax_shapes=True option that relaxes argument shapes that can avoid unnecessary retracing. For (3), please refer to https://www.tensorflow.org/tutorials/customization/performance#python_or_tensor_args and https://www.tensorflow.org/api_docs/python/tf/function for  more details.
WARNING:tensorflow:11 out of the last 11 calls to <function Hypersurface.num_FS_volume_form_tf at 0x7f0680262a60> triggered tf.function retracing. Tracing is expensive and the excessive number of tracings could be due to (1) creating @tf.function repeatedly in a loop, (2) passing tensors with different shapes, (3) passing Python objects instead of tensors. For (1), please define your @tf.function outside of the loop. For (2), @tf.function has experimental_relax_shapes=True option that relaxes argument shapes that can avoid unnecessary retracing. For (3), please refer to https://www.tensorflow.org/tutorials/customization/performance#python_or_tensor_args and https://www.tensorflow.org/api_docs/python/tf/function for  more details.
WARNING:tensorflow:11 out of the last 11 calls to <function Hypersurface.num_FS_volume_form_tf at 0x7f068028d268> triggered tf.function retracing. Tracing is expensive and the excessive number of tracings could be due to (1) creating @tf.function repeatedly in a loop, (2) passing tensors with different shapes, (3) passing Python objects instead of tensors. For (1), please define your @tf.function outside of the loop. For (2), @tf.function has experimental_relax_shapes=True option that relaxes argument shapes that can avoid unnecessary retracing. For (3), please refer to https://www.tensorflow.org/tutorials/customization/performance#python_or_tensor_args and https://www.tensorflow.org/api_docs/python/tf/function for  more details.
WARNING:tensorflow:11 out of the last 11 calls to <function Hypersurface.num_FS_volume_form_tf at 0x7f0680235d08> triggered tf.function retracing. Tracing is expensive and the excessive number of tracings could be due to (1) creating @tf.function repeatedly in a loop, (2) passing tensors with different shapes, (3) passing Python objects instead of tensors. For (1), please define your @tf.function outside of the loop. For (2), @tf.function has experimental_relax_shapes=True option that relaxes argument shapes that can avoid unnecessary retracing. For (3), please refer to https://www.tensorflow.org/tutorials/customization/performance#python_or_tensor_args and https://www.tensorflow.org/api_docs/python/tf/function for  more details.
WARNING:tensorflow:11 out of the last 11 calls to <function Hypersurface.num_FS_volume_form_tf at 0x7f0680235bf8> triggered tf.function retracing. Tracing is expensive and the excessive number of tracings could be due to (1) creating @tf.function repeatedly in a loop, (2) passing tensors with different shapes, (3) passing Python objects instead of tensors. For (1), please define your @tf.function outside of the loop. For (2), @tf.function has experimental_relax_shapes=True option that relaxes argument shapes that can avoid unnecessary retracing. For (3), please refer to https://www.tensorflow.org/tutorials/customization/performance#python_or_tensor_args and https://www.tensorflow.org/api_docs/python/tf/function for  more details.
WARNING:tensorflow:11 out of the last 11 calls to <function Hypersurface.num_FS_volume_form_tf at 0x7f0680235488> triggered tf.function retracing. Tracing is expensive and the excessive number of tracings could be due to (1) creating @tf.function repeatedly in a loop, (2) passing tensors with different shapes, (3) passing Python objects instead of tensors. For (1), please define your @tf.function outside of the loop. For (2), @tf.function has experimental_relax_shapes=True option that relaxes argument shapes that can avoid unnecessary retracing. For (3), please refer to https://www.tensorflow.org/tutorials/customization/performance#python_or_tensor_args and https://www.tensorflow.org/api_docs/python/tf/function for  more details.
WARNING:tensorflow:11 out of the last 11 calls to <function Hypersurface.num_FS_volume_form_tf at 0x7f0680217c80> triggered tf.function retracing. Tracing is expensive and the excessive number of tracings could be due to (1) creating @tf.function repeatedly in a loop, (2) passing tensors with different shapes, (3) passing Python objects instead of tensors. For (1), please define your @tf.function outside of the loop. For (2), @tf.function has experimental_relax_shapes=True option that relaxes argument shapes that can avoid unnecessary retracing. For (3), please refer to https://www.tensorflow.org/tutorials/customization/performance#python_or_tensor_args and https://www.tensorflow.org/api_docs/python/tf/function for  more details.
WARNING:tensorflow:11 out of the last 11 calls to <function Hypersurface.num_FS_volume_form_tf at 0x7f0680211ea0> triggered tf.function retracing. Tracing is expensive and the excessive number of tracings could be due to (1) creating @tf.function repeatedly in a loop, (2) passing tensors with different shapes, (3) passing Python objects instead of tensors. For (1), please define your @tf.function outside of the loop. For (2), @tf.function has experimental_relax_shapes=True option that relaxes argument shapes that can avoid unnecessary retracing. For (3), please refer to https://www.tensorflow.org/tutorials/customization/performance#python_or_tensor_args and https://www.tensorflow.org/api_docs/python/tf/function for  more details.
WARNING:tensorflow:11 out of the last 11 calls to <function Hypersurface.num_FS_volume_form_tf at 0x7f0680211b70> triggered tf.function retracing. Tracing is expensive and the excessive number of tracings could be due to (1) creating @tf.function repeatedly in a loop, (2) passing tensors with different shapes, (3) passing Python objects instead of tensors. For (1), please define your @tf.function outside of the loop. For (2), @tf.function has experimental_relax_shapes=True option that relaxes argument shapes that can avoid unnecessary retracing. For (3), please refer to https://www.tensorflow.org/tutorials/customization/performance#python_or_tensor_args and https://www.tensorflow.org/api_docs/python/tf/function for  more details.
WARNING:tensorflow:11 out of the last 11 calls to <function Hypersurface.num_FS_volume_form_tf at 0x7f068020ed90> triggered tf.function retracing. Tracing is expensive and the excessive number of tracings could be due to (1) creating @tf.function repeatedly in a loop, (2) passing tensors with different shapes, (3) passing Python objects instead of tensors. For (1), please define your @tf.function outside of the loop. For (2), @tf.function has experimental_relax_shapes=True option that relaxes argument shapes that can avoid unnecessary retracing. For (3), please refer to https://www.tensorflow.org/tutorials/customization/performance#python_or_tensor_args and https://www.tensorflow.org/api_docs/python/tf/function for  more details.
WARNING:tensorflow:11 out of the last 11 calls to <function Hypersurface.num_FS_volume_form_tf at 0x7f068020e6a8> triggered tf.function retracing. Tracing is expensive and the excessive number of tracings could be due to (1) creating @tf.function repeatedly in a loop, (2) passing tensors with different shapes, (3) passing Python objects instead of tensors. For (1), please define your @tf.function outside of the loop. For (2), @tf.function has experimental_relax_shapes=True option that relaxes argument shapes that can avoid unnecessary retracing. For (3), please refer to https://www.tensorflow.org/tutorials/customization/performance#python_or_tensor_args and https://www.tensorflow.org/api_docs/python/tf/function for  more details.
WARNING:tensorflow:11 out of the last 11 calls to <function Hypersurface.num_FS_volume_form_tf at 0x7f068020ec80> triggered tf.function retracing. Tracing is expensive and the excessive number of tracings could be due to (1) creating @tf.function repeatedly in a loop, (2) passing tensors with different shapes, (3) passing Python objects instead of tensors. For (1), please define your @tf.function outside of the loop. For (2), @tf.function has experimental_relax_shapes=True option that relaxes argument shapes that can avoid unnecessary retracing. For (3), please refer to https://www.tensorflow.org/tutorials/customization/performance#python_or_tensor_args and https://www.tensorflow.org/api_docs/python/tf/function for  more details.
WARNING:tensorflow:11 out of the last 11 calls to <function Hypersurface.num_FS_volume_form_tf at 0x7f0680415378> triggered tf.function retracing. Tracing is expensive and the excessive number of tracings could be due to (1) creating @tf.function repeatedly in a loop, (2) passing tensors with different shapes, (3) passing Python objects instead of tensors. For (1), please define your @tf.function outside of the loop. For (2), @tf.function has experimental_relax_shapes=True option that relaxes argument shapes that can avoid unnecessary retracing. For (3), please refer to https://www.tensorflow.org/tutorials/customization/performance#python_or_tensor_args and https://www.tensorflow.org/api_docs/python/tf/function for  more details.
WARNING:tensorflow:11 out of the last 11 calls to <function Hypersurface.num_FS_volume_form_tf at 0x7f06804158c8> triggered tf.function retracing. Tracing is expensive and the excessive number of tracings could be due to (1) creating @tf.function repeatedly in a loop, (2) passing tensors with different shapes, (3) passing Python objects instead of tensors. For (1), please define your @tf.function outside of the loop. For (2), @tf.function has experimental_relax_shapes=True option that relaxes argument shapes that can avoid unnecessary retracing. For (3), please refer to https://www.tensorflow.org/tutorials/customization/performance#python_or_tensor_args and https://www.tensorflow.org/api_docs/python/tf/function for  more details.
WARNING:tensorflow:11 out of the last 11 calls to <function Hypersurface.num_FS_volume_form_tf at 0x7f06802c79d8> triggered tf.function retracing. Tracing is expensive and the excessive number of tracings could be due to (1) creating @tf.function repeatedly in a loop, (2) passing tensors with different shapes, (3) passing Python objects instead of tensors. For (1), please define your @tf.function outside of the loop. For (2), @tf.function has experimental_relax_shapes=True option that relaxes argument shapes that can avoid unnecessary retracing. For (3), please refer to https://www.tensorflow.org/tutorials/customization/performance#python_or_tensor_args and https://www.tensorflow.org/api_docs/python/tf/function for  more details.
WARNING:tensorflow:11 out of the last 11 calls to <function Hypersurface.num_FS_volume_form_tf at 0x7f06802c6f28> triggered tf.function retracing. Tracing is expensive and the excessive number of tracings could be due to (1) creating @tf.function repeatedly in a loop, (2) passing tensors with different shapes, (3) passing Python objects instead of tensors. For (1), please define your @tf.function outside of the loop. For (2), @tf.function has experimental_relax_shapes=True option that relaxes argument shapes that can avoid unnecessary retracing. For (3), please refer to https://www.tensorflow.org/tutorials/customization/performance#python_or_tensor_args and https://www.tensorflow.org/api_docs/python/tf/function for  more details.
WARNING:tensorflow:11 out of the last 11 calls to <function Hypersurface.num_FS_volume_form_tf at 0x7f06802c6ea0> triggered tf.function retracing. Tracing is expensive and the excessive number of tracings could be due to (1) creating @tf.function repeatedly in a loop, (2) passing tensors with different shapes, (3) passing Python objects instead of tensors. For (1), please define your @tf.function outside of the loop. For (2), @tf.function has experimental_relax_shapes=True option that relaxes argument shapes that can avoid unnecessary retracing. For (3), please refer to https://www.tensorflow.org/tutorials/customization/performance#python_or_tensor_args and https://www.tensorflow.org/api_docs/python/tf/function for  more details.
WARNING:tensorflow:11 out of the last 11 calls to <function Hypersurface.num_FS_volume_form_tf at 0x7f068003cd90> triggered tf.function retracing. Tracing is expensive and the excessive number of tracings could be due to (1) creating @tf.function repeatedly in a loop, (2) passing tensors with different shapes, (3) passing Python objects instead of tensors. For (1), please define your @tf.function outside of the loop. For (2), @tf.function has experimental_relax_shapes=True option that relaxes argument shapes that can avoid unnecessary retracing. For (3), please refer to https://www.tensorflow.org/tutorials/customization/performance#python_or_tensor_args and https://www.tensorflow.org/api_docs/python/tf/function for  more details.
WARNING:tensorflow:11 out of the last 11 calls to <function Hypersurface.num_FS_volume_form_tf at 0x7f068003ca60> triggered tf.function retracing. Tracing is expensive and the excessive number of tracings could be due to (1) creating @tf.function repeatedly in a loop, (2) passing tensors with different shapes, (3) passing Python objects instead of tensors. For (1), please define your @tf.function outside of the loop. For (2), @tf.function has experimental_relax_shapes=True option that relaxes argument shapes that can avoid unnecessary retracing. For (3), please refer to https://www.tensorflow.org/tutorials/customization/performance#python_or_tensor_args and https://www.tensorflow.org/api_docs/python/tf/function for  more details.
WARNING:tensorflow:11 out of the last 11 calls to <function Hypersurface.num_FS_volume_form_tf at 0x7f068003c730> triggered tf.function retracing. Tracing is expensive and the excessive number of tracings could be due to (1) creating @tf.function repeatedly in a loop, (2) passing tensors with different shapes, (3) passing Python objects instead of tensors. For (1), please define your @tf.function outside of the loop. For (2), @tf.function has experimental_relax_shapes=True option that relaxes argument shapes that can avoid unnecessary retracing. For (3), please refer to https://www.tensorflow.org/tutorials/customization/performance#python_or_tensor_args and https://www.tensorflow.org/api_docs/python/tf/function for  more details.
WARNING:tensorflow:11 out of the last 11 calls to <function Hypersurface.num_FS_volume_form_tf at 0x7f06800861e0> triggered tf.function retracing. Tracing is expensive and the excessive number of tracings could be due to (1) creating @tf.function repeatedly in a loop, (2) passing tensors with different shapes, (3) passing Python objects instead of tensors. For (1), please define your @tf.function outside of the loop. For (2), @tf.function has experimental_relax_shapes=True option that relaxes argument shapes that can avoid unnecessary retracing. For (3), please refer to https://www.tensorflow.org/tutorials/customization/performance#python_or_tensor_args and https://www.tensorflow.org/api_docs/python/tf/function for  more details.
WARNING:tensorflow:11 out of the last 11 calls to <function Hypersurface.num_FS_volume_form_tf at 0x7f06800866a8> triggered tf.function retracing. Tracing is expensive and the excessive number of tracings could be due to (1) creating @tf.function repeatedly in a loop, (2) passing tensors with different shapes, (3) passing Python objects instead of tensors. For (1), please define your @tf.function outside of the loop. For (2), @tf.function has experimental_relax_shapes=True option that relaxes argument shapes that can avoid unnecessary retracing. For (3), please refer to https://www.tensorflow.org/tutorials/customization/performance#python_or_tensor_args and https://www.tensorflow.org/api_docs/python/tf/function for  more details.
WARNING:tensorflow:11 out of the last 11 calls to <function Hypersurface.num_FS_volume_form_tf at 0x7f0680086620> triggered tf.function retracing. Tracing is expensive and the excessive number of tracings could be due to (1) creating @tf.function repeatedly in a loop, (2) passing tensors with different shapes, (3) passing Python objects instead of tensors. For (1), please define your @tf.function outside of the loop. For (2), @tf.function has experimental_relax_shapes=True option that relaxes argument shapes that can avoid unnecessary retracing. For (3), please refer to https://www.tensorflow.org/tutorials/customization/performance#python_or_tensor_args and https://www.tensorflow.org/api_docs/python/tf/function for  more details.
WARNING:tensorflow:11 out of the last 11 calls to <function Hypersurface.num_FS_volume_form_tf at 0x7f06804679d8> triggered tf.function retracing. Tracing is expensive and the excessive number of tracings could be due to (1) creating @tf.function repeatedly in a loop, (2) passing tensors with different shapes, (3) passing Python objects instead of tensors. For (1), please define your @tf.function outside of the loop. For (2), @tf.function has experimental_relax_shapes=True option that relaxes argument shapes that can avoid unnecessary retracing. For (3), please refer to https://www.tensorflow.org/tutorials/customization/performance#python_or_tensor_args and https://www.tensorflow.org/api_docs/python/tf/function for  more details.
WARNING:tensorflow:11 out of the last 11 calls to <function Hypersurface.num_FS_volume_form_tf at 0x7f0680467950> triggered tf.function retracing. Tracing is expensive and the excessive number of tracings could be due to (1) creating @tf.function repeatedly in a loop, (2) passing tensors with different shapes, (3) passing Python objects instead of tensors. For (1), please define your @tf.function outside of the loop. For (2), @tf.function has experimental_relax_shapes=True option that relaxes argument shapes that can avoid unnecessary retracing. For (3), please refer to https://www.tensorflow.org/tutorials/customization/performance#python_or_tensor_args and https://www.tensorflow.org/api_docs/python/tf/function for  more details.
WARNING:tensorflow:11 out of the last 11 calls to <function Hypersurface.num_FS_volume_form_tf at 0x7f0680467bf8> triggered tf.function retracing. Tracing is expensive and the excessive number of tracings could be due to (1) creating @tf.function repeatedly in a loop, (2) passing tensors with different shapes, (3) passing Python objects instead of tensors. For (1), please define your @tf.function outside of the loop. For (2), @tf.function has experimental_relax_shapes=True option that relaxes argument shapes that can avoid unnecessary retracing. For (3), please refer to https://www.tensorflow.org/tutorials/customization/performance#python_or_tensor_args and https://www.tensorflow.org/api_docs/python/tf/function for  more details.
WARNING:tensorflow:11 out of the last 11 calls to <function Hypersurface.num_FS_volume_form_tf at 0x7f062c6b29d8> triggered tf.function retracing. Tracing is expensive and the excessive number of tracings could be due to (1) creating @tf.function repeatedly in a loop, (2) passing tensors with different shapes, (3) passing Python objects instead of tensors. For (1), please define your @tf.function outside of the loop. For (2), @tf.function has experimental_relax_shapes=True option that relaxes argument shapes that can avoid unnecessary retracing. For (3), please refer to https://www.tensorflow.org/tutorials/customization/performance#python_or_tensor_args and https://www.tensorflow.org/api_docs/python/tf/function for  more details.
WARNING:tensorflow:11 out of the last 11 calls to <function Hypersurface.num_FS_volume_form_tf at 0x7f062c6cd8c8> triggered tf.function retracing. Tracing is expensive and the excessive number of tracings could be due to (1) creating @tf.function repeatedly in a loop, (2) passing tensors with different shapes, (3) passing Python objects instead of tensors. For (1), please define your @tf.function outside of the loop. For (2), @tf.function has experimental_relax_shapes=True option that relaxes argument shapes that can avoid unnecessary retracing. For (3), please refer to https://www.tensorflow.org/tutorials/customization/performance#python_or_tensor_args and https://www.tensorflow.org/api_docs/python/tf/function for  more details.
train_loss: 0.49493617
test_loss: 0.4936826
train_loss: 0.49616224
test_loss: 0.49053037
train_loss: 0.4933016
test_loss: 0.4904282
train_loss: 0.49293423
test_loss: 0.4903624
train_loss: 0.48413074
test_loss: 0.49029705
train_loss: 0.48731148
test_loss: 0.49019715
train_loss: 0.49255854
test_loss: 0.4900842
train_loss: 0.4941088
test_loss: 0.48998532
train_loss: 0.49374965
test_loss: 0.48986733
train_loss: 0.48641592
test_loss: 0.48975506
train_loss: 0.48721677
test_loss: 0.48962077
train_loss: 0.48966372
test_loss: 0.48946607
train_loss: 0.48913586
test_loss: 0.48931843
train_loss: 0.48951292
test_loss: 0.48915637
train_loss: 0.49215013
test_loss: 0.48898482
train_loss: 0.49262488
test_loss: 0.4888168
train_loss: 0.48980165
test_loss: 0.48864657
train_loss: 0.48969632
test_loss: 0.48845485
train_loss: 0.48660508
test_loss: 0.48826623
train_loss: 0.48893356
test_loss: 0.4880343
train_loss: 0.4887678
test_loss: 0.48784283
train_loss: 0.49232054
test_loss: 0.48762494
train_loss: 0.48236567
test_loss: 0.48740202
train_loss: 0.48468226
test_loss: 0.48715255
train_loss: 0.48536688
test_loss: 0.48688275
train_loss: 0.4884858
test_loss: 0.48663017
train_loss: 0.48588732
test_loss: 0.4863742
train_loss: 0.48736975
test_loss: 0.4861156
train_loss: 0.4831004
test_loss: 0.4858252
train_loss: 0.4822036
test_loss: 0.48552808
train_loss: 0.48209843
test_loss: 0.48522773
train_loss: 0.48802364
test_loss: 0.48492718
train_loss: 0.489133
test_loss: 0.48461604
train_loss: 0.49315763
test_loss: 0.48428774
train_loss: 0.4860503
test_loss: 0.483932
train_loss: 0.49119556
test_loss: 0.48358035
train_loss: 0.48364812
test_loss: 0.4832369
train_loss: 0.4829588
test_loss: 0.4828686
train_loss: 0.47897303
test_loss: 0.4824947
train_loss: 0.47630665
test_loss: 0.48209426
train_loss: 0.48569095
test_loss: 0.48169455
train_loss: 0.47657222
test_loss: 0.48129228
train_loss: 0.48261255
test_loss: 0.48086584
train_loss: 0.48717666
test_loss: 0.48041266
train_loss: 0.48137432
test_loss: 0.47998187
train_loss: 0.47777283
test_loss: 0.47950968
train_loss: 0.4803136
test_loss: 0.4790481
train_loss: 0.48104382
test_loss: 0.47855127
train_loss: 0.48320848
test_loss: 0.47806075
train_loss: 0.47095957
test_loss: 0.4775479
train_loss: 0.48147538
test_loss: 0.47704205
train_loss: 0.47538394
test_loss: 0.4764993
train_loss: 0.47799438
test_loss: 0.4759403
train_loss: 0.4702412
test_loss: 0.4753896
train_loss: 0.47871986
test_loss: 0.4747991
train_loss: 0.47188878
test_loss: 0.47421193
train_loss: 0.47036994
test_loss: 0.47360814
train_loss: 0.4827723
test_loss: 0.47299516
train_loss: 0.47714406
test_loss: 0.4723357
train_loss: 0.46775234
test_loss: 0.47169626
train_loss: 0.4735529
test_loss: 0.47103518
train_loss: 0.47229674
test_loss: 0.4703402
train_loss: 0.47191605
test_loss: 0.46964055
train_loss: 0.47821027
test_loss: 0.46891788
train_loss: 0.46932328
test_loss: 0.4681816
train_loss: 0.46724993
test_loss: 0.46744242
train_loss: 0.4707312
test_loss: 0.46666577
train_loss: 0.46577957
test_loss: 0.4658699
train_loss: 0.46584395
test_loss: 0.4650632
train_loss: 0.47097984
test_loss: 0.4642482
train_loss: 0.46945724
test_loss: 0.4633753
train_loss: 0.47016695
test_loss: 0.4625191
train_loss: 0.4579518
test_loss: 0.46164274
train_loss: 0.46627963
test_loss: 0.4607411
train_loss: 0.46012366
test_loss: 0.45981324
train_loss: 0.45843005
test_loss: 0.45887294
train_loss: 0.46767452
test_loss: 0.45790216
train_loss: 0.45856547
test_loss: 0.4569115
train_loss: 0.45503604
test_loss: 0.4559016
train_loss: 0.4514881
test_loss: 0.45485944
train_loss: 0.45372018
test_loss: 0.45381078
train_loss: 0.45748216
test_loss: 0.45271933
train_loss: 0.4567492
test_loss: 0.4516173
train_loss: 0.449191
test_loss: 0.45047936
train_loss: 0.45207235
test_loss: 0.4493386
train_loss: 0.4470061
test_loss: 0.44816053
train_loss: 0.44407436
test_loss: 0.44697124
train_loss: 0.4465993
test_loss: 0.44572634
train_loss: 0.4452538
test_loss: 0.44447613
train_loss: 0.44455364
test_loss: 0.44319353
train_loss: 0.44235057
test_loss: 0.4418802
train_loss: 0.43422452
test_loss: 0.4405402
train_loss: 0.44153765
test_loss: 0.43918917
train_loss: 0.4425976
test_loss: 0.4377885
train_loss: 0.43928283
test_loss: 0.43636438
train_loss: 0.434225
test_loss: 0.4349203
train_loss: 0.43710262
test_loss: 0.43345425
train_loss: 0.43274608
test_loss: 0.43194646
train_loss: 0.43645662
test_loss: 0.43038854
train_loss: 0.42391527
test_loss: 0.42882955
train_loss: 0.42584097
test_loss: 0.4272485
train_loss: 0.42848745
test_loss: 0.42560747
train_loss: 0.42237943
test_loss: 0.42394373
train_loss: 0.4235546
test_loss: 0.4222424
train_loss: 0.4183417
test_loss: 0.4204999
train_loss: 0.42573035
test_loss: 0.41875783
train_loss: 0.42115426
test_loss: 0.41694885
train_loss: 0.41922003
test_loss: 0.41513246
train_loss: 0.41265842
test_loss: 0.41326353
train_loss: 0.41452003
test_loss: 0.41138706
train_loss: 0.4084116
test_loss: 0.40945324
train_loss: 0.40958166
test_loss: 0.407481
train_loss: 0.40282255
test_loss: 0.4054916
train_loss: 0.39920253
test_loss: 0.40344182
train_loss: 0.40212408
test_loss: 0.4013791
train_loss: 0.39266
test_loss: 0.39927208
train_loss: 0.39579442
test_loss: 0.39711788
train_loss: 0.39190567
test_loss: 0.39492813
train_loss: 0.39196375
test_loss: 0.39271525
train_loss: 0.394939
test_loss: 0.3904619
train_loss: 0.3840672
test_loss: 0.3881561
train_loss: 0.3858995
test_loss: 0.3858345
train_loss: 0.38043702
test_loss: 0.38345045
train_loss: 0.3780309
test_loss: 0.38104254
train_loss: 0.37904292
test_loss: 0.37859756
train_loss: 0.3749966
test_loss: 0.37609795
train_loss: 0.37449706
test_loss: 0.37357706
train_loss: 0.36841363
test_loss: 0.3710102
train_loss: 0.37376052
test_loss: 0.36841026
train_loss: 0.3660892
test_loss: 0.36576378
train_loss: 0.36182836
test_loss: 0.36307877
train_loss: 0.36464816
test_loss: 0.36034122
train_loss: 0.35480455
test_loss: 0.35757524
train_loss: 0.3540589
test_loss: 0.35478017
train_loss: 0.35734493
test_loss: 0.35192525
train_loss: 0.35286683
test_loss: 0.3490364
train_loss: 0.3528465
test_loss: 0.34610656
train_loss: 0.34551996
test_loss: 0.34313983
train_loss: 0.34016198
test_loss: 0.34011868
train_loss: 0.33616924
test_loss: 0.3370647
train_loss: 0.337576
test_loss: 0.33395734
train_loss: 0.33180454
test_loss: 0.33080503
train_loss: 0.3287601
test_loss: 0.32762697
train_loss: 0.32083094
test_loss: 0.32439807
train_loss: 0.32312387
test_loss: 0.32112798
train_loss: 0.3214787
test_loss: 0.31779787
train_loss: 0.31663862
test_loss: 0.31444666
train_loss: 0.31223434
test_loss: 0.3110464
train_loss: 0.30743158
test_loss: 0.30759853
train_loss: 0.30233306
test_loss: 0.3041066
train_loss: 0.30540246
test_loss: 0.30057392
train_loss: 0.30098745
test_loss: 0.29698762
train_loss: 0.2934424
test_loss: 0.29335293
train_loss: 0.2905826
test_loss: 0.2896804
train_loss: 0.28545025
test_loss: 0.28595304
train_loss: 0.28272024
test_loss: 0.2821708
train_loss: 0.27752143
test_loss: 0.27836254
train_loss: 0.2765602
test_loss: 0.27448463
train_loss: 0.2707565
test_loss: 0.2705745
train_loss: 0.26754025
test_loss: 0.2666087
train_loss: 0.26692033
test_loss: 0.26259634
train_loss: 0.25993025
test_loss: 0.25852072
train_loss: 0.25213408
test_loss: 0.25439757
train_loss: 0.25039428
test_loss: 0.25023076
train_loss: 0.24668553
test_loss: 0.24600038
train_loss: 0.24305837
test_loss: 0.24172272
train_loss: 0.23783165
test_loss: 0.23740017
train_loss: 0.23196763
test_loss: 0.23301482
train_loss: 0.2303516
test_loss: 0.2285727
train_loss: 0.22538096
test_loss: 0.22407997
train_loss: 0.2196703
test_loss: 0.21953838
train_loss: 0.21637036
test_loss: 0.2149538
train_loss: 0.21251518
test_loss: 0.21032095
train_loss: 0.20554417
test_loss: 0.20563467
train_loss: 0.20205069
test_loss: 0.2009182
train_loss: 0.19490075
test_loss: 0.19615062
train_loss: 0.1925966
test_loss: 0.19135115
train_loss: 0.18740416
test_loss: 0.1865069
train_loss: 0.18194973
test_loss: 0.18162462
train_loss: 0.17947233
test_loss: 0.17669812
train_loss: 0.17167787
test_loss: 0.17171343
train_loss: 0.16865352
test_loss: 0.16669649
train_loss: 0.16311091
test_loss: 0.16160217
train_loss: 0.15677328
test_loss: 0.15644586
train_loss: 0.15226898
test_loss: 0.15119039
train_loss: 0.14605731
test_loss: 0.14581767
train_loss: 0.14158338
test_loss: 0.14033881
train_loss: 0.13568065
test_loss: 0.13474205
train_loss: 0.13087583
test_loss: 0.12905787
train_loss: 0.12218421
test_loss: 0.12331782
train_loss: 0.11663273
test_loss: 0.117574185
train_loss: 0.113969475
test_loss: 0.111863196
train_loss: 0.10709813
test_loss: 0.106276475
train_loss: 0.101224154
test_loss: 0.10088251
train_loss: 0.09514596
test_loss: 0.095769905
train_loss: 0.09145859
test_loss: 0.09101131
train_loss: 0.08577466
test_loss: 0.08663948
train_loss: 0.081790596
test_loss: 0.08270524
train_loss: 0.07947983
test_loss: 0.07919192
train_loss: 0.07680269
test_loss: 0.07608737
train_loss: 0.07240954
test_loss: 0.07335572
train_loss: 0.07075219
test_loss: 0.07096011
train_loss: 0.068990365
test_loss: 0.0688672
train_loss: 0.067342356
test_loss: 0.06703634
train_loss: 0.06600922
test_loss: 0.06543213
train_loss: 0.06459353
test_loss: 0.06401939
train_loss: 0.06291877
test_loss: 0.062771104
train_loss: 0.06121608
test_loss: 0.06166643
train_loss: 0.060193636
test_loss: 0.060687803
train_loss: 0.05947233
test_loss: 0.0598129
train_loss: 0.05991378
test_loss: 0.05903522
train_loss: 0.058694143
test_loss: 0.058334276
train_loss: 0.057819
test_loss: 0.057703413
train_loss: 0.057053365
test_loss: 0.05712789
train_loss: 0.05681692
test_loss: 0.056604803
train_loss: 0.057082836
test_loss: 0.056123603
train_loss: 0.05532208
test_loss: 0.055686176
train_loss: 0.055549227
test_loss: 0.05527699
train_loss: 0.05428167
test_loss: 0.054899532
train_loss: 0.055033814
test_loss: 0.054550886
train_loss: 0.054553445
test_loss: 0.05422183
train_loss: 0.05382146
test_loss: 0.053914357
train_loss: 0.053554855
test_loss: 0.053616337
train_loss: 0.052767906
test_loss: 0.053338032
train_loss: 0.052430823
test_loss: 0.053070337
train_loss: 0.052992515
test_loss: 0.052812137
train_loss: 0.052368253
test_loss: 0.05256263
train_loss: 0.05281151
test_loss: 0.052320518
train_loss: 0.05280234
test_loss: 0.05208751
train_loss: 0.05135905
test_loss: 0.051858757
train_loss: 0.05176893
test_loss: 0.05163321
train_loss: 0.0507639
test_loss: 0.05141381
train_loss: 0.05153373
test_loss: 0.051194686
train_loss: 0.050602496
test_loss: 0.050963316
train_loss: 0.0506884
test_loss: 0.050746523
train_loss: 0.05043484
test_loss: 0.050527472
train_loss: 0.050153676
test_loss: 0.050309066
train_loss: 0.05006503
test_loss: 0.050085828
train_loss: 0.05006415
test_loss: 0.049852
train_loss: 0.04922521
test_loss: 0.049621418
train_loss: 0.049264036
test_loss: 0.0493938
train_loss: 0.049830426
test_loss: 0.049143713
train_loss: 0.049293447
test_loss: 0.04890784
train_loss: 0.048649132
test_loss: 0.0486438
train_loss: 0.04869391
test_loss: 0.048394937
train_loss: 0.04784125
test_loss: 0.04812283
train_loss: 0.047691226
test_loss: 0.04784303
train_loss: 0.04754903
test_loss: 0.047565985
train_loss: 0.046499148
test_loss: 0.047277775
train_loss: 0.047240835
test_loss: 0.046964083
train_loss: 0.046170875
test_loss: 0.046658922
train_loss: 0.046613663
test_loss: 0.04634858
train_loss: 0.04554803
test_loss: 0.046014495
train_loss: 0.045540284
test_loss: 0.04566325
train_loss: 0.045051895
test_loss: 0.045300543
train_loss: 0.045294557
test_loss: 0.04493224
train_loss: 0.045250487
test_loss: 0.04456812
train_loss: 0.04439882
test_loss: 0.04417803
train_loss: 0.04433666
test_loss: 0.043767292
train_loss: 0.043137833
test_loss: 0.043352075
train_loss: 0.043483686
test_loss: 0.04291797
train_loss: 0.042195942
test_loss: 0.042472795
train_loss: 0.042099543
test_loss: 0.042018477
train_loss: 0.04136426
test_loss: 0.041529834
train_loss: 0.040444117
test_loss: 0.041039698
train_loss: 0.040960323
test_loss: 0.04053056
train_loss: 0.039457727
test_loss: 0.04001307
train_loss: 0.039441474
test_loss: 0.039469756
train_loss: 0.03891832
test_loss: 0.03889725
train_loss: 0.038161203
test_loss: 0.038324893
train_loss: 0.03758443
test_loss: 0.037731353
train_loss: 0.037190005
test_loss: 0.03711725
train_loss: 0.03649562
test_loss: 0.036508724
train_loss: 0.03583786
test_loss: 0.035865255
train_loss: 0.035114918
test_loss: 0.035222583
train_loss: 0.03447394
test_loss: 0.034563933
train_loss: 0.033933558
test_loss: 0.033901494
train_loss: 0.03378906
test_loss: 0.03321193
train_loss: 0.032346897
test_loss: 0.03252628
train_loss: 0.031926442
test_loss: 0.031814843
train_loss: 0.031179233
test_loss: 0.031143531
train_loss: 0.030302463
test_loss: 0.030424051
train_loss: 0.030061267
test_loss: 0.029687803
train_loss: 0.029074842
test_loss: 0.028971663
train_loss: 0.027832871
test_loss: 0.028238302
train_loss: 0.027239032
test_loss: 0.027499879
train_loss: 0.026981313
test_loss: 0.026761021
train_loss: 0.02600638
test_loss: 0.026042677
train_loss: 0.025181849
test_loss: 0.025295556
train_loss: 0.02451308
test_loss: 0.024590569
train_loss: 0.023700062
test_loss: 0.023866966
train_loss: 0.023454834
test_loss: 0.023211816
train_loss: 0.02262133
test_loss: 0.022489324
train_loss: 0.022004709
test_loss: 0.021845797
train_loss: 0.021354288
test_loss: 0.02118916
train_loss: 0.020481698
test_loss: 0.020521363
train_loss: 0.020143991
test_loss: 0.019890828
train_loss: 0.019351806
test_loss: 0.019281993
train_loss: 0.018528381
test_loss: 0.018722715
train_loss: 0.018472418
test_loss: 0.018179562
train_loss: 0.01776753
test_loss: 0.017707968
train_loss: 0.01694529
test_loss: 0.017166428
train_loss: 0.016791325
test_loss: 0.016687742
train_loss: 0.016030239
test_loss: 0.016246645
train_loss: 0.015891314
test_loss: 0.015831694
train_loss: 0.015487258
test_loss: 0.015463699
train_loss: 0.015101203
test_loss: 0.01514823
train_loss: 0.014700643
test_loss: 0.014766977
train_loss: 0.014420389
test_loss: 0.014473054
train_loss: 0.014204701
test_loss: 0.014218702
train_loss: 0.0140117705
test_loss: 0.013979138
train_loss: 0.0139905345
test_loss: 0.013725451
train_loss: 0.013549497
test_loss: 0.013506927
train_loss: 0.013295498
test_loss: 0.013291865
train_loss: 0.01334906
test_loss: 0.013112105
train_loss: 0.012865525
test_loss: 0.012962569
train_loss: 0.012781631
test_loss: 0.012774538
train_loss: 0.012719819
test_loss: 0.012613478
train_loss: 0.012540424
test_loss: 0.012440302
train_loss: 0.012154942
test_loss: 0.012304862
train_loss: 0.012148896
test_loss: 0.012177746
train_loss: 0.0120197255
test_loss: 0.012050384
train_loss: 0.011823986
test_loss: 0.011948439
train_loss: 0.011740118
test_loss: 0.011823169
train_loss: 0.011469744
test_loss: 0.011765766
train_loss: 0.011680622
test_loss: 0.011635645
train_loss: 0.011610823
test_loss: 0.011489985
train_loss: 0.011338655
test_loss: 0.011424223
train_loss: 0.011514403
test_loss: 0.011297323
train_loss: 0.011130929
test_loss: 0.011216179
train_loss: 0.011141301
test_loss: 0.011200451
train_loss: 0.011072308
test_loss: 0.011085607
train_loss: 0.011176335
test_loss: 0.011026006
train_loss: 0.010826677
test_loss: 0.010925826
train_loss: 0.010882473
test_loss: 0.010813562
train_loss: 0.01094633
test_loss: 0.010770901
train_loss: 0.010681375
test_loss: 0.010780433
train_loss: 0.010513783
test_loss: 0.010692195
train_loss: 0.010411456
test_loss: 0.010533892
train_loss: 0.010449432
test_loss: 0.010502232
train_loss: 0.010407947
test_loss: 0.010496012
train_loss: 0.010414345
test_loss: 0.010405445
train_loss: 0.010297929
test_loss: 0.0103198765
train_loss: 0.010150575
test_loss: 0.010226747
train_loss: 0.01033584
test_loss: 0.010183071
train_loss: 0.010230161
test_loss: 0.0101285
train_loss: 0.010144904
test_loss: 0.010114733
train_loss: 0.009910241
test_loss: 0.010106359
train_loss: 0.009977873
test_loss: 0.010041849
train_loss: 0.010014715
test_loss: 0.0099273
train_loss: 0.009803483
test_loss: 0.009818083
train_loss: 0.009860506
test_loss: 0.0100484025
train_loss: 0.009751848
test_loss: 0.009850985
train_loss: 0.009878261
test_loss: 0.009829511
train_loss: 0.009777147
test_loss: 0.009791914
train_loss: 0.009625595
test_loss: 0.009746266
train_loss: 0.009687485
test_loss: 0.00964246
train_loss: 0.009571289
test_loss: 0.009662849
train_loss: 0.009505048
test_loss: 0.009637557
train_loss: 0.009784604
test_loss: 0.009708304
train_loss: 0.009542868
test_loss: 0.009526805
train_loss: 0.009612997WARNING:tensorflow:From /home/mrdouglas/Manifold/lib/python3.6/site-packages/tensorflow/python/training/tracking/tracking.py:111: Model.state_updates (from tensorflow.python.keras.engine.training) is deprecated and will be removed in a future version.
Instructions for updating:
This property should not be used in TensorFlow 2.0, as updates are applied automatically.
2020-09-09 19:43:34.637136: W tensorflow/python/util/util.cc:348] Sets are not currently considered sequences, but this may change in the future, so consider avoiding using them.
WARNING:tensorflow:From /home/mrdouglas/Manifold/lib/python3.6/site-packages/tensorflow/python/training/tracking/tracking.py:111: Layer.updates (from tensorflow.python.keras.engine.base_layer) is deprecated and will be removed in a future version.
Instructions for updating:
This property should not be used in TensorFlow 2.0, as updates are applied automatically.

test_loss: 0.009538003
train_loss: 0.00945341
test_loss: 0.009595092
train_loss: 0.009572921
test_loss: 0.009519018
train_loss: 0.009418197
test_loss: 0.009427786
train_loss: 0.00938184
test_loss: 0.009512528
train_loss: 0.009285558
test_loss: 0.009436799
train_loss: 0.009361235
test_loss: 0.009342574
train_loss: 0.009207253
test_loss: 0.009325976
train_loss: 0.009245134
test_loss: 0.009368438
train_loss: 0.009443415
test_loss: 0.009303923
train_loss: 0.009297734
test_loss: 0.009220277
train_loss: 0.009279495
test_loss: 0.009206053
train_loss: 0.009288582
test_loss: 0.009157939
train_loss: 0.009116156
test_loss: 0.009227223
train_loss: 0.00928791
test_loss: 0.009178196
train_loss: 0.009076821
test_loss: 0.0091521805
train_loss: 0.009253392
test_loss: 0.009145673
train_loss: 0.00944316
test_loss: 0.009122979
train_loss: 0.009329092
test_loss: 0.009042359
train_loss: 0.009193942
test_loss: 0.009022185
train_loss: 0.008948859
test_loss: 0.008994506
train_loss: 0.009018447
test_loss: 0.0090778
train_loss: 0.0091605745
test_loss: 0.009047311
train_loss: 0.009054989
test_loss: 0.008946853
train_loss: 0.008857296
test_loss: 0.009068563
train_loss: 0.008922169
test_loss: 0.009103284
train_loss: 0.008915143
test_loss: 0.008885825
train_loss: 0.00899886
test_loss: 0.008943536
train_loss: 0.00875277
test_loss: 0.0089120995
train_loss: 0.008978998
test_loss: 0.008832156
train_loss: 0.008805003
test_loss: 0.008863703
train_loss: 0.008914189
test_loss: 0.00888267
train_loss: 0.0089672785
test_loss: 0.008889607
train_loss: 0.008536911
test_loss: 0.008817282
train_loss: 0.0087656565
test_loss: 0.008791729
train_loss: 0.008954061
test_loss: 0.0088824835
train_loss: 0.008645933
test_loss: 0.008723277
train_loss: 0.008477821
test_loss: 0.00872168
train_loss: 0.008629685
test_loss: 0.008834647
train_loss: 0.008536272
test_loss: 0.008584107
train_loss: 0.00860818
test_loss: 0.008573232
train_loss: 0.008655763
test_loss: 0.008633534
train_loss: 0.008525035
test_loss: 0.008548683
train_loss: 0.008465564
test_loss: 0.00866014
train_loss: 0.008605664
test_loss: 0.008474521
train_loss: 0.008476151
test_loss: 0.008559675
train_loss: 0.008482617
test_loss: 0.008502339
train_loss: 0.008336384
test_loss: 0.0085399365
train_loss: 0.008284812
test_loss: 0.00838981
train_loss: 0.008403098
test_loss: 0.008452802
train_loss: 0.00842095
test_loss: 0.008404246
train_loss: 0.008464262
test_loss: 0.008449682
train_loss: 0.008237393
test_loss: 0.008499285
train_loss: 0.008251477
test_loss: 0.008373838
train_loss: 0.008180628
test_loss: 0.0083902255
train_loss: 0.008245075
test_loss: 0.008580934
train_loss: 0.008089293
test_loss: 0.008334247
train_loss: 0.008008301
test_loss: 0.008709745
train_loss: 0.008009076
test_loss: 0.008031245
train_loss: 0.008256754
test_loss: 0.008088508
train_loss: 0.008106951
test_loss: 0.008020773
train_loss: 0.008212171
test_loss: 0.008112281
train_loss: 0.008239338
test_loss: 0.00842442
train_loss: 0.0078576235
test_loss: 0.008000565
train_loss: 0.007972276
test_loss: 0.007912642
train_loss: 0.0077823633
test_loss: 0.007928564
train_loss: 0.00809533
test_loss: 0.007819251
train_loss: 0.007666876
test_loss: 0.0077890283
train_loss: 0.007705763
test_loss: 0.007989169
train_loss: 0.007813239
test_loss: 0.007764255
train_loss: 0.007534498
test_loss: 0.007834296
train_loss: 0.0075299684
test_loss: 0.007684244
train_loss: 0.0074965064
test_loss: 0.007648716
train_loss: 0.0075007845
test_loss: 0.0074079935
train_loss: 0.0069616907
test_loss: 0.00721515
train_loss: 0.007124548
test_loss: 0.0070755044
train_loss: 0.0072014686
test_loss: 0.007093158
train_loss: 0.007310912
test_loss: 0.0072033983
train_loss: 0.0071584005
test_loss: 0.006911623
train_loss: 0.0067820773
test_loss: 0.0067251544
train_loss: 0.0065106144
test_loss: 0.0074328026
train_loss: 0.0071805734
test_loss: 0.0066957963
train_loss: 0.006727259
test_loss: 0.0067512346
train_loss: 0.006085125
test_loss: 0.0063775685
train_loss: 0.0062447432
test_loss: 0.0066438937
train_loss: 0.006199117
test_loss: 0.0062966975
train_loss: 0.005917622
test_loss: 0.0065770997
train_loss: 0.0062696403
test_loss: 0.0058769616
train_loss: 0.0059319036
test_loss: 0.0061475867
train_loss: 0.0057053044
test_loss: 0.005719348
train_loss: 0.0056780926
test_loss: 0.0059163435
train_loss: 0.0059071174
test_loss: 0.00550557
train_loss: 0.0055147232
test_loss: 0.0054007634
train_loss: 0.0056553455
test_loss: 0.0055487873
train_loss: 0.005681977
test_loss: 0.005755733
train_loss: 0.0051908595
test_loss: 0.0053146235
train_loss: 0.004960957
test_loss: 0.0050504575
train_loss: 0.005439453
test_loss: 0.005219013
train_loss: 0.0049480796
test_loss: 0.005222001
train_loss: 0.004655349
test_loss: 0.004622858
train_loss: 0.0051790373
test_loss: 0.005018625
train_loss: 0.0048680324
test_loss: 0.0051473696
train_loss: 0.004997023
test_loss: 0.004957847
train_loss: 0.00470441
test_loss: 0.004684643
train_loss: 0.0044814874
test_loss: 0.0045538824
train_loss: 0.004654571
test_loss: 0.0049177203
train_loss: 0.004526356
test_loss: 0.004850843
train_loss: 0.0049020248
test_loss: 0.0044348873
train_loss: 0.0049352376
test_loss: 0.0043910663
train_loss: 0.0045833276
test_loss: 0.0045697154
train_loss: 0.004280179
test_loss: 0.0046581114
train_loss: 0.004432138
test_loss: 0.004331504
train_loss: 0.004078277
test_loss: 0.0039170287
train_loss: 0.004421523
test_loss: 0.0043493803
train_loss: 0.0044737174
test_loss: 0.0049642553
train_loss: 0.0040132753
test_loss: 0.0039982144
train_loss: 0.0043606963
test_loss: 0.0046342467
train_loss: 0.004239639
test_loss: 0.0044193617
train_loss: 0.004434297
test_loss: 0.0042614723
train_loss: 0.0045392765
test_loss: 0.004003814
train_loss: 0.004415109
test_loss: 0.0042261533
train_loss: 0.004005023
test_loss: 0.003949562
train_loss: 0.0038805262
test_loss: 0.0042953277
train_loss: 0.0038354043
test_loss: 0.0044232286
train_loss: 0.0044293106
test_loss: 0.0040566823
train_loss: 0.0044141635
test_loss: 0.004931302
train_loss: 0.0041483394
test_loss: 0.0039604497
train_loss: 0.003588272
test_loss: 0.0038530987
train_loss: 0.003916577
test_loss: 0.0041514514
train_loss: 0.0036230711
test_loss: 0.004277236
12296.88user 280.09system 2:37:48elapsed 132%CPU (0avgtext+0avgdata 4611820maxresident)k
0inputs+1368outputs (0major+50325813minor)pagefaults 0swaps
Already did run experiments.mrd/scanphi500/m0p5_17/
experiments.mrd/scanphi500/script: line 17: skipping.: command not found
Already did run experiments.mrd/scanphi500/m0p5_17/
experiments.mrd/scanphi500/script: line 17: skipping.: command not found
Already did run experiments.mrd/scanphi500/m0p5_17/
experiments.mrd/scanphi500/script: line 17: skipping.: command not found
Already did run experiments.mrd/scanphi500/m0p5_17/
experiments.mrd/scanphi500/script: line 17: skipping.: command not found
Already did run experiments.mrd/scanphi500/m0p5_17/
experiments.mrd/scanphi500/script: line 17: skipping.: command not found
Already did run experiments.mrd/scanphi500/m0p5_17/
experiments.mrd/scanphi500/script: line 17: skipping.: command not found
Already did run experiments.mrd/scanphi500/m0p5_17/
experiments.mrd/scanphi500/script: line 17: skipping.: command not found
BASH=/bin/bash
BASHOPTS=cmdhist:complete_fullquote:extquote:force_fignore:hostcomplete:interactive_comments:progcomp:promptvars:sourcepath
BASH_ALIASES=()
BASH_ARGC=()
BASH_ARGV=()
BASH_CMDS=()
BASH_LINENO=([0]="0")
BASH_SOURCE=([0]="experiments.mrd/scanphi500/script")
BASH_VERSINFO=([0]="4" [1]="4" [2]="20" [3]="1" [4]="release" [5]="x86_64-pc-linux-gnu")
BASH_VERSION='4.4.20(1)-release'
DIRSTACK=()
EUID=162515747
GPU=1
GROUPS=()
HOME=/home/mrdouglas
HOSTNAME=aiorion
HOSTTYPE=x86_64
IFS=$' \t\n'
KRB5CCNAME=FILE:/tmp/krb5cc_162515747_ESTuCD
LANG=en_US.UTF-8
LD_LIBRARY_PATH=/usr/local/cuda-10.1/lib64
LESSCLOSE='/usr/bin/lesspipe %s %s'
LESSOPEN='| /usr/bin/lesspipe %s'
LOGNAME=mrdouglas
LS_COLORS='rs=0:di=01;34:ln=01;36:mh=00:pi=40;33:so=01;35:do=01;35:bd=40;33;01:cd=40;33;01:or=40;31;01:mi=00:su=37;41:sg=30;43:ca=30;41:tw=30;42:ow=34;42:st=37;44:ex=01;32:*.tar=01;31:*.tgz=01;31:*.arc=01;31:*.arj=01;31:*.taz=01;31:*.lha=01;31:*.lz4=01;31:*.lzh=01;31:*.lzma=01;31:*.tlz=01;31:*.txz=01;31:*.tzo=01;31:*.t7z=01;31:*.zip=01;31:*.z=01;31:*.Z=01;31:*.dz=01;31:*.gz=01;31:*.lrz=01;31:*.lz=01;31:*.lzo=01;31:*.xz=01;31:*.zst=01;31:*.tzst=01;31:*.bz2=01;31:*.bz=01;31:*.tbz=01;31:*.tbz2=01;31:*.tz=01;31:*.deb=01;31:*.rpm=01;31:*.jar=01;31:*.war=01;31:*.ear=01;31:*.sar=01;31:*.rar=01;31:*.alz=01;31:*.ace=01;31:*.zoo=01;31:*.cpio=01;31:*.7z=01;31:*.rz=01;31:*.cab=01;31:*.wim=01;31:*.swm=01;31:*.dwm=01;31:*.esd=01;31:*.jpg=01;35:*.jpeg=01;35:*.mjpg=01;35:*.mjpeg=01;35:*.gif=01;35:*.bmp=01;35:*.pbm=01;35:*.pgm=01;35:*.ppm=01;35:*.tga=01;35:*.xbm=01;35:*.xpm=01;35:*.tif=01;35:*.tiff=01;35:*.png=01;35:*.svg=01;35:*.svgz=01;35:*.mng=01;35:*.pcx=01;35:*.mov=01;35:*.mpg=01;35:*.mpeg=01;35:*.m2v=01;35:*.mkv=01;35:*.webm=01;35:*.ogm=01;35:*.mp4=01;35:*.m4v=01;35:*.mp4v=01;35:*.vob=01;35:*.qt=01;35:*.nuv=01;35:*.wmv=01;35:*.asf=01;35:*.rm=01;35:*.rmvb=01;35:*.flc=01;35:*.avi=01;35:*.fli=01;35:*.flv=01;35:*.gl=01;35:*.dl=01;35:*.xcf=01;35:*.xwd=01;35:*.yuv=01;35:*.cgm=01;35:*.emf=01;35:*.ogv=01;35:*.ogx=01;35:*.aac=00;36:*.au=00;36:*.flac=00;36:*.m4a=00;36:*.mid=00;36:*.midi=00;36:*.mka=00;36:*.mp3=00;36:*.mpc=00;36:*.ogg=00;36:*.ra=00;36:*.wav=00;36:*.oga=00;36:*.opus=00;36:*.spx=00;36:*.xspf=00;36:'
MACHTYPE=x86_64-pc-linux-gnu
MAIL=/var/mail/mrdouglas
OLDPWD=/home/mrdouglas/Manifold/experiments.mrd/scanphi500
OPTERR=1
OPTIND=1
OSTYPE=linux-gnu
PATH=/home/mrdouglas/Manifold/bin:/home/mrdouglas/.local/bin:/usr/local/cuda-10.1/bin:/usr/local/cuda-10.1/NsightCompute-2019.1:/usr/local/sbin:/usr/local/bin:/usr/sbin:/usr/bin:/sbin:/bin:/usr/games:/usr/local/games:/snap/bin
PPID=10465
PS4='+ '
PWD=/home/mrdouglas/Manifold
SEED=17
SHELL=/bin/bash
SHELLOPTS=braceexpand:hashall:interactive-comments
SHLVL=2
SSH_CLIENT='129.49.6.206 58020 130'
SSH_CONNECTION='129.49.6.206 58020 130.245.162.50 130'
SSH_TTY=/dev/pts/0
TERM=xterm-256color
UID=162515747
USER=mrdouglas
VIRTUAL_ENV=/home/mrdouglas/Manifold
XDG_DATA_DIRS=/usr/local/share:/usr/share:/var/lib/snapd/desktop
XDG_RUNTIME_DIR=/run/user/162515747
XDG_SESSION_ID=231
_=/usr/bin/nohup
seed=17 gpu=1
2020-09-09 21:17:40.603849: I tensorflow/stream_executor/platform/default/dso_loader.cc:48] Successfully opened dynamic library libcudart.so.10.1
2020-09-09 21:20:41.625741: I tensorflow/stream_executor/platform/default/dso_loader.cc:48] Successfully opened dynamic library libcuda.so.1
2020-09-09 21:20:41.678050: I tensorflow/core/common_runtime/gpu/gpu_device.cc:1716] Found device 0 with properties: 
pciBusID: 0000:1b:00.0 name: Tesla V100-SXM2-32GB computeCapability: 7.0
coreClock: 1.53GHz coreCount: 80 deviceMemorySize: 31.72GiB deviceMemoryBandwidth: 836.37GiB/s
2020-09-09 21:20:41.678224: I tensorflow/stream_executor/platform/default/dso_loader.cc:48] Successfully opened dynamic library libcudart.so.10.1
2020-09-09 21:20:41.680754: I tensorflow/stream_executor/platform/default/dso_loader.cc:48] Successfully opened dynamic library libcublas.so.10
2020-09-09 21:20:41.682954: I tensorflow/stream_executor/platform/default/dso_loader.cc:48] Successfully opened dynamic library libcufft.so.10
2020-09-09 21:20:41.683292: I tensorflow/stream_executor/platform/default/dso_loader.cc:48] Successfully opened dynamic library libcurand.so.10
2020-09-09 21:20:41.685673: I tensorflow/stream_executor/platform/default/dso_loader.cc:48] Successfully opened dynamic library libcusolver.so.10
2020-09-09 21:20:41.686799: I tensorflow/stream_executor/platform/default/dso_loader.cc:48] Successfully opened dynamic library libcusparse.so.10
2020-09-09 21:20:41.690979: I tensorflow/stream_executor/platform/default/dso_loader.cc:48] Successfully opened dynamic library libcudnn.so.7
2020-09-09 21:20:41.694436: I tensorflow/core/common_runtime/gpu/gpu_device.cc:1858] Adding visible gpu devices: 0
2020-09-09 21:20:41.695113: I tensorflow/core/platform/cpu_feature_guard.cc:142] This TensorFlow binary is optimized with oneAPI Deep Neural Network Library (oneDNN)to use the following CPU instructions in performance-critical operations:  AVX2 AVX512F FMA
To enable them in other operations, rebuild TensorFlow with the appropriate compiler flags.
2020-09-09 21:20:41.742888: I tensorflow/core/platform/profile_utils/cpu_utils.cc:104] CPU Frequency: 2300000000 Hz
2020-09-09 21:20:41.755036: I tensorflow/compiler/xla/service/service.cc:168] XLA service 0x5e90bd0 initialized for platform Host (this does not guarantee that XLA will be used). Devices:
2020-09-09 21:20:41.755180: I tensorflow/compiler/xla/service/service.cc:176]   StreamExecutor device (0): Host, Default Version
2020-09-09 21:20:42.107435: I tensorflow/compiler/xla/service/service.cc:168] XLA service 0x5d9c3d0 initialized for platform CUDA (this does not guarantee that XLA will be used). Devices:
2020-09-09 21:20:42.107625: I tensorflow/compiler/xla/service/service.cc:176]   StreamExecutor device (0): Tesla V100-SXM2-32GB, Compute Capability 7.0
2020-09-09 21:20:42.112484: I tensorflow/core/common_runtime/gpu/gpu_device.cc:1716] Found device 0 with properties: 
pciBusID: 0000:1b:00.0 name: Tesla V100-SXM2-32GB computeCapability: 7.0
coreClock: 1.53GHz coreCount: 80 deviceMemorySize: 31.72GiB deviceMemoryBandwidth: 836.37GiB/s
2020-09-09 21:20:42.112835: I tensorflow/stream_executor/platform/default/dso_loader.cc:48] Successfully opened dynamic library libcudart.so.10.1
2020-09-09 21:20:42.113113: I tensorflow/stream_executor/platform/default/dso_loader.cc:48] Successfully opened dynamic library libcublas.so.10
2020-09-09 21:20:42.113234: I tensorflow/stream_executor/platform/default/dso_loader.cc:48] Successfully opened dynamic library libcufft.so.10
2020-09-09 21:20:42.113293: I tensorflow/stream_executor/platform/default/dso_loader.cc:48] Successfully opened dynamic library libcurand.so.10
2020-09-09 21:20:42.113329: I tensorflow/stream_executor/platform/default/dso_loader.cc:48] Successfully opened dynamic library libcusolver.so.10
2020-09-09 21:20:42.113361: I tensorflow/stream_executor/platform/default/dso_loader.cc:48] Successfully opened dynamic library libcusparse.so.10
2020-09-09 21:20:42.113405: I tensorflow/stream_executor/platform/default/dso_loader.cc:48] Successfully opened dynamic library libcudnn.so.7
2020-09-09 21:20:42.122069: I tensorflow/core/common_runtime/gpu/gpu_device.cc:1858] Adding visible gpu devices: 0
2020-09-09 21:20:42.122282: I tensorflow/stream_executor/platform/default/dso_loader.cc:48] Successfully opened dynamic library libcudart.so.10.1
2020-09-09 21:20:43.729594: I tensorflow/core/common_runtime/gpu/gpu_device.cc:1257] Device interconnect StreamExecutor with strength 1 edge matrix:
2020-09-09 21:20:43.729655: I tensorflow/core/common_runtime/gpu/gpu_device.cc:1263]      0 
2020-09-09 21:20:43.729676: I tensorflow/core/common_runtime/gpu/gpu_device.cc:1276] 0:   N 
2020-09-09 21:20:43.734405: I tensorflow/core/common_runtime/gpu/gpu_device.cc:1402] Created TensorFlow device (/job:localhost/replica:0/task:0/device:GPU:0 with 30098 MB memory) -> physical GPU (device: 0, name: Tesla V100-SXM2-32GB, pci bus id: 0000:1b:00.0, compute capability: 7.0)
2020-09-09 21:20:50.130940: I tensorflow/stream_executor/platform/default/dso_loader.cc:48] Successfully opened dynamic library libcublas.so.10
2020-09-09 21:20:50.903458: I tensorflow/core/kernels/cuda_solvers.cc:180] Creating CudaSolver handles for stream 0x8776cb0
2020-09-09 21:20:50.903659: I tensorflow/stream_executor/platform/default/dso_loader.cc:48] Successfully opened dynamic library libcusolver.so.10
2020-09-09 21:20:51.742628: I tensorflow/stream_executor/platform/default/dso_loader.cc:48] Successfully opened dynamic library libcublas.so.10
WARNING:tensorflow:5 out of the last 5 calls to <function Hypersurface.num_FS_volume_form_tf at 0x7f0517622378> triggered tf.function retracing. Tracing is expensive and the excessive number of tracings could be due to (1) creating @tf.function repeatedly in a loop, (2) passing tensors with different shapes, (3) passing Python objects instead of tensors. For (1), please define your @tf.function outside of the loop. For (2), @tf.function has experimental_relax_shapes=True option that relaxes argument shapes that can avoid unnecessary retracing. For (3), please refer to https://www.tensorflow.org/tutorials/customization/performance#python_or_tensor_args and https://www.tensorflow.org/api_docs/python/tf/function for  more details.
WARNING:tensorflow:6 out of the last 6 calls to <function Hypersurface.num_FS_volume_form_tf at 0x7f0517614b70> triggered tf.function retracing. Tracing is expensive and the excessive number of tracings could be due to (1) creating @tf.function repeatedly in a loop, (2) passing tensors with different shapes, (3) passing Python objects instead of tensors. For (1), please define your @tf.function outside of the loop. For (2), @tf.function has experimental_relax_shapes=True option that relaxes argument shapes that can avoid unnecessary retracing. For (3), please refer to https://www.tensorflow.org/tutorials/customization/performance#python_or_tensor_args and https://www.tensorflow.org/api_docs/python/tf/function for  more details.
WARNING:tensorflow:7 out of the last 7 calls to <function Hypersurface.num_FS_volume_form_tf at 0x7f0517614620> triggered tf.function retracing. Tracing is expensive and the excessive number of tracings could be due to (1) creating @tf.function repeatedly in a loop, (2) passing tensors with different shapes, (3) passing Python objects instead of tensors. For (1), please define your @tf.function outside of the loop. For (2), @tf.function has experimental_relax_shapes=True option that relaxes argument shapes that can avoid unnecessary retracing. For (3), please refer to https://www.tensorflow.org/tutorials/customization/performance#python_or_tensor_args and https://www.tensorflow.org/api_docs/python/tf/function for  more details.
WARNING:tensorflow:8 out of the last 8 calls to <function Hypersurface.num_FS_volume_form_tf at 0x7f05176792f0> triggered tf.function retracing. Tracing is expensive and the excessive number of tracings could be due to (1) creating @tf.function repeatedly in a loop, (2) passing tensors with different shapes, (3) passing Python objects instead of tensors. For (1), please define your @tf.function outside of the loop. For (2), @tf.function has experimental_relax_shapes=True option that relaxes argument shapes that can avoid unnecessary retracing. For (3), please refer to https://www.tensorflow.org/tutorials/customization/performance#python_or_tensor_args and https://www.tensorflow.org/api_docs/python/tf/function for  more details.
WARNING:tensorflow:9 out of the last 9 calls to <function Hypersurface.num_FS_volume_form_tf at 0x7f05176712f0> triggered tf.function retracing. Tracing is expensive and the excessive number of tracings could be due to (1) creating @tf.function repeatedly in a loop, (2) passing tensors with different shapes, (3) passing Python objects instead of tensors. For (1), please define your @tf.function outside of the loop. For (2), @tf.function has experimental_relax_shapes=True option that relaxes argument shapes that can avoid unnecessary retracing. For (3), please refer to https://www.tensorflow.org/tutorials/customization/performance#python_or_tensor_args and https://www.tensorflow.org/api_docs/python/tf/function for  more details.
WARNING:tensorflow:10 out of the last 10 calls to <function Hypersurface.num_FS_volume_form_tf at 0x7f05101926a8> triggered tf.function retracing. Tracing is expensive and the excessive number of tracings could be due to (1) creating @tf.function repeatedly in a loop, (2) passing tensors with different shapes, (3) passing Python objects instead of tensors. For (1), please define your @tf.function outside of the loop. For (2), @tf.function has experimental_relax_shapes=True option that relaxes argument shapes that can avoid unnecessary retracing. For (3), please refer to https://www.tensorflow.org/tutorials/customization/performance#python_or_tensor_args and https://www.tensorflow.org/api_docs/python/tf/function for  more details.
WARNING:tensorflow:11 out of the last 11 calls to <function Hypersurface.num_FS_volume_form_tf at 0x7f0510192048> triggered tf.function retracing. Tracing is expensive and the excessive number of tracings could be due to (1) creating @tf.function repeatedly in a loop, (2) passing tensors with different shapes, (3) passing Python objects instead of tensors. For (1), please define your @tf.function outside of the loop. For (2), @tf.function has experimental_relax_shapes=True option that relaxes argument shapes that can avoid unnecessary retracing. For (3), please refer to https://www.tensorflow.org/tutorials/customization/performance#python_or_tensor_args and https://www.tensorflow.org/api_docs/python/tf/function for  more details.
WARNING:tensorflow:11 out of the last 11 calls to <function Hypersurface.num_FS_volume_form_tf at 0x7f0510192400> triggered tf.function retracing. Tracing is expensive and the excessive number of tracings could be due to (1) creating @tf.function repeatedly in a loop, (2) passing tensors with different shapes, (3) passing Python objects instead of tensors. For (1), please define your @tf.function outside of the loop. For (2), @tf.function has experimental_relax_shapes=True option that relaxes argument shapes that can avoid unnecessary retracing. For (3), please refer to https://www.tensorflow.org/tutorials/customization/performance#python_or_tensor_args and https://www.tensorflow.org/api_docs/python/tf/function for  more details.
WARNING:tensorflow:11 out of the last 11 calls to <function Hypersurface.num_FS_volume_form_tf at 0x7f0517671b70> triggered tf.function retracing. Tracing is expensive and the excessive number of tracings could be due to (1) creating @tf.function repeatedly in a loop, (2) passing tensors with different shapes, (3) passing Python objects instead of tensors. For (1), please define your @tf.function outside of the loop. For (2), @tf.function has experimental_relax_shapes=True option that relaxes argument shapes that can avoid unnecessary retracing. For (3), please refer to https://www.tensorflow.org/tutorials/customization/performance#python_or_tensor_args and https://www.tensorflow.org/api_docs/python/tf/function for  more details.
WARNING:tensorflow:11 out of the last 11 calls to <function Hypersurface.num_FS_volume_form_tf at 0x7f05100a2378> triggered tf.function retracing. Tracing is expensive and the excessive number of tracings could be due to (1) creating @tf.function repeatedly in a loop, (2) passing tensors with different shapes, (3) passing Python objects instead of tensors. For (1), please define your @tf.function outside of the loop. For (2), @tf.function has experimental_relax_shapes=True option that relaxes argument shapes that can avoid unnecessary retracing. For (3), please refer to https://www.tensorflow.org/tutorials/customization/performance#python_or_tensor_args and https://www.tensorflow.org/api_docs/python/tf/function for  more details.
WARNING:tensorflow:11 out of the last 11 calls to <function Hypersurface.num_FS_volume_form_tf at 0x7f04b8614268> triggered tf.function retracing. Tracing is expensive and the excessive number of tracings could be due to (1) creating @tf.function repeatedly in a loop, (2) passing tensors with different shapes, (3) passing Python objects instead of tensors. For (1), please define your @tf.function outside of the loop. For (2), @tf.function has experimental_relax_shapes=True option that relaxes argument shapes that can avoid unnecessary retracing. For (3), please refer to https://www.tensorflow.org/tutorials/customization/performance#python_or_tensor_args and https://www.tensorflow.org/api_docs/python/tf/function for  more details.
WARNING:tensorflow:11 out of the last 11 calls to <function Hypersurface.num_FS_volume_form_tf at 0x7f05176710d0> triggered tf.function retracing. Tracing is expensive and the excessive number of tracings could be due to (1) creating @tf.function repeatedly in a loop, (2) passing tensors with different shapes, (3) passing Python objects instead of tensors. For (1), please define your @tf.function outside of the loop. For (2), @tf.function has experimental_relax_shapes=True option that relaxes argument shapes that can avoid unnecessary retracing. For (3), please refer to https://www.tensorflow.org/tutorials/customization/performance#python_or_tensor_args and https://www.tensorflow.org/api_docs/python/tf/function for  more details.
WARNING:tensorflow:11 out of the last 11 calls to <function Hypersurface.num_FS_volume_form_tf at 0x7f0517671bf8> triggered tf.function retracing. Tracing is expensive and the excessive number of tracings could be due to (1) creating @tf.function repeatedly in a loop, (2) passing tensors with different shapes, (3) passing Python objects instead of tensors. For (1), please define your @tf.function outside of the loop. For (2), @tf.function has experimental_relax_shapes=True option that relaxes argument shapes that can avoid unnecessary retracing. For (3), please refer to https://www.tensorflow.org/tutorials/customization/performance#python_or_tensor_args and https://www.tensorflow.org/api_docs/python/tf/function for  more details.
WARNING:tensorflow:11 out of the last 11 calls to <function Hypersurface.num_FS_volume_form_tf at 0x7f0517671840> triggered tf.function retracing. Tracing is expensive and the excessive number of tracings could be due to (1) creating @tf.function repeatedly in a loop, (2) passing tensors with different shapes, (3) passing Python objects instead of tensors. For (1), please define your @tf.function outside of the loop. For (2), @tf.function has experimental_relax_shapes=True option that relaxes argument shapes that can avoid unnecessary retracing. For (3), please refer to https://www.tensorflow.org/tutorials/customization/performance#python_or_tensor_args and https://www.tensorflow.org/api_docs/python/tf/function for  more details.
WARNING:tensorflow:11 out of the last 11 calls to <function Hypersurface.num_FS_volume_form_tf at 0x7f04b86b2a60> triggered tf.function retracing. Tracing is expensive and the excessive number of tracings could be due to (1) creating @tf.function repeatedly in a loop, (2) passing tensors with different shapes, (3) passing Python objects instead of tensors. For (1), please define your @tf.function outside of the loop. For (2), @tf.function has experimental_relax_shapes=True option that relaxes argument shapes that can avoid unnecessary retracing. For (3), please refer to https://www.tensorflow.org/tutorials/customization/performance#python_or_tensor_args and https://www.tensorflow.org/api_docs/python/tf/function for  more details.
WARNING:tensorflow:11 out of the last 11 calls to <function Hypersurface.num_FS_volume_form_tf at 0x7f051004fea0> triggered tf.function retracing. Tracing is expensive and the excessive number of tracings could be due to (1) creating @tf.function repeatedly in a loop, (2) passing tensors with different shapes, (3) passing Python objects instead of tensors. For (1), please define your @tf.function outside of the loop. For (2), @tf.function has experimental_relax_shapes=True option that relaxes argument shapes that can avoid unnecessary retracing. For (3), please refer to https://www.tensorflow.org/tutorials/customization/performance#python_or_tensor_args and https://www.tensorflow.org/api_docs/python/tf/function for  more details.
WARNING:tensorflow:11 out of the last 11 calls to <function Hypersurface.num_FS_volume_form_tf at 0x7f051004f378> triggered tf.function retracing. Tracing is expensive and the excessive number of tracings could be due to (1) creating @tf.function repeatedly in a loop, (2) passing tensors with different shapes, (3) passing Python objects instead of tensors. For (1), please define your @tf.function outside of the loop. For (2), @tf.function has experimental_relax_shapes=True option that relaxes argument shapes that can avoid unnecessary retracing. For (3), please refer to https://www.tensorflow.org/tutorials/customization/performance#python_or_tensor_args and https://www.tensorflow.org/api_docs/python/tf/function for  more details.
WARNING:tensorflow:11 out of the last 11 calls to <function Hypersurface.num_FS_volume_form_tf at 0x7f051004c8c8> triggered tf.function retracing. Tracing is expensive and the excessive number of tracings could be due to (1) creating @tf.function repeatedly in a loop, (2) passing tensors with different shapes, (3) passing Python objects instead of tensors. For (1), please define your @tf.function outside of the loop. For (2), @tf.function has experimental_relax_shapes=True option that relaxes argument shapes that can avoid unnecessary retracing. For (3), please refer to https://www.tensorflow.org/tutorials/customization/performance#python_or_tensor_args and https://www.tensorflow.org/api_docs/python/tf/function for  more details.
WARNING:tensorflow:11 out of the last 11 calls to <function Hypersurface.num_FS_volume_form_tf at 0x7f04b84a87b8> triggered tf.function retracing. Tracing is expensive and the excessive number of tracings could be due to (1) creating @tf.function repeatedly in a loop, (2) passing tensors with different shapes, (3) passing Python objects instead of tensors. For (1), please define your @tf.function outside of the loop. For (2), @tf.function has experimental_relax_shapes=True option that relaxes argument shapes that can avoid unnecessary retracing. For (3), please refer to https://www.tensorflow.org/tutorials/customization/performance#python_or_tensor_args and https://www.tensorflow.org/api_docs/python/tf/function for  more details.
WARNING:tensorflow:11 out of the last 11 calls to <function Hypersurface.num_FS_volume_form_tf at 0x7f04b83bd7b8> triggered tf.function retracing. Tracing is expensive and the excessive number of tracings could be due to (1) creating @tf.function repeatedly in a loop, (2) passing tensors with different shapes, (3) passing Python objects instead of tensors. For (1), please define your @tf.function outside of the loop. For (2), @tf.function has experimental_relax_shapes=True option that relaxes argument shapes that can avoid unnecessary retracing. For (3), please refer to https://www.tensorflow.org/tutorials/customization/performance#python_or_tensor_args and https://www.tensorflow.org/api_docs/python/tf/function for  more details.
WARNING:tensorflow:11 out of the last 11 calls to <function Hypersurface.num_FS_volume_form_tf at 0x7f04b83bd9d8> triggered tf.function retracing. Tracing is expensive and the excessive number of tracings could be due to (1) creating @tf.function repeatedly in a loop, (2) passing tensors with different shapes, (3) passing Python objects instead of tensors. For (1), please define your @tf.function outside of the loop. For (2), @tf.function has experimental_relax_shapes=True option that relaxes argument shapes that can avoid unnecessary retracing. For (3), please refer to https://www.tensorflow.org/tutorials/customization/performance#python_or_tensor_args and https://www.tensorflow.org/api_docs/python/tf/function for  more details.
WARNING:tensorflow:11 out of the last 11 calls to <function Hypersurface.num_FS_volume_form_tf at 0x7f04b8455268> triggered tf.function retracing. Tracing is expensive and the excessive number of tracings could be due to (1) creating @tf.function repeatedly in a loop, (2) passing tensors with different shapes, (3) passing Python objects instead of tensors. For (1), please define your @tf.function outside of the loop. For (2), @tf.function has experimental_relax_shapes=True option that relaxes argument shapes that can avoid unnecessary retracing. For (3), please refer to https://www.tensorflow.org/tutorials/customization/performance#python_or_tensor_args and https://www.tensorflow.org/api_docs/python/tf/function for  more details.
WARNING:tensorflow:11 out of the last 11 calls to <function Hypersurface.num_FS_volume_form_tf at 0x7f04b854b950> triggered tf.function retracing. Tracing is expensive and the excessive number of tracings could be due to (1) creating @tf.function repeatedly in a loop, (2) passing tensors with different shapes, (3) passing Python objects instead of tensors. For (1), please define your @tf.function outside of the loop. For (2), @tf.function has experimental_relax_shapes=True option that relaxes argument shapes that can avoid unnecessary retracing. For (3), please refer to https://www.tensorflow.org/tutorials/customization/performance#python_or_tensor_args and https://www.tensorflow.org/api_docs/python/tf/function for  more details.
WARNING:tensorflow:11 out of the last 11 calls to <function Hypersurface.num_FS_volume_form_tf at 0x7f04b8560f28> triggered tf.function retracing. Tracing is expensive and the excessive number of tracings could be due to (1) creating @tf.function repeatedly in a loop, (2) passing tensors with different shapes, (3) passing Python objects instead of tensors. For (1), please define your @tf.function outside of the loop. For (2), @tf.function has experimental_relax_shapes=True option that relaxes argument shapes that can avoid unnecessary retracing. For (3), please refer to https://www.tensorflow.org/tutorials/customization/performance#python_or_tensor_args and https://www.tensorflow.org/api_docs/python/tf/function for  more details.
WARNING:tensorflow:11 out of the last 11 calls to <function Hypersurface.num_FS_volume_form_tf at 0x7f04b8560ea0> triggered tf.function retracing. Tracing is expensive and the excessive number of tracings could be due to (1) creating @tf.function repeatedly in a loop, (2) passing tensors with different shapes, (3) passing Python objects instead of tensors. For (1), please define your @tf.function outside of the loop. For (2), @tf.function has experimental_relax_shapes=True option that relaxes argument shapes that can avoid unnecessary retracing. For (3), please refer to https://www.tensorflow.org/tutorials/customization/performance#python_or_tensor_args and https://www.tensorflow.org/api_docs/python/tf/function for  more details.
WARNING:tensorflow:11 out of the last 11 calls to <function Hypersurface.num_FS_volume_form_tf at 0x7f04b84efd90> triggered tf.function retracing. Tracing is expensive and the excessive number of tracings could be due to (1) creating @tf.function repeatedly in a loop, (2) passing tensors with different shapes, (3) passing Python objects instead of tensors. For (1), please define your @tf.function outside of the loop. For (2), @tf.function has experimental_relax_shapes=True option that relaxes argument shapes that can avoid unnecessary retracing. For (3), please refer to https://www.tensorflow.org/tutorials/customization/performance#python_or_tensor_args and https://www.tensorflow.org/api_docs/python/tf/function for  more details.
WARNING:tensorflow:11 out of the last 11 calls to <function Hypersurface.num_FS_volume_form_tf at 0x7f04b87058c8> triggered tf.function retracing. Tracing is expensive and the excessive number of tracings could be due to (1) creating @tf.function repeatedly in a loop, (2) passing tensors with different shapes, (3) passing Python objects instead of tensors. For (1), please define your @tf.function outside of the loop. For (2), @tf.function has experimental_relax_shapes=True option that relaxes argument shapes that can avoid unnecessary retracing. For (3), please refer to https://www.tensorflow.org/tutorials/customization/performance#python_or_tensor_args and https://www.tensorflow.org/api_docs/python/tf/function for  more details.
WARNING:tensorflow:11 out of the last 11 calls to <function Hypersurface.num_FS_volume_form_tf at 0x7f04b8705ae8> triggered tf.function retracing. Tracing is expensive and the excessive number of tracings could be due to (1) creating @tf.function repeatedly in a loop, (2) passing tensors with different shapes, (3) passing Python objects instead of tensors. For (1), please define your @tf.function outside of the loop. For (2), @tf.function has experimental_relax_shapes=True option that relaxes argument shapes that can avoid unnecessary retracing. For (3), please refer to https://www.tensorflow.org/tutorials/customization/performance#python_or_tensor_args and https://www.tensorflow.org/api_docs/python/tf/function for  more details.
WARNING:tensorflow:11 out of the last 11 calls to <function Hypersurface.num_FS_volume_form_tf at 0x7f04b86fc1e0> triggered tf.function retracing. Tracing is expensive and the excessive number of tracings could be due to (1) creating @tf.function repeatedly in a loop, (2) passing tensors with different shapes, (3) passing Python objects instead of tensors. For (1), please define your @tf.function outside of the loop. For (2), @tf.function has experimental_relax_shapes=True option that relaxes argument shapes that can avoid unnecessary retracing. For (3), please refer to https://www.tensorflow.org/tutorials/customization/performance#python_or_tensor_args and https://www.tensorflow.org/api_docs/python/tf/function for  more details.
WARNING:tensorflow:11 out of the last 11 calls to <function Hypersurface.num_FS_volume_form_tf at 0x7f04b82d8a60> triggered tf.function retracing. Tracing is expensive and the excessive number of tracings could be due to (1) creating @tf.function repeatedly in a loop, (2) passing tensors with different shapes, (3) passing Python objects instead of tensors. For (1), please define your @tf.function outside of the loop. For (2), @tf.function has experimental_relax_shapes=True option that relaxes argument shapes that can avoid unnecessary retracing. For (3), please refer to https://www.tensorflow.org/tutorials/customization/performance#python_or_tensor_args and https://www.tensorflow.org/api_docs/python/tf/function for  more details.
WARNING:tensorflow:11 out of the last 11 calls to <function Hypersurface.num_FS_volume_form_tf at 0x7f04b86fc730> triggered tf.function retracing. Tracing is expensive and the excessive number of tracings could be due to (1) creating @tf.function repeatedly in a loop, (2) passing tensors with different shapes, (3) passing Python objects instead of tensors. For (1), please define your @tf.function outside of the loop. For (2), @tf.function has experimental_relax_shapes=True option that relaxes argument shapes that can avoid unnecessary retracing. For (3), please refer to https://www.tensorflow.org/tutorials/customization/performance#python_or_tensor_args and https://www.tensorflow.org/api_docs/python/tf/function for  more details.
WARNING:tensorflow:11 out of the last 11 calls to <function Hypersurface.num_FS_volume_form_tf at 0x7f04b8357e18> triggered tf.function retracing. Tracing is expensive and the excessive number of tracings could be due to (1) creating @tf.function repeatedly in a loop, (2) passing tensors with different shapes, (3) passing Python objects instead of tensors. For (1), please define your @tf.function outside of the loop. For (2), @tf.function has experimental_relax_shapes=True option that relaxes argument shapes that can avoid unnecessary retracing. For (3), please refer to https://www.tensorflow.org/tutorials/customization/performance#python_or_tensor_args and https://www.tensorflow.org/api_docs/python/tf/function for  more details.
WARNING:tensorflow:11 out of the last 11 calls to <function Hypersurface.num_FS_volume_form_tf at 0x7f04b83579d8> triggered tf.function retracing. Tracing is expensive and the excessive number of tracings could be due to (1) creating @tf.function repeatedly in a loop, (2) passing tensors with different shapes, (3) passing Python objects instead of tensors. For (1), please define your @tf.function outside of the loop. For (2), @tf.function has experimental_relax_shapes=True option that relaxes argument shapes that can avoid unnecessary retracing. For (3), please refer to https://www.tensorflow.org/tutorials/customization/performance#python_or_tensor_args and https://www.tensorflow.org/api_docs/python/tf/function for  more details.
WARNING:tensorflow:11 out of the last 11 calls to <function Hypersurface.num_FS_volume_form_tf at 0x7f04b8357730> triggered tf.function retracing. Tracing is expensive and the excessive number of tracings could be due to (1) creating @tf.function repeatedly in a loop, (2) passing tensors with different shapes, (3) passing Python objects instead of tensors. For (1), please define your @tf.function outside of the loop. For (2), @tf.function has experimental_relax_shapes=True option that relaxes argument shapes that can avoid unnecessary retracing. For (3), please refer to https://www.tensorflow.org/tutorials/customization/performance#python_or_tensor_args and https://www.tensorflow.org/api_docs/python/tf/function for  more details.
WARNING:tensorflow:11 out of the last 11 calls to <function Hypersurface.num_FS_volume_form_tf at 0x7f04c0021f28> triggered tf.function retracing. Tracing is expensive and the excessive number of tracings could be due to (1) creating @tf.function repeatedly in a loop, (2) passing tensors with different shapes, (3) passing Python objects instead of tensors. For (1), please define your @tf.function outside of the loop. For (2), @tf.function has experimental_relax_shapes=True option that relaxes argument shapes that can avoid unnecessary retracing. For (3), please refer to https://www.tensorflow.org/tutorials/customization/performance#python_or_tensor_args and https://www.tensorflow.org/api_docs/python/tf/function for  more details.
WARNING:tensorflow:11 out of the last 11 calls to <function Hypersurface.num_FS_volume_form_tf at 0x7f04c008b950> triggered tf.function retracing. Tracing is expensive and the excessive number of tracings could be due to (1) creating @tf.function repeatedly in a loop, (2) passing tensors with different shapes, (3) passing Python objects instead of tensors. For (1), please define your @tf.function outside of the loop. For (2), @tf.function has experimental_relax_shapes=True option that relaxes argument shapes that can avoid unnecessary retracing. For (3), please refer to https://www.tensorflow.org/tutorials/customization/performance#python_or_tensor_args and https://www.tensorflow.org/api_docs/python/tf/function for  more details.
BASH=/bin/bash
BASHOPTS=cmdhist:complete_fullquote:extquote:force_fignore:hostcomplete:interactive_comments:progcomp:promptvars:sourcepath
BASH_ALIASES=()
BASH_ARGC=()
BASH_ARGV=()
BASH_CMDS=()
BASH_LINENO=([0]="0")
BASH_SOURCE=([0]="experiments.mrd/scanphi500/script")
BASH_VERSINFO=([0]="4" [1]="4" [2]="20" [3]="1" [4]="release" [5]="x86_64-pc-linux-gnu")
BASH_VERSION='4.4.20(1)-release'
DIRSTACK=()
EUID=162515747
GPU=1
GROUPS=()
HOME=/home/mrdouglas
HOSTNAME=aiorion
HOSTTYPE=x86_64
IFS=$' \t\n'
KRB5CCNAME=FILE:/tmp/krb5cc_162515747_ESTuCD
LANG=en_US.UTF-8
LD_LIBRARY_PATH=/usr/local/cuda-10.1/lib64
LESSCLOSE='/usr/bin/lesspipe %s %s'
LESSOPEN='| /usr/bin/lesspipe %s'
LOGNAME=mrdouglas
LS_COLORS='rs=0:di=01;34:ln=01;36:mh=00:pi=40;33:so=01;35:do=01;35:bd=40;33;01:cd=40;33;01:or=40;31;01:mi=00:su=37;41:sg=30;43:ca=30;41:tw=30;42:ow=34;42:st=37;44:ex=01;32:*.tar=01;31:*.tgz=01;31:*.arc=01;31:*.arj=01;31:*.taz=01;31:*.lha=01;31:*.lz4=01;31:*.lzh=01;31:*.lzma=01;31:*.tlz=01;31:*.txz=01;31:*.tzo=01;31:*.t7z=01;31:*.zip=01;31:*.z=01;31:*.Z=01;31:*.dz=01;31:*.gz=01;31:*.lrz=01;31:*.lz=01;31:*.lzo=01;31:*.xz=01;31:*.zst=01;31:*.tzst=01;31:*.bz2=01;31:*.bz=01;31:*.tbz=01;31:*.tbz2=01;31:*.tz=01;31:*.deb=01;31:*.rpm=01;31:*.jar=01;31:*.war=01;31:*.ear=01;31:*.sar=01;31:*.rar=01;31:*.alz=01;31:*.ace=01;31:*.zoo=01;31:*.cpio=01;31:*.7z=01;31:*.rz=01;31:*.cab=01;31:*.wim=01;31:*.swm=01;31:*.dwm=01;31:*.esd=01;31:*.jpg=01;35:*.jpeg=01;35:*.mjpg=01;35:*.mjpeg=01;35:*.gif=01;35:*.bmp=01;35:*.pbm=01;35:*.pgm=01;35:*.ppm=01;35:*.tga=01;35:*.xbm=01;35:*.xpm=01;35:*.tif=01;35:*.tiff=01;35:*.png=01;35:*.svg=01;35:*.svgz=01;35:*.mng=01;35:*.pcx=01;35:*.mov=01;35:*.mpg=01;35:*.mpeg=01;35:*.m2v=01;35:*.mkv=01;35:*.webm=01;35:*.ogm=01;35:*.mp4=01;35:*.m4v=01;35:*.mp4v=01;35:*.vob=01;35:*.qt=01;35:*.nuv=01;35:*.wmv=01;35:*.asf=01;35:*.rm=01;35:*.rmvb=01;35:*.flc=01;35:*.avi=01;35:*.fli=01;35:*.flv=01;35:*.gl=01;35:*.dl=01;35:*.xcf=01;35:*.xwd=01;35:*.yuv=01;35:*.cgm=01;35:*.emf=01;35:*.ogv=01;35:*.ogx=01;35:*.aac=00;36:*.au=00;36:*.flac=00;36:*.m4a=00;36:*.mid=00;36:*.midi=00;36:*.mka=00;36:*.mp3=00;36:*.mpc=00;36:*.ogg=00;36:*.ra=00;36:*.wav=00;36:*.oga=00;36:*.opus=00;36:*.spx=00;36:*.xspf=00;36:'
MACHTYPE=x86_64-pc-linux-gnu
MAIL=/var/mail/mrdouglas
OLDPWD=/home/mrdouglas/Manifold/experiments.mrd/scanphi500
OPTERR=1
OPTIND=1
OSTYPE=linux-gnu
PATH=/home/mrdouglas/Manifold/bin:/home/mrdouglas/.local/bin:/usr/local/cuda-10.1/bin:/usr/local/cuda-10.1/NsightCompute-2019.1:/usr/local/sbin:/usr/local/bin:/usr/sbin:/usr/bin:/sbin:/bin:/usr/games:/usr/local/games:/snap/bin
PPID=10465
PS4='+ '
PWD=/home/mrdouglas/Manifold
SEED=17
SHELL=/bin/bash
SHELLOPTS=braceexpand:hashall:interactive-comments
SHLVL=2
SSH_CLIENT='129.49.6.206 58020 130'
SSH_CONNECTION='129.49.6.206 58020 130.245.162.50 130'
SSH_TTY=/dev/pts/0
TERM=xterm-256color
UID=162515747
USER=mrdouglas
VIRTUAL_ENV=/home/mrdouglas/Manifold
XDG_DATA_DIRS=/usr/local/share:/usr/share:/var/lib/snapd/desktop
XDG_RUNTIME_DIR=/run/user/162515747
XDG_SESSION_ID=231
_=/usr/bin/nohup
seed=17 gpu=1
2020-09-09 21:25:14.479912: I tensorflow/stream_executor/platform/default/dso_loader.cc:48] Successfully opened dynamic library libcudart.so.10.1
2020-09-09 21:28:06.677716: I tensorflow/stream_executor/platform/default/dso_loader.cc:48] Successfully opened dynamic library libcuda.so.1
2020-09-09 21:28:06.879472: I tensorflow/core/common_runtime/gpu/gpu_device.cc:1716] Found device 0 with properties: 
pciBusID: 0000:1b:00.0 name: Tesla V100-SXM2-32GB computeCapability: 7.0
coreClock: 1.53GHz coreCount: 80 deviceMemorySize: 31.72GiB deviceMemoryBandwidth: 836.37GiB/s
2020-09-09 21:28:06.879559: I tensorflow/stream_executor/platform/default/dso_loader.cc:48] Successfully opened dynamic library libcudart.so.10.1
2020-09-09 21:28:06.882305: I tensorflow/stream_executor/platform/default/dso_loader.cc:48] Successfully opened dynamic library libcublas.so.10
2020-09-09 21:28:06.884770: I tensorflow/stream_executor/platform/default/dso_loader.cc:48] Successfully opened dynamic library libcufft.so.10
2020-09-09 21:28:06.885195: I tensorflow/stream_executor/platform/default/dso_loader.cc:48] Successfully opened dynamic library libcurand.so.10
2020-09-09 21:28:06.887946: I tensorflow/stream_executor/platform/default/dso_loader.cc:48] Successfully opened dynamic library libcusolver.so.10
2020-09-09 21:28:06.889576: I tensorflow/stream_executor/platform/default/dso_loader.cc:48] Successfully opened dynamic library libcusparse.so.10
2020-09-09 21:28:06.895114: I tensorflow/stream_executor/platform/default/dso_loader.cc:48] Successfully opened dynamic library libcudnn.so.7
2020-09-09 21:28:06.911503: I tensorflow/core/common_runtime/gpu/gpu_device.cc:1858] Adding visible gpu devices: 0
2020-09-09 21:28:06.913235: I tensorflow/core/platform/cpu_feature_guard.cc:142] This TensorFlow binary is optimized with oneAPI Deep Neural Network Library (oneDNN)to use the following CPU instructions in performance-critical operations:  AVX2 AVX512F FMA
To enable them in other operations, rebuild TensorFlow with the appropriate compiler flags.
2020-09-09 21:28:06.981047: I tensorflow/core/platform/profile_utils/cpu_utils.cc:104] CPU Frequency: 2300000000 Hz
2020-09-09 21:28:06.990620: I tensorflow/compiler/xla/service/service.cc:168] XLA service 0x4e76590 initialized for platform Host (this does not guarantee that XLA will be used). Devices:
2020-09-09 21:28:06.990688: I tensorflow/compiler/xla/service/service.cc:176]   StreamExecutor device (0): Host, Default Version
2020-09-09 21:28:07.489454: I tensorflow/compiler/xla/service/service.cc:168] XLA service 0x4e44760 initialized for platform CUDA (this does not guarantee that XLA will be used). Devices:
2020-09-09 21:28:07.489637: I tensorflow/compiler/xla/service/service.cc:176]   StreamExecutor device (0): Tesla V100-SXM2-32GB, Compute Capability 7.0
2020-09-09 21:28:07.496564: I tensorflow/core/common_runtime/gpu/gpu_device.cc:1716] Found device 0 with properties: 
pciBusID: 0000:1b:00.0 name: Tesla V100-SXM2-32GB computeCapability: 7.0
coreClock: 1.53GHz coreCount: 80 deviceMemorySize: 31.72GiB deviceMemoryBandwidth: 836.37GiB/s
2020-09-09 21:28:07.496701: I tensorflow/stream_executor/platform/default/dso_loader.cc:48] Successfully opened dynamic library libcudart.so.10.1
2020-09-09 21:28:07.496817: I tensorflow/stream_executor/platform/default/dso_loader.cc:48] Successfully opened dynamic library libcublas.so.10
2020-09-09 21:28:07.496856: I tensorflow/stream_executor/platform/default/dso_loader.cc:48] Successfully opened dynamic library libcufft.so.10
2020-09-09 21:28:07.496887: I tensorflow/stream_executor/platform/default/dso_loader.cc:48] Successfully opened dynamic library libcurand.so.10
2020-09-09 21:28:07.496919: I tensorflow/stream_executor/platform/default/dso_loader.cc:48] Successfully opened dynamic library libcusolver.so.10
2020-09-09 21:28:07.496945: I tensorflow/stream_executor/platform/default/dso_loader.cc:48] Successfully opened dynamic library libcusparse.so.10
2020-09-09 21:28:07.496973: I tensorflow/stream_executor/platform/default/dso_loader.cc:48] Successfully opened dynamic library libcudnn.so.7
2020-09-09 21:28:07.508872: I tensorflow/core/common_runtime/gpu/gpu_device.cc:1858] Adding visible gpu devices: 0
2020-09-09 21:28:07.508985: I tensorflow/stream_executor/platform/default/dso_loader.cc:48] Successfully opened dynamic library libcudart.so.10.1
2020-09-09 21:28:08.972281: I tensorflow/core/common_runtime/gpu/gpu_device.cc:1257] Device interconnect StreamExecutor with strength 1 edge matrix:
2020-09-09 21:28:08.972565: I tensorflow/core/common_runtime/gpu/gpu_device.cc:1263]      0 
2020-09-09 21:28:08.972617: I tensorflow/core/common_runtime/gpu/gpu_device.cc:1276] 0:   N 
2020-09-09 21:28:08.981664: I tensorflow/core/common_runtime/gpu/gpu_device.cc:1402] Created TensorFlow device (/job:localhost/replica:0/task:0/device:GPU:0 with 30098 MB memory) -> physical GPU (device: 0, name: Tesla V100-SXM2-32GB, pci bus id: 0000:1b:00.0, compute capability: 7.0)
2020-09-09 21:28:12.059913: I tensorflow/stream_executor/platform/default/dso_loader.cc:48] Successfully opened dynamic library libcublas.so.10
2020-09-09 21:28:12.789217: I tensorflow/core/kernels/cuda_solvers.cc:180] Creating CudaSolver handles for stream 0x78534c0
2020-09-09 21:28:12.789426: I tensorflow/stream_executor/platform/default/dso_loader.cc:48] Successfully opened dynamic library libcusolver.so.10
2020-09-09 21:28:13.671028: I tensorflow/stream_executor/platform/default/dso_loader.cc:48] Successfully opened dynamic library libcublas.so.10
WARNING:tensorflow:5 out of the last 5 calls to <function Hypersurface.num_FS_volume_form_tf at 0x7febf2380378> triggered tf.function retracing. Tracing is expensive and the excessive number of tracings could be due to (1) creating @tf.function repeatedly in a loop, (2) passing tensors with different shapes, (3) passing Python objects instead of tensors. For (1), please define your @tf.function outside of the loop. For (2), @tf.function has experimental_relax_shapes=True option that relaxes argument shapes that can avoid unnecessary retracing. For (3), please refer to https://www.tensorflow.org/tutorials/customization/performance#python_or_tensor_args and https://www.tensorflow.org/api_docs/python/tf/function for  more details.
WARNING:tensorflow:6 out of the last 6 calls to <function Hypersurface.num_FS_volume_form_tf at 0x7febf2380950> triggered tf.function retracing. Tracing is expensive and the excessive number of tracings could be due to (1) creating @tf.function repeatedly in a loop, (2) passing tensors with different shapes, (3) passing Python objects instead of tensors. For (1), please define your @tf.function outside of the loop. For (2), @tf.function has experimental_relax_shapes=True option that relaxes argument shapes that can avoid unnecessary retracing. For (3), please refer to https://www.tensorflow.org/tutorials/customization/performance#python_or_tensor_args and https://www.tensorflow.org/api_docs/python/tf/function for  more details.
WARNING:tensorflow:7 out of the last 7 calls to <function Hypersurface.num_FS_volume_form_tf at 0x7febf238d730> triggered tf.function retracing. Tracing is expensive and the excessive number of tracings could be due to (1) creating @tf.function repeatedly in a loop, (2) passing tensors with different shapes, (3) passing Python objects instead of tensors. For (1), please define your @tf.function outside of the loop. For (2), @tf.function has experimental_relax_shapes=True option that relaxes argument shapes that can avoid unnecessary retracing. For (3), please refer to https://www.tensorflow.org/tutorials/customization/performance#python_or_tensor_args and https://www.tensorflow.org/api_docs/python/tf/function for  more details.
WARNING:tensorflow:8 out of the last 8 calls to <function Hypersurface.num_FS_volume_form_tf at 0x7febf23dfea0> triggered tf.function retracing. Tracing is expensive and the excessive number of tracings could be due to (1) creating @tf.function repeatedly in a loop, (2) passing tensors with different shapes, (3) passing Python objects instead of tensors. For (1), please define your @tf.function outside of the loop. For (2), @tf.function has experimental_relax_shapes=True option that relaxes argument shapes that can avoid unnecessary retracing. For (3), please refer to https://www.tensorflow.org/tutorials/customization/performance#python_or_tensor_args and https://www.tensorflow.org/api_docs/python/tf/function for  more details.
WARNING:tensorflow:9 out of the last 9 calls to <function Hypersurface.num_FS_volume_form_tf at 0x7feb947812f0> triggered tf.function retracing. Tracing is expensive and the excessive number of tracings could be due to (1) creating @tf.function repeatedly in a loop, (2) passing tensors with different shapes, (3) passing Python objects instead of tensors. For (1), please define your @tf.function outside of the loop. For (2), @tf.function has experimental_relax_shapes=True option that relaxes argument shapes that can avoid unnecessary retracing. For (3), please refer to https://www.tensorflow.org/tutorials/customization/performance#python_or_tensor_args and https://www.tensorflow.org/api_docs/python/tf/function for  more details.
WARNING:tensorflow:10 out of the last 10 calls to <function Hypersurface.num_FS_volume_form_tf at 0x7feb94781c80> triggered tf.function retracing. Tracing is expensive and the excessive number of tracings could be due to (1) creating @tf.function repeatedly in a loop, (2) passing tensors with different shapes, (3) passing Python objects instead of tensors. For (1), please define your @tf.function outside of the loop. For (2), @tf.function has experimental_relax_shapes=True option that relaxes argument shapes that can avoid unnecessary retracing. For (3), please refer to https://www.tensorflow.org/tutorials/customization/performance#python_or_tensor_args and https://www.tensorflow.org/api_docs/python/tf/function for  more details.
WARNING:tensorflow:11 out of the last 11 calls to <function Hypersurface.num_FS_volume_form_tf at 0x7feb94779f28> triggered tf.function retracing. Tracing is expensive and the excessive number of tracings could be due to (1) creating @tf.function repeatedly in a loop, (2) passing tensors with different shapes, (3) passing Python objects instead of tensors. For (1), please define your @tf.function outside of the loop. For (2), @tf.function has experimental_relax_shapes=True option that relaxes argument shapes that can avoid unnecessary retracing. For (3), please refer to https://www.tensorflow.org/tutorials/customization/performance#python_or_tensor_args and https://www.tensorflow.org/api_docs/python/tf/function for  more details.
WARNING:tensorflow:11 out of the last 11 calls to <function Hypersurface.num_FS_volume_form_tf at 0x7feb94781840> triggered tf.function retracing. Tracing is expensive and the excessive number of tracings could be due to (1) creating @tf.function repeatedly in a loop, (2) passing tensors with different shapes, (3) passing Python objects instead of tensors. For (1), please define your @tf.function outside of the loop. For (2), @tf.function has experimental_relax_shapes=True option that relaxes argument shapes that can avoid unnecessary retracing. For (3), please refer to https://www.tensorflow.org/tutorials/customization/performance#python_or_tensor_args and https://www.tensorflow.org/api_docs/python/tf/function for  more details.
WARNING:tensorflow:11 out of the last 11 calls to <function Hypersurface.num_FS_volume_form_tf at 0x7feb94779e18> triggered tf.function retracing. Tracing is expensive and the excessive number of tracings could be due to (1) creating @tf.function repeatedly in a loop, (2) passing tensors with different shapes, (3) passing Python objects instead of tensors. For (1), please define your @tf.function outside of the loop. For (2), @tf.function has experimental_relax_shapes=True option that relaxes argument shapes that can avoid unnecessary retracing. For (3), please refer to https://www.tensorflow.org/tutorials/customization/performance#python_or_tensor_args and https://www.tensorflow.org/api_docs/python/tf/function for  more details.
WARNING:tensorflow:11 out of the last 11 calls to <function Hypersurface.num_FS_volume_form_tf at 0x7feb946d86a8> triggered tf.function retracing. Tracing is expensive and the excessive number of tracings could be due to (1) creating @tf.function repeatedly in a loop, (2) passing tensors with different shapes, (3) passing Python objects instead of tensors. For (1), please define your @tf.function outside of the loop. For (2), @tf.function has experimental_relax_shapes=True option that relaxes argument shapes that can avoid unnecessary retracing. For (3), please refer to https://www.tensorflow.org/tutorials/customization/performance#python_or_tensor_args and https://www.tensorflow.org/api_docs/python/tf/function for  more details.
WARNING:tensorflow:11 out of the last 11 calls to <function Hypersurface.num_FS_volume_form_tf at 0x7feb947eed90> triggered tf.function retracing. Tracing is expensive and the excessive number of tracings could be due to (1) creating @tf.function repeatedly in a loop, (2) passing tensors with different shapes, (3) passing Python objects instead of tensors. For (1), please define your @tf.function outside of the loop. For (2), @tf.function has experimental_relax_shapes=True option that relaxes argument shapes that can avoid unnecessary retracing. For (3), please refer to https://www.tensorflow.org/tutorials/customization/performance#python_or_tensor_args and https://www.tensorflow.org/api_docs/python/tf/function for  more details.
WARNING:tensorflow:11 out of the last 11 calls to <function Hypersurface.num_FS_volume_form_tf at 0x7feb94779d90> triggered tf.function retracing. Tracing is expensive and the excessive number of tracings could be due to (1) creating @tf.function repeatedly in a loop, (2) passing tensors with different shapes, (3) passing Python objects instead of tensors. For (1), please define your @tf.function outside of the loop. For (2), @tf.function has experimental_relax_shapes=True option that relaxes argument shapes that can avoid unnecessary retracing. For (3), please refer to https://www.tensorflow.org/tutorials/customization/performance#python_or_tensor_args and https://www.tensorflow.org/api_docs/python/tf/function for  more details.
WARNING:tensorflow:11 out of the last 11 calls to <function Hypersurface.num_FS_volume_form_tf at 0x7feb94758c80> triggered tf.function retracing. Tracing is expensive and the excessive number of tracings could be due to (1) creating @tf.function repeatedly in a loop, (2) passing tensors with different shapes, (3) passing Python objects instead of tensors. For (1), please define your @tf.function outside of the loop. For (2), @tf.function has experimental_relax_shapes=True option that relaxes argument shapes that can avoid unnecessary retracing. For (3), please refer to https://www.tensorflow.org/tutorials/customization/performance#python_or_tensor_args and https://www.tensorflow.org/api_docs/python/tf/function for  more details.
WARNING:tensorflow:11 out of the last 11 calls to <function Hypersurface.num_FS_volume_form_tf at 0x7feb947589d8> triggered tf.function retracing. Tracing is expensive and the excessive number of tracings could be due to (1) creating @tf.function repeatedly in a loop, (2) passing tensors with different shapes, (3) passing Python objects instead of tensors. For (1), please define your @tf.function outside of the loop. For (2), @tf.function has experimental_relax_shapes=True option that relaxes argument shapes that can avoid unnecessary retracing. For (3), please refer to https://www.tensorflow.org/tutorials/customization/performance#python_or_tensor_args and https://www.tensorflow.org/api_docs/python/tf/function for  more details.
WARNING:tensorflow:11 out of the last 11 calls to <function Hypersurface.num_FS_volume_form_tf at 0x7feb94758f28> triggered tf.function retracing. Tracing is expensive and the excessive number of tracings could be due to (1) creating @tf.function repeatedly in a loop, (2) passing tensors with different shapes, (3) passing Python objects instead of tensors. For (1), please define your @tf.function outside of the loop. For (2), @tf.function has experimental_relax_shapes=True option that relaxes argument shapes that can avoid unnecessary retracing. For (3), please refer to https://www.tensorflow.org/tutorials/customization/performance#python_or_tensor_args and https://www.tensorflow.org/api_docs/python/tf/function for  more details.
WARNING:tensorflow:11 out of the last 11 calls to <function Hypersurface.num_FS_volume_form_tf at 0x7feb94569048> triggered tf.function retracing. Tracing is expensive and the excessive number of tracings could be due to (1) creating @tf.function repeatedly in a loop, (2) passing tensors with different shapes, (3) passing Python objects instead of tensors. For (1), please define your @tf.function outside of the loop. For (2), @tf.function has experimental_relax_shapes=True option that relaxes argument shapes that can avoid unnecessary retracing. For (3), please refer to https://www.tensorflow.org/tutorials/customization/performance#python_or_tensor_args and https://www.tensorflow.org/api_docs/python/tf/function for  more details.
WARNING:tensorflow:11 out of the last 11 calls to <function Hypersurface.num_FS_volume_form_tf at 0x7feb9453f7b8> triggered tf.function retracing. Tracing is expensive and the excessive number of tracings could be due to (1) creating @tf.function repeatedly in a loop, (2) passing tensors with different shapes, (3) passing Python objects instead of tensors. For (1), please define your @tf.function outside of the loop. For (2), @tf.function has experimental_relax_shapes=True option that relaxes argument shapes that can avoid unnecessary retracing. For (3), please refer to https://www.tensorflow.org/tutorials/customization/performance#python_or_tensor_args and https://www.tensorflow.org/api_docs/python/tf/function for  more details.
WARNING:tensorflow:11 out of the last 11 calls to <function Hypersurface.num_FS_volume_form_tf at 0x7feb9453ff28> triggered tf.function retracing. Tracing is expensive and the excessive number of tracings could be due to (1) creating @tf.function repeatedly in a loop, (2) passing tensors with different shapes, (3) passing Python objects instead of tensors. For (1), please define your @tf.function outside of the loop. For (2), @tf.function has experimental_relax_shapes=True option that relaxes argument shapes that can avoid unnecessary retracing. For (3), please refer to https://www.tensorflow.org/tutorials/customization/performance#python_or_tensor_args and https://www.tensorflow.org/api_docs/python/tf/function for  more details.
WARNING:tensorflow:11 out of the last 11 calls to <function Hypersurface.num_FS_volume_form_tf at 0x7feb9454f730> triggered tf.function retracing. Tracing is expensive and the excessive number of tracings could be due to (1) creating @tf.function repeatedly in a loop, (2) passing tensors with different shapes, (3) passing Python objects instead of tensors. For (1), please define your @tf.function outside of the loop. For (2), @tf.function has experimental_relax_shapes=True option that relaxes argument shapes that can avoid unnecessary retracing. For (3), please refer to https://www.tensorflow.org/tutorials/customization/performance#python_or_tensor_args and https://www.tensorflow.org/api_docs/python/tf/function for  more details.
WARNING:tensorflow:11 out of the last 11 calls to <function Hypersurface.num_FS_volume_form_tf at 0x7feb9454fe18> triggered tf.function retracing. Tracing is expensive and the excessive number of tracings could be due to (1) creating @tf.function repeatedly in a loop, (2) passing tensors with different shapes, (3) passing Python objects instead of tensors. For (1), please define your @tf.function outside of the loop. For (2), @tf.function has experimental_relax_shapes=True option that relaxes argument shapes that can avoid unnecessary retracing. For (3), please refer to https://www.tensorflow.org/tutorials/customization/performance#python_or_tensor_args and https://www.tensorflow.org/api_docs/python/tf/function for  more details.
WARNING:tensorflow:11 out of the last 11 calls to <function Hypersurface.num_FS_volume_form_tf at 0x7feb9453fb70> triggered tf.function retracing. Tracing is expensive and the excessive number of tracings could be due to (1) creating @tf.function repeatedly in a loop, (2) passing tensors with different shapes, (3) passing Python objects instead of tensors. For (1), please define your @tf.function outside of the loop. For (2), @tf.function has experimental_relax_shapes=True option that relaxes argument shapes that can avoid unnecessary retracing. For (3), please refer to https://www.tensorflow.org/tutorials/customization/performance#python_or_tensor_args and https://www.tensorflow.org/api_docs/python/tf/function for  more details.
WARNING:tensorflow:11 out of the last 11 calls to <function Hypersurface.num_FS_volume_form_tf at 0x7feb94509d90> triggered tf.function retracing. Tracing is expensive and the excessive number of tracings could be due to (1) creating @tf.function repeatedly in a loop, (2) passing tensors with different shapes, (3) passing Python objects instead of tensors. For (1), please define your @tf.function outside of the loop. For (2), @tf.function has experimental_relax_shapes=True option that relaxes argument shapes that can avoid unnecessary retracing. For (3), please refer to https://www.tensorflow.org/tutorials/customization/performance#python_or_tensor_args and https://www.tensorflow.org/api_docs/python/tf/function for  more details.
WARNING:tensorflow:11 out of the last 11 calls to <function Hypersurface.num_FS_volume_form_tf at 0x7feb943839d8> triggered tf.function retracing. Tracing is expensive and the excessive number of tracings could be due to (1) creating @tf.function repeatedly in a loop, (2) passing tensors with different shapes, (3) passing Python objects instead of tensors. For (1), please define your @tf.function outside of the loop. For (2), @tf.function has experimental_relax_shapes=True option that relaxes argument shapes that can avoid unnecessary retracing. For (3), please refer to https://www.tensorflow.org/tutorials/customization/performance#python_or_tensor_args and https://www.tensorflow.org/api_docs/python/tf/function for  more details.
WARNING:tensorflow:11 out of the last 11 calls to <function Hypersurface.num_FS_volume_form_tf at 0x7feb9412cf28> triggered tf.function retracing. Tracing is expensive and the excessive number of tracings could be due to (1) creating @tf.function repeatedly in a loop, (2) passing tensors with different shapes, (3) passing Python objects instead of tensors. For (1), please define your @tf.function outside of the loop. For (2), @tf.function has experimental_relax_shapes=True option that relaxes argument shapes that can avoid unnecessary retracing. For (3), please refer to https://www.tensorflow.org/tutorials/customization/performance#python_or_tensor_args and https://www.tensorflow.org/api_docs/python/tf/function for  more details.
WARNING:tensorflow:11 out of the last 11 calls to <function Hypersurface.num_FS_volume_form_tf at 0x7feb9412c9d8> triggered tf.function retracing. Tracing is expensive and the excessive number of tracings could be due to (1) creating @tf.function repeatedly in a loop, (2) passing tensors with different shapes, (3) passing Python objects instead of tensors. For (1), please define your @tf.function outside of the loop. For (2), @tf.function has experimental_relax_shapes=True option that relaxes argument shapes that can avoid unnecessary retracing. For (3), please refer to https://www.tensorflow.org/tutorials/customization/performance#python_or_tensor_args and https://www.tensorflow.org/api_docs/python/tf/function for  more details.
WARNING:tensorflow:11 out of the last 11 calls to <function Hypersurface.num_FS_volume_form_tf at 0x7feb941d5620> triggered tf.function retracing. Tracing is expensive and the excessive number of tracings could be due to (1) creating @tf.function repeatedly in a loop, (2) passing tensors with different shapes, (3) passing Python objects instead of tensors. For (1), please define your @tf.function outside of the loop. For (2), @tf.function has experimental_relax_shapes=True option that relaxes argument shapes that can avoid unnecessary retracing. For (3), please refer to https://www.tensorflow.org/tutorials/customization/performance#python_or_tensor_args and https://www.tensorflow.org/api_docs/python/tf/function for  more details.
WARNING:tensorflow:11 out of the last 11 calls to <function Hypersurface.num_FS_volume_form_tf at 0x7feb941340d0> triggered tf.function retracing. Tracing is expensive and the excessive number of tracings could be due to (1) creating @tf.function repeatedly in a loop, (2) passing tensors with different shapes, (3) passing Python objects instead of tensors. For (1), please define your @tf.function outside of the loop. For (2), @tf.function has experimental_relax_shapes=True option that relaxes argument shapes that can avoid unnecessary retracing. For (3), please refer to https://www.tensorflow.org/tutorials/customization/performance#python_or_tensor_args and https://www.tensorflow.org/api_docs/python/tf/function for  more details.
WARNING:tensorflow:11 out of the last 11 calls to <function Hypersurface.num_FS_volume_form_tf at 0x7feb941d52f0> triggered tf.function retracing. Tracing is expensive and the excessive number of tracings could be due to (1) creating @tf.function repeatedly in a loop, (2) passing tensors with different shapes, (3) passing Python objects instead of tensors. For (1), please define your @tf.function outside of the loop. For (2), @tf.function has experimental_relax_shapes=True option that relaxes argument shapes that can avoid unnecessary retracing. For (3), please refer to https://www.tensorflow.org/tutorials/customization/performance#python_or_tensor_args and https://www.tensorflow.org/api_docs/python/tf/function for  more details.
WARNING:tensorflow:11 out of the last 11 calls to <function Hypersurface.num_FS_volume_form_tf at 0x7feb9449c6a8> triggered tf.function retracing. Tracing is expensive and the excessive number of tracings could be due to (1) creating @tf.function repeatedly in a loop, (2) passing tensors with different shapes, (3) passing Python objects instead of tensors. For (1), please define your @tf.function outside of the loop. For (2), @tf.function has experimental_relax_shapes=True option that relaxes argument shapes that can avoid unnecessary retracing. For (3), please refer to https://www.tensorflow.org/tutorials/customization/performance#python_or_tensor_args and https://www.tensorflow.org/api_docs/python/tf/function for  more details.
WARNING:tensorflow:11 out of the last 11 calls to <function Hypersurface.num_FS_volume_form_tf at 0x7feb9449c950> triggered tf.function retracing. Tracing is expensive and the excessive number of tracings could be due to (1) creating @tf.function repeatedly in a loop, (2) passing tensors with different shapes, (3) passing Python objects instead of tensors. For (1), please define your @tf.function outside of the loop. For (2), @tf.function has experimental_relax_shapes=True option that relaxes argument shapes that can avoid unnecessary retracing. For (3), please refer to https://www.tensorflow.org/tutorials/customization/performance#python_or_tensor_args and https://www.tensorflow.org/api_docs/python/tf/function for  more details.
WARNING:tensorflow:11 out of the last 11 calls to <function Hypersurface.num_FS_volume_form_tf at 0x7feb9449c400> triggered tf.function retracing. Tracing is expensive and the excessive number of tracings could be due to (1) creating @tf.function repeatedly in a loop, (2) passing tensors with different shapes, (3) passing Python objects instead of tensors. For (1), please define your @tf.function outside of the loop. For (2), @tf.function has experimental_relax_shapes=True option that relaxes argument shapes that can avoid unnecessary retracing. For (3), please refer to https://www.tensorflow.org/tutorials/customization/performance#python_or_tensor_args and https://www.tensorflow.org/api_docs/python/tf/function for  more details.
WARNING:tensorflow:11 out of the last 11 calls to <function Hypersurface.num_FS_volume_form_tf at 0x7feb94245e18> triggered tf.function retracing. Tracing is expensive and the excessive number of tracings could be due to (1) creating @tf.function repeatedly in a loop, (2) passing tensors with different shapes, (3) passing Python objects instead of tensors. For (1), please define your @tf.function outside of the loop. For (2), @tf.function has experimental_relax_shapes=True option that relaxes argument shapes that can avoid unnecessary retracing. For (3), please refer to https://www.tensorflow.org/tutorials/customization/performance#python_or_tensor_args and https://www.tensorflow.org/api_docs/python/tf/function for  more details.
WARNING:tensorflow:11 out of the last 11 calls to <function Hypersurface.num_FS_volume_form_tf at 0x7feb94245950> triggered tf.function retracing. Tracing is expensive and the excessive number of tracings could be due to (1) creating @tf.function repeatedly in a loop, (2) passing tensors with different shapes, (3) passing Python objects instead of tensors. For (1), please define your @tf.function outside of the loop. For (2), @tf.function has experimental_relax_shapes=True option that relaxes argument shapes that can avoid unnecessary retracing. For (3), please refer to https://www.tensorflow.org/tutorials/customization/performance#python_or_tensor_args and https://www.tensorflow.org/api_docs/python/tf/function for  more details.
WARNING:tensorflow:11 out of the last 11 calls to <function Hypersurface.num_FS_volume_form_tf at 0x7feb940578c8> triggered tf.function retracing. Tracing is expensive and the excessive number of tracings could be due to (1) creating @tf.function repeatedly in a loop, (2) passing tensors with different shapes, (3) passing Python objects instead of tensors. For (1), please define your @tf.function outside of the loop. For (2), @tf.function has experimental_relax_shapes=True option that relaxes argument shapes that can avoid unnecessary retracing. For (3), please refer to https://www.tensorflow.org/tutorials/customization/performance#python_or_tensor_args and https://www.tensorflow.org/api_docs/python/tf/function for  more details.
WARNING:tensorflow:11 out of the last 11 calls to <function Hypersurface.num_FS_volume_form_tf at 0x7feb887558c8> triggered tf.function retracing. Tracing is expensive and the excessive number of tracings could be due to (1) creating @tf.function repeatedly in a loop, (2) passing tensors with different shapes, (3) passing Python objects instead of tensors. For (1), please define your @tf.function outside of the loop. For (2), @tf.function has experimental_relax_shapes=True option that relaxes argument shapes that can avoid unnecessary retracing. For (3), please refer to https://www.tensorflow.org/tutorials/customization/performance#python_or_tensor_args and https://www.tensorflow.org/api_docs/python/tf/function for  more details.
WARNING:tensorflow:11 out of the last 11 calls to <function Hypersurface.num_FS_volume_form_tf at 0x7feb88747f28> triggered tf.function retracing. Tracing is expensive and the excessive number of tracings could be due to (1) creating @tf.function repeatedly in a loop, (2) passing tensors with different shapes, (3) passing Python objects instead of tensors. For (1), please define your @tf.function outside of the loop. For (2), @tf.function has experimental_relax_shapes=True option that relaxes argument shapes that can avoid unnecessary retracing. For (3), please refer to https://www.tensorflow.org/tutorials/customization/performance#python_or_tensor_args and https://www.tensorflow.org/api_docs/python/tf/function for  more details.
BASH=/bin/bash
BASHOPTS=cmdhist:complete_fullquote:extquote:force_fignore:hostcomplete:interactive_comments:progcomp:promptvars:sourcepath
BASH_ALIASES=()
BASH_ARGC=()
BASH_ARGV=()
BASH_CMDS=()
BASH_LINENO=([0]="0")
BASH_SOURCE=([0]="experiments.mrd/scanphi500/script")
BASH_VERSINFO=([0]="4" [1]="4" [2]="20" [3]="1" [4]="release" [5]="x86_64-pc-linux-gnu")
BASH_VERSION='4.4.20(1)-release'
DIRSTACK=()
EUID=162515747
GPU=1
GROUPS=()
HOME=/home/mrdouglas
HOSTNAME=aiorion
HOSTTYPE=x86_64
IFS=$' \t\n'
KRB5CCNAME=FILE:/tmp/krb5cc_162515747_ESTuCD
LANG=en_US.UTF-8
LD_LIBRARY_PATH=/usr/local/cuda-10.1/lib64
LESSCLOSE='/usr/bin/lesspipe %s %s'
LESSOPEN='| /usr/bin/lesspipe %s'
LOGNAME=mrdouglas
LS_COLORS='rs=0:di=01;34:ln=01;36:mh=00:pi=40;33:so=01;35:do=01;35:bd=40;33;01:cd=40;33;01:or=40;31;01:mi=00:su=37;41:sg=30;43:ca=30;41:tw=30;42:ow=34;42:st=37;44:ex=01;32:*.tar=01;31:*.tgz=01;31:*.arc=01;31:*.arj=01;31:*.taz=01;31:*.lha=01;31:*.lz4=01;31:*.lzh=01;31:*.lzma=01;31:*.tlz=01;31:*.txz=01;31:*.tzo=01;31:*.t7z=01;31:*.zip=01;31:*.z=01;31:*.Z=01;31:*.dz=01;31:*.gz=01;31:*.lrz=01;31:*.lz=01;31:*.lzo=01;31:*.xz=01;31:*.zst=01;31:*.tzst=01;31:*.bz2=01;31:*.bz=01;31:*.tbz=01;31:*.tbz2=01;31:*.tz=01;31:*.deb=01;31:*.rpm=01;31:*.jar=01;31:*.war=01;31:*.ear=01;31:*.sar=01;31:*.rar=01;31:*.alz=01;31:*.ace=01;31:*.zoo=01;31:*.cpio=01;31:*.7z=01;31:*.rz=01;31:*.cab=01;31:*.wim=01;31:*.swm=01;31:*.dwm=01;31:*.esd=01;31:*.jpg=01;35:*.jpeg=01;35:*.mjpg=01;35:*.mjpeg=01;35:*.gif=01;35:*.bmp=01;35:*.pbm=01;35:*.pgm=01;35:*.ppm=01;35:*.tga=01;35:*.xbm=01;35:*.xpm=01;35:*.tif=01;35:*.tiff=01;35:*.png=01;35:*.svg=01;35:*.svgz=01;35:*.mng=01;35:*.pcx=01;35:*.mov=01;35:*.mpg=01;35:*.mpeg=01;35:*.m2v=01;35:*.mkv=01;35:*.webm=01;35:*.ogm=01;35:*.mp4=01;35:*.m4v=01;35:*.mp4v=01;35:*.vob=01;35:*.qt=01;35:*.nuv=01;35:*.wmv=01;35:*.asf=01;35:*.rm=01;35:*.rmvb=01;35:*.flc=01;35:*.avi=01;35:*.fli=01;35:*.flv=01;35:*.gl=01;35:*.dl=01;35:*.xcf=01;35:*.xwd=01;35:*.yuv=01;35:*.cgm=01;35:*.emf=01;35:*.ogv=01;35:*.ogx=01;35:*.aac=00;36:*.au=00;36:*.flac=00;36:*.m4a=00;36:*.mid=00;36:*.midi=00;36:*.mka=00;36:*.mp3=00;36:*.mpc=00;36:*.ogg=00;36:*.ra=00;36:*.wav=00;36:*.oga=00;36:*.opus=00;36:*.spx=00;36:*.xspf=00;36:'
MACHTYPE=x86_64-pc-linux-gnu
MAIL=/var/mail/mrdouglas
OLDPWD=/home/mrdouglas/Manifold/experiments.mrd/scanphi500
OPTERR=1
OPTIND=1
OSTYPE=linux-gnu
PATH=/home/mrdouglas/Manifold/bin:/home/mrdouglas/.local/bin:/usr/local/cuda-10.1/bin:/usr/local/cuda-10.1/NsightCompute-2019.1:/usr/local/sbin:/usr/local/bin:/usr/sbin:/usr/bin:/sbin:/bin:/usr/games:/usr/local/games:/snap/bin
PPID=10465
PS4='+ '
PWD=/home/mrdouglas/Manifold
SEED=17
SHELL=/bin/bash
SHELLOPTS=braceexpand:hashall:interactive-comments
SHLVL=2
SSH_CLIENT='129.49.6.206 58020 130'
SSH_CONNECTION='129.49.6.206 58020 130.245.162.50 130'
SSH_TTY=/dev/pts/0
TERM=xterm-256color
UID=162515747
USER=mrdouglas
VIRTUAL_ENV=/home/mrdouglas/Manifold
XDG_DATA_DIRS=/usr/local/share:/usr/share:/var/lib/snapd/desktop
XDG_RUNTIME_DIR=/run/user/162515747
XDG_SESSION_ID=231
_=/usr/bin/nohup
seed=17 gpu=1
Already did run experiments.mrd/scanphi500/m0p5_0p0_17/
experiments.mrd/scanphi500/script: line 17: skipping.: command not found
2020-09-09 21:40:19.953257: I tensorflow/stream_executor/platform/default/dso_loader.cc:48] Successfully opened dynamic library libcudart.so.10.1
2020-09-09 21:43:17.965881: I tensorflow/stream_executor/platform/default/dso_loader.cc:48] Successfully opened dynamic library libcuda.so.1
2020-09-09 21:43:18.026783: I tensorflow/core/common_runtime/gpu/gpu_device.cc:1716] Found device 0 with properties: 
pciBusID: 0000:1b:00.0 name: Tesla V100-SXM2-32GB computeCapability: 7.0
coreClock: 1.53GHz coreCount: 80 deviceMemorySize: 31.72GiB deviceMemoryBandwidth: 836.37GiB/s
2020-09-09 21:43:18.027015: I tensorflow/stream_executor/platform/default/dso_loader.cc:48] Successfully opened dynamic library libcudart.so.10.1
2020-09-09 21:43:18.032281: I tensorflow/stream_executor/platform/default/dso_loader.cc:48] Successfully opened dynamic library libcublas.so.10
2020-09-09 21:43:18.036251: I tensorflow/stream_executor/platform/default/dso_loader.cc:48] Successfully opened dynamic library libcufft.so.10
2020-09-09 21:43:18.037350: I tensorflow/stream_executor/platform/default/dso_loader.cc:48] Successfully opened dynamic library libcurand.so.10
2020-09-09 21:43:18.043703: I tensorflow/stream_executor/platform/default/dso_loader.cc:48] Successfully opened dynamic library libcusolver.so.10
2020-09-09 21:43:18.046351: I tensorflow/stream_executor/platform/default/dso_loader.cc:48] Successfully opened dynamic library libcusparse.so.10
2020-09-09 21:43:18.061102: I tensorflow/stream_executor/platform/default/dso_loader.cc:48] Successfully opened dynamic library libcudnn.so.7
2020-09-09 21:43:18.068378: I tensorflow/core/common_runtime/gpu/gpu_device.cc:1858] Adding visible gpu devices: 0
2020-09-09 21:43:18.069235: I tensorflow/core/platform/cpu_feature_guard.cc:142] This TensorFlow binary is optimized with oneAPI Deep Neural Network Library (oneDNN)to use the following CPU instructions in performance-critical operations:  AVX2 AVX512F FMA
To enable them in other operations, rebuild TensorFlow with the appropriate compiler flags.
2020-09-09 21:43:18.107225: I tensorflow/core/platform/profile_utils/cpu_utils.cc:104] CPU Frequency: 2300000000 Hz
2020-09-09 21:43:18.113174: I tensorflow/compiler/xla/service/service.cc:168] XLA service 0x5dae450 initialized for platform Host (this does not guarantee that XLA will be used). Devices:
2020-09-09 21:43:18.113220: I tensorflow/compiler/xla/service/service.cc:176]   StreamExecutor device (0): Host, Default Version
2020-09-09 21:43:18.669116: I tensorflow/compiler/xla/service/service.cc:168] XLA service 0x5cb8f60 initialized for platform CUDA (this does not guarantee that XLA will be used). Devices:
2020-09-09 21:43:18.669211: I tensorflow/compiler/xla/service/service.cc:176]   StreamExecutor device (0): Tesla V100-SXM2-32GB, Compute Capability 7.0
2020-09-09 21:43:18.675259: I tensorflow/core/common_runtime/gpu/gpu_device.cc:1716] Found device 0 with properties: 
pciBusID: 0000:1b:00.0 name: Tesla V100-SXM2-32GB computeCapability: 7.0
coreClock: 1.53GHz coreCount: 80 deviceMemorySize: 31.72GiB deviceMemoryBandwidth: 836.37GiB/s
2020-09-09 21:43:18.675436: I tensorflow/stream_executor/platform/default/dso_loader.cc:48] Successfully opened dynamic library libcudart.so.10.1
2020-09-09 21:43:18.675550: I tensorflow/stream_executor/platform/default/dso_loader.cc:48] Successfully opened dynamic library libcublas.so.10
2020-09-09 21:43:18.675580: I tensorflow/stream_executor/platform/default/dso_loader.cc:48] Successfully opened dynamic library libcufft.so.10
2020-09-09 21:43:18.675643: I tensorflow/stream_executor/platform/default/dso_loader.cc:48] Successfully opened dynamic library libcurand.so.10
2020-09-09 21:43:18.675668: I tensorflow/stream_executor/platform/default/dso_loader.cc:48] Successfully opened dynamic library libcusolver.so.10
2020-09-09 21:43:18.675692: I tensorflow/stream_executor/platform/default/dso_loader.cc:48] Successfully opened dynamic library libcusparse.so.10
2020-09-09 21:43:18.675716: I tensorflow/stream_executor/platform/default/dso_loader.cc:48] Successfully opened dynamic library libcudnn.so.7
2020-09-09 21:43:18.712048: I tensorflow/core/common_runtime/gpu/gpu_device.cc:1858] Adding visible gpu devices: 0
2020-09-09 21:43:18.712346: I tensorflow/stream_executor/platform/default/dso_loader.cc:48] Successfully opened dynamic library libcudart.so.10.1
2020-09-09 21:43:20.219581: I tensorflow/core/common_runtime/gpu/gpu_device.cc:1257] Device interconnect StreamExecutor with strength 1 edge matrix:
2020-09-09 21:43:20.219749: I tensorflow/core/common_runtime/gpu/gpu_device.cc:1263]      0 
2020-09-09 21:43:20.219773: I tensorflow/core/common_runtime/gpu/gpu_device.cc:1276] 0:   N 
2020-09-09 21:43:20.233880: I tensorflow/core/common_runtime/gpu/gpu_device.cc:1402] Created TensorFlow device (/job:localhost/replica:0/task:0/device:GPU:0 with 30098 MB memory) -> physical GPU (device: 0, name: Tesla V100-SXM2-32GB, pci bus id: 0000:1b:00.0, compute capability: 7.0)
2020-09-09 21:43:23.495337: I tensorflow/stream_executor/platform/default/dso_loader.cc:48] Successfully opened dynamic library libcublas.so.10
2020-09-09 21:43:24.194071: I tensorflow/core/kernels/cuda_solvers.cc:180] Creating CudaSolver handles for stream 0x86bb0f0
2020-09-09 21:43:24.194243: I tensorflow/stream_executor/platform/default/dso_loader.cc:48] Successfully opened dynamic library libcusolver.so.10
2020-09-09 21:43:25.031936: I tensorflow/stream_executor/platform/default/dso_loader.cc:48] Successfully opened dynamic library libcublas.so.10
WARNING:tensorflow:5 out of the last 5 calls to <function Hypersurface.num_FS_volume_form_tf at 0x7f9b7b002400> triggered tf.function retracing. Tracing is expensive and the excessive number of tracings could be due to (1) creating @tf.function repeatedly in a loop, (2) passing tensors with different shapes, (3) passing Python objects instead of tensors. For (1), please define your @tf.function outside of the loop. For (2), @tf.function has experimental_relax_shapes=True option that relaxes argument shapes that can avoid unnecessary retracing. For (3), please refer to https://www.tensorflow.org/tutorials/customization/performance#python_or_tensor_args and https://www.tensorflow.org/api_docs/python/tf/function for  more details.
WARNING:tensorflow:6 out of the last 6 calls to <function Hypersurface.num_FS_volume_form_tf at 0x7f9b70205840> triggered tf.function retracing. Tracing is expensive and the excessive number of tracings could be due to (1) creating @tf.function repeatedly in a loop, (2) passing tensors with different shapes, (3) passing Python objects instead of tensors. For (1), please define your @tf.function outside of the loop. For (2), @tf.function has experimental_relax_shapes=True option that relaxes argument shapes that can avoid unnecessary retracing. For (3), please refer to https://www.tensorflow.org/tutorials/customization/performance#python_or_tensor_args and https://www.tensorflow.org/api_docs/python/tf/function for  more details.
WARNING:tensorflow:7 out of the last 7 calls to <function Hypersurface.num_FS_volume_form_tf at 0x7f9b70205158> triggered tf.function retracing. Tracing is expensive and the excessive number of tracings could be due to (1) creating @tf.function repeatedly in a loop, (2) passing tensors with different shapes, (3) passing Python objects instead of tensors. For (1), please define your @tf.function outside of the loop. For (2), @tf.function has experimental_relax_shapes=True option that relaxes argument shapes that can avoid unnecessary retracing. For (3), please refer to https://www.tensorflow.org/tutorials/customization/performance#python_or_tensor_args and https://www.tensorflow.org/api_docs/python/tf/function for  more details.
WARNING:tensorflow:8 out of the last 8 calls to <function Hypersurface.num_FS_volume_form_tf at 0x7f9b7023fae8> triggered tf.function retracing. Tracing is expensive and the excessive number of tracings could be due to (1) creating @tf.function repeatedly in a loop, (2) passing tensors with different shapes, (3) passing Python objects instead of tensors. For (1), please define your @tf.function outside of the loop. For (2), @tf.function has experimental_relax_shapes=True option that relaxes argument shapes that can avoid unnecessary retracing. For (3), please refer to https://www.tensorflow.org/tutorials/customization/performance#python_or_tensor_args and https://www.tensorflow.org/api_docs/python/tf/function for  more details.
WARNING:tensorflow:9 out of the last 9 calls to <function Hypersurface.num_FS_volume_form_tf at 0x7f9b7023f8c8> triggered tf.function retracing. Tracing is expensive and the excessive number of tracings could be due to (1) creating @tf.function repeatedly in a loop, (2) passing tensors with different shapes, (3) passing Python objects instead of tensors. For (1), please define your @tf.function outside of the loop. For (2), @tf.function has experimental_relax_shapes=True option that relaxes argument shapes that can avoid unnecessary retracing. For (3), please refer to https://www.tensorflow.org/tutorials/customization/performance#python_or_tensor_args and https://www.tensorflow.org/api_docs/python/tf/function for  more details.
WARNING:tensorflow:10 out of the last 10 calls to <function Hypersurface.num_FS_volume_form_tf at 0x7f9b7023f6a8> triggered tf.function retracing. Tracing is expensive and the excessive number of tracings could be due to (1) creating @tf.function repeatedly in a loop, (2) passing tensors with different shapes, (3) passing Python objects instead of tensors. For (1), please define your @tf.function outside of the loop. For (2), @tf.function has experimental_relax_shapes=True option that relaxes argument shapes that can avoid unnecessary retracing. For (3), please refer to https://www.tensorflow.org/tutorials/customization/performance#python_or_tensor_args and https://www.tensorflow.org/api_docs/python/tf/function for  more details.
WARNING:tensorflow:11 out of the last 11 calls to <function Hypersurface.num_FS_volume_form_tf at 0x7f9b14741840> triggered tf.function retracing. Tracing is expensive and the excessive number of tracings could be due to (1) creating @tf.function repeatedly in a loop, (2) passing tensors with different shapes, (3) passing Python objects instead of tensors. For (1), please define your @tf.function outside of the loop. For (2), @tf.function has experimental_relax_shapes=True option that relaxes argument shapes that can avoid unnecessary retracing. For (3), please refer to https://www.tensorflow.org/tutorials/customization/performance#python_or_tensor_args and https://www.tensorflow.org/api_docs/python/tf/function for  more details.
WARNING:tensorflow:11 out of the last 11 calls to <function Hypersurface.num_FS_volume_form_tf at 0x7f9b14765048> triggered tf.function retracing. Tracing is expensive and the excessive number of tracings could be due to (1) creating @tf.function repeatedly in a loop, (2) passing tensors with different shapes, (3) passing Python objects instead of tensors. For (1), please define your @tf.function outside of the loop. For (2), @tf.function has experimental_relax_shapes=True option that relaxes argument shapes that can avoid unnecessary retracing. For (3), please refer to https://www.tensorflow.org/tutorials/customization/performance#python_or_tensor_args and https://www.tensorflow.org/api_docs/python/tf/function for  more details.
WARNING:tensorflow:11 out of the last 11 calls to <function Hypersurface.num_FS_volume_form_tf at 0x7f9b14765598> triggered tf.function retracing. Tracing is expensive and the excessive number of tracings could be due to (1) creating @tf.function repeatedly in a loop, (2) passing tensors with different shapes, (3) passing Python objects instead of tensors. For (1), please define your @tf.function outside of the loop. For (2), @tf.function has experimental_relax_shapes=True option that relaxes argument shapes that can avoid unnecessary retracing. For (3), please refer to https://www.tensorflow.org/tutorials/customization/performance#python_or_tensor_args and https://www.tensorflow.org/api_docs/python/tf/function for  more details.
WARNING:tensorflow:11 out of the last 11 calls to <function Hypersurface.num_FS_volume_form_tf at 0x7f9b700e1bf8> triggered tf.function retracing. Tracing is expensive and the excessive number of tracings could be due to (1) creating @tf.function repeatedly in a loop, (2) passing tensors with different shapes, (3) passing Python objects instead of tensors. For (1), please define your @tf.function outside of the loop. For (2), @tf.function has experimental_relax_shapes=True option that relaxes argument shapes that can avoid unnecessary retracing. For (3), please refer to https://www.tensorflow.org/tutorials/customization/performance#python_or_tensor_args and https://www.tensorflow.org/api_docs/python/tf/function for  more details.
WARNING:tensorflow:11 out of the last 11 calls to <function Hypersurface.num_FS_volume_form_tf at 0x7f9b70163510> triggered tf.function retracing. Tracing is expensive and the excessive number of tracings could be due to (1) creating @tf.function repeatedly in a loop, (2) passing tensors with different shapes, (3) passing Python objects instead of tensors. For (1), please define your @tf.function outside of the loop. For (2), @tf.function has experimental_relax_shapes=True option that relaxes argument shapes that can avoid unnecessary retracing. For (3), please refer to https://www.tensorflow.org/tutorials/customization/performance#python_or_tensor_args and https://www.tensorflow.org/api_docs/python/tf/function for  more details.
WARNING:tensorflow:11 out of the last 11 calls to <function Hypersurface.num_FS_volume_form_tf at 0x7f9b700896a8> triggered tf.function retracing. Tracing is expensive and the excessive number of tracings could be due to (1) creating @tf.function repeatedly in a loop, (2) passing tensors with different shapes, (3) passing Python objects instead of tensors. For (1), please define your @tf.function outside of the loop. For (2), @tf.function has experimental_relax_shapes=True option that relaxes argument shapes that can avoid unnecessary retracing. For (3), please refer to https://www.tensorflow.org/tutorials/customization/performance#python_or_tensor_args and https://www.tensorflow.org/api_docs/python/tf/function for  more details.
WARNING:tensorflow:11 out of the last 11 calls to <function Hypersurface.num_FS_volume_form_tf at 0x7f9b700897b8> triggered tf.function retracing. Tracing is expensive and the excessive number of tracings could be due to (1) creating @tf.function repeatedly in a loop, (2) passing tensors with different shapes, (3) passing Python objects instead of tensors. For (1), please define your @tf.function outside of the loop. For (2), @tf.function has experimental_relax_shapes=True option that relaxes argument shapes that can avoid unnecessary retracing. For (3), please refer to https://www.tensorflow.org/tutorials/customization/performance#python_or_tensor_args and https://www.tensorflow.org/api_docs/python/tf/function for  more details.
WARNING:tensorflow:11 out of the last 11 calls to <function Hypersurface.num_FS_volume_form_tf at 0x7f9b24042378> triggered tf.function retracing. Tracing is expensive and the excessive number of tracings could be due to (1) creating @tf.function repeatedly in a loop, (2) passing tensors with different shapes, (3) passing Python objects instead of tensors. For (1), please define your @tf.function outside of the loop. For (2), @tf.function has experimental_relax_shapes=True option that relaxes argument shapes that can avoid unnecessary retracing. For (3), please refer to https://www.tensorflow.org/tutorials/customization/performance#python_or_tensor_args and https://www.tensorflow.org/api_docs/python/tf/function for  more details.
WARNING:tensorflow:11 out of the last 11 calls to <function Hypersurface.num_FS_volume_form_tf at 0x7f9b240558c8> triggered tf.function retracing. Tracing is expensive and the excessive number of tracings could be due to (1) creating @tf.function repeatedly in a loop, (2) passing tensors with different shapes, (3) passing Python objects instead of tensors. For (1), please define your @tf.function outside of the loop. For (2), @tf.function has experimental_relax_shapes=True option that relaxes argument shapes that can avoid unnecessary retracing. For (3), please refer to https://www.tensorflow.org/tutorials/customization/performance#python_or_tensor_args and https://www.tensorflow.org/api_docs/python/tf/function for  more details.
WARNING:tensorflow:11 out of the last 11 calls to <function Hypersurface.num_FS_volume_form_tf at 0x7f9b240c3620> triggered tf.function retracing. Tracing is expensive and the excessive number of tracings could be due to (1) creating @tf.function repeatedly in a loop, (2) passing tensors with different shapes, (3) passing Python objects instead of tensors. For (1), please define your @tf.function outside of the loop. For (2), @tf.function has experimental_relax_shapes=True option that relaxes argument shapes that can avoid unnecessary retracing. For (3), please refer to https://www.tensorflow.org/tutorials/customization/performance#python_or_tensor_args and https://www.tensorflow.org/api_docs/python/tf/function for  more details.
WARNING:tensorflow:11 out of the last 11 calls to <function Hypersurface.num_FS_volume_form_tf at 0x7f9b240c37b8> triggered tf.function retracing. Tracing is expensive and the excessive number of tracings could be due to (1) creating @tf.function repeatedly in a loop, (2) passing tensors with different shapes, (3) passing Python objects instead of tensors. For (1), please define your @tf.function outside of the loop. For (2), @tf.function has experimental_relax_shapes=True option that relaxes argument shapes that can avoid unnecessary retracing. For (3), please refer to https://www.tensorflow.org/tutorials/customization/performance#python_or_tensor_args and https://www.tensorflow.org/api_docs/python/tf/function for  more details.
WARNING:tensorflow:11 out of the last 11 calls to <function Hypersurface.num_FS_volume_form_tf at 0x7f9b240557b8> triggered tf.function retracing. Tracing is expensive and the excessive number of tracings could be due to (1) creating @tf.function repeatedly in a loop, (2) passing tensors with different shapes, (3) passing Python objects instead of tensors. For (1), please define your @tf.function outside of the loop. For (2), @tf.function has experimental_relax_shapes=True option that relaxes argument shapes that can avoid unnecessary retracing. For (3), please refer to https://www.tensorflow.org/tutorials/customization/performance#python_or_tensor_args and https://www.tensorflow.org/api_docs/python/tf/function for  more details.
WARNING:tensorflow:11 out of the last 11 calls to <function Hypersurface.num_FS_volume_form_tf at 0x7f9b2417ea60> triggered tf.function retracing. Tracing is expensive and the excessive number of tracings could be due to (1) creating @tf.function repeatedly in a loop, (2) passing tensors with different shapes, (3) passing Python objects instead of tensors. For (1), please define your @tf.function outside of the loop. For (2), @tf.function has experimental_relax_shapes=True option that relaxes argument shapes that can avoid unnecessary retracing. For (3), please refer to https://www.tensorflow.org/tutorials/customization/performance#python_or_tensor_args and https://www.tensorflow.org/api_docs/python/tf/function for  more details.
WARNING:tensorflow:11 out of the last 11 calls to <function Hypersurface.num_FS_volume_form_tf at 0x7f9b2417e840> triggered tf.function retracing. Tracing is expensive and the excessive number of tracings could be due to (1) creating @tf.function repeatedly in a loop, (2) passing tensors with different shapes, (3) passing Python objects instead of tensors. For (1), please define your @tf.function outside of the loop. For (2), @tf.function has experimental_relax_shapes=True option that relaxes argument shapes that can avoid unnecessary retracing. For (3), please refer to https://www.tensorflow.org/tutorials/customization/performance#python_or_tensor_args and https://www.tensorflow.org/api_docs/python/tf/function for  more details.
WARNING:tensorflow:11 out of the last 11 calls to <function Hypersurface.num_FS_volume_form_tf at 0x7f9b2417e7b8> triggered tf.function retracing. Tracing is expensive and the excessive number of tracings could be due to (1) creating @tf.function repeatedly in a loop, (2) passing tensors with different shapes, (3) passing Python objects instead of tensors. For (1), please define your @tf.function outside of the loop. For (2), @tf.function has experimental_relax_shapes=True option that relaxes argument shapes that can avoid unnecessary retracing. For (3), please refer to https://www.tensorflow.org/tutorials/customization/performance#python_or_tensor_args and https://www.tensorflow.org/api_docs/python/tf/function for  more details.
WARNING:tensorflow:11 out of the last 11 calls to <function Hypersurface.num_FS_volume_form_tf at 0x7f9b1459f620> triggered tf.function retracing. Tracing is expensive and the excessive number of tracings could be due to (1) creating @tf.function repeatedly in a loop, (2) passing tensors with different shapes, (3) passing Python objects instead of tensors. For (1), please define your @tf.function outside of the loop. For (2), @tf.function has experimental_relax_shapes=True option that relaxes argument shapes that can avoid unnecessary retracing. For (3), please refer to https://www.tensorflow.org/tutorials/customization/performance#python_or_tensor_args and https://www.tensorflow.org/api_docs/python/tf/function for  more details.
WARNING:tensorflow:11 out of the last 11 calls to <function Hypersurface.num_FS_volume_form_tf at 0x7f9b700526a8> triggered tf.function retracing. Tracing is expensive and the excessive number of tracings could be due to (1) creating @tf.function repeatedly in a loop, (2) passing tensors with different shapes, (3) passing Python objects instead of tensors. For (1), please define your @tf.function outside of the loop. For (2), @tf.function has experimental_relax_shapes=True option that relaxes argument shapes that can avoid unnecessary retracing. For (3), please refer to https://www.tensorflow.org/tutorials/customization/performance#python_or_tensor_args and https://www.tensorflow.org/api_docs/python/tf/function for  more details.
WARNING:tensorflow:11 out of the last 11 calls to <function Hypersurface.num_FS_volume_form_tf at 0x7f9b7004f598> triggered tf.function retracing. Tracing is expensive and the excessive number of tracings could be due to (1) creating @tf.function repeatedly in a loop, (2) passing tensors with different shapes, (3) passing Python objects instead of tensors. For (1), please define your @tf.function outside of the loop. For (2), @tf.function has experimental_relax_shapes=True option that relaxes argument shapes that can avoid unnecessary retracing. For (3), please refer to https://www.tensorflow.org/tutorials/customization/performance#python_or_tensor_args and https://www.tensorflow.org/api_docs/python/tf/function for  more details.
WARNING:tensorflow:11 out of the last 11 calls to <function Hypersurface.num_FS_volume_form_tf at 0x7f9b7004fae8> triggered tf.function retracing. Tracing is expensive and the excessive number of tracings could be due to (1) creating @tf.function repeatedly in a loop, (2) passing tensors with different shapes, (3) passing Python objects instead of tensors. For (1), please define your @tf.function outside of the loop. For (2), @tf.function has experimental_relax_shapes=True option that relaxes argument shapes that can avoid unnecessary retracing. For (3), please refer to https://www.tensorflow.org/tutorials/customization/performance#python_or_tensor_args and https://www.tensorflow.org/api_docs/python/tf/function for  more details.
WARNING:tensorflow:11 out of the last 11 calls to <function Hypersurface.num_FS_volume_form_tf at 0x7f9b14695b70> triggered tf.function retracing. Tracing is expensive and the excessive number of tracings could be due to (1) creating @tf.function repeatedly in a loop, (2) passing tensors with different shapes, (3) passing Python objects instead of tensors. For (1), please define your @tf.function outside of the loop. For (2), @tf.function has experimental_relax_shapes=True option that relaxes argument shapes that can avoid unnecessary retracing. For (3), please refer to https://www.tensorflow.org/tutorials/customization/performance#python_or_tensor_args and https://www.tensorflow.org/api_docs/python/tf/function for  more details.
WARNING:tensorflow:11 out of the last 11 calls to <function Hypersurface.num_FS_volume_form_tf at 0x7f9b14615620> triggered tf.function retracing. Tracing is expensive and the excessive number of tracings could be due to (1) creating @tf.function repeatedly in a loop, (2) passing tensors with different shapes, (3) passing Python objects instead of tensors. For (1), please define your @tf.function outside of the loop. For (2), @tf.function has experimental_relax_shapes=True option that relaxes argument shapes that can avoid unnecessary retracing. For (3), please refer to https://www.tensorflow.org/tutorials/customization/performance#python_or_tensor_args and https://www.tensorflow.org/api_docs/python/tf/function for  more details.
WARNING:tensorflow:11 out of the last 11 calls to <function Hypersurface.num_FS_volume_form_tf at 0x7f9b1461b730> triggered tf.function retracing. Tracing is expensive and the excessive number of tracings could be due to (1) creating @tf.function repeatedly in a loop, (2) passing tensors with different shapes, (3) passing Python objects instead of tensors. For (1), please define your @tf.function outside of the loop. For (2), @tf.function has experimental_relax_shapes=True option that relaxes argument shapes that can avoid unnecessary retracing. For (3), please refer to https://www.tensorflow.org/tutorials/customization/performance#python_or_tensor_args and https://www.tensorflow.org/api_docs/python/tf/function for  more details.
WARNING:tensorflow:11 out of the last 11 calls to <function Hypersurface.num_FS_volume_form_tf at 0x7f9b1461b378> triggered tf.function retracing. Tracing is expensive and the excessive number of tracings could be due to (1) creating @tf.function repeatedly in a loop, (2) passing tensors with different shapes, (3) passing Python objects instead of tensors. For (1), please define your @tf.function outside of the loop. For (2), @tf.function has experimental_relax_shapes=True option that relaxes argument shapes that can avoid unnecessary retracing. For (3), please refer to https://www.tensorflow.org/tutorials/customization/performance#python_or_tensor_args and https://www.tensorflow.org/api_docs/python/tf/function for  more details.
WARNING:tensorflow:11 out of the last 11 calls to <function Hypersurface.num_FS_volume_form_tf at 0x7f9b2409cea0> triggered tf.function retracing. Tracing is expensive and the excessive number of tracings could be due to (1) creating @tf.function repeatedly in a loop, (2) passing tensors with different shapes, (3) passing Python objects instead of tensors. For (1), please define your @tf.function outside of the loop. For (2), @tf.function has experimental_relax_shapes=True option that relaxes argument shapes that can avoid unnecessary retracing. For (3), please refer to https://www.tensorflow.org/tutorials/customization/performance#python_or_tensor_args and https://www.tensorflow.org/api_docs/python/tf/function for  more details.
WARNING:tensorflow:11 out of the last 11 calls to <function Hypersurface.num_FS_volume_form_tf at 0x7f9b14791488> triggered tf.function retracing. Tracing is expensive and the excessive number of tracings could be due to (1) creating @tf.function repeatedly in a loop, (2) passing tensors with different shapes, (3) passing Python objects instead of tensors. For (1), please define your @tf.function outside of the loop. For (2), @tf.function has experimental_relax_shapes=True option that relaxes argument shapes that can avoid unnecessary retracing. For (3), please refer to https://www.tensorflow.org/tutorials/customization/performance#python_or_tensor_args and https://www.tensorflow.org/api_docs/python/tf/function for  more details.
WARNING:tensorflow:11 out of the last 11 calls to <function Hypersurface.num_FS_volume_form_tf at 0x7f9b1472d158> triggered tf.function retracing. Tracing is expensive and the excessive number of tracings could be due to (1) creating @tf.function repeatedly in a loop, (2) passing tensors with different shapes, (3) passing Python objects instead of tensors. For (1), please define your @tf.function outside of the loop. For (2), @tf.function has experimental_relax_shapes=True option that relaxes argument shapes that can avoid unnecessary retracing. For (3), please refer to https://www.tensorflow.org/tutorials/customization/performance#python_or_tensor_args and https://www.tensorflow.org/api_docs/python/tf/function for  more details.
WARNING:tensorflow:11 out of the last 11 calls to <function Hypersurface.num_FS_volume_form_tf at 0x7f9b1472d840> triggered tf.function retracing. Tracing is expensive and the excessive number of tracings could be due to (1) creating @tf.function repeatedly in a loop, (2) passing tensors with different shapes, (3) passing Python objects instead of tensors. For (1), please define your @tf.function outside of the loop. For (2), @tf.function has experimental_relax_shapes=True option that relaxes argument shapes that can avoid unnecessary retracing. For (3), please refer to https://www.tensorflow.org/tutorials/customization/performance#python_or_tensor_args and https://www.tensorflow.org/api_docs/python/tf/function for  more details.
WARNING:tensorflow:11 out of the last 11 calls to <function Hypersurface.num_FS_volume_form_tf at 0x7f9b1470c378> triggered tf.function retracing. Tracing is expensive and the excessive number of tracings could be due to (1) creating @tf.function repeatedly in a loop, (2) passing tensors with different shapes, (3) passing Python objects instead of tensors. For (1), please define your @tf.function outside of the loop. For (2), @tf.function has experimental_relax_shapes=True option that relaxes argument shapes that can avoid unnecessary retracing. For (3), please refer to https://www.tensorflow.org/tutorials/customization/performance#python_or_tensor_args and https://www.tensorflow.org/api_docs/python/tf/function for  more details.
WARNING:tensorflow:11 out of the last 11 calls to <function Hypersurface.num_FS_volume_form_tf at 0x7f9b241148c8> triggered tf.function retracing. Tracing is expensive and the excessive number of tracings could be due to (1) creating @tf.function repeatedly in a loop, (2) passing tensors with different shapes, (3) passing Python objects instead of tensors. For (1), please define your @tf.function outside of the loop. For (2), @tf.function has experimental_relax_shapes=True option that relaxes argument shapes that can avoid unnecessary retracing. For (3), please refer to https://www.tensorflow.org/tutorials/customization/performance#python_or_tensor_args and https://www.tensorflow.org/api_docs/python/tf/function for  more details.
WARNING:tensorflow:11 out of the last 11 calls to <function Hypersurface.num_FS_volume_form_tf at 0x7f9b24132b70> triggered tf.function retracing. Tracing is expensive and the excessive number of tracings could be due to (1) creating @tf.function repeatedly in a loop, (2) passing tensors with different shapes, (3) passing Python objects instead of tensors. For (1), please define your @tf.function outside of the loop. For (2), @tf.function has experimental_relax_shapes=True option that relaxes argument shapes that can avoid unnecessary retracing. For (3), please refer to https://www.tensorflow.org/tutorials/customization/performance#python_or_tensor_args and https://www.tensorflow.org/api_docs/python/tf/function for  more details.
WARNING:tensorflow:From /home/mrdouglas/Manifold/lib/python3.6/site-packages/tensorflow/python/training/tracking/tracking.py:111: Model.state_updates (from tensorflow.python.keras.engine.training) is deprecated and will be removed in a future version.
Instructions for updating:
This property should not be used in TensorFlow 2.0, as updates are applied automatically.
2020-09-09 22:01:48.452472: W tensorflow/python/util/util.cc:348] Sets are not currently considered sequences, but this may change in the future, so consider avoiding using them.
WARNING:tensorflow:From /home/mrdouglas/Manifold/lib/python3.6/site-packages/tensorflow/python/training/tracking/tracking.py:111: Layer.updates (from tensorflow.python.keras.engine.base_layer) is deprecated and will be removed in a future version.
Instructions for updating:
This property should not be used in TensorFlow 2.0, as updates are applied automatically.
train_loss: 2.040476
test_loss: 2.7118697
train_loss: 1.9985213
test_loss: 1.9999381
train_loss: 1.9985824
test_loss: 2.031018
train_loss: 1.9997766
test_loss: 1.9984446
train_loss: 1.999512
test_loss: 2.0089169
train_loss: 1.9962176
test_loss: 1.9996059
train_loss: 1.9988753
test_loss: 2.003621
train_loss: 1.9980795
test_loss: 2.0002844
train_loss: 1.9959857
test_loss: 2.100813
train_loss: 1.9986697
test_loss: 2.2135918
train_loss: 1.9995815
test_loss: 1.9991294
train_loss: 1.9988365
test_loss: 1.9986064
train_loss: 1.999736
test_loss: 2.0001094
train_loss: 1.999521
test_loss: 2.0045755
train_loss: 1.9995495
test_loss: 1.9989121
train_loss: 1.9997146
test_loss: 2.0042229
train_loss: 1.9968868
test_loss: 1.998337
train_loss: 1.9994662
test_loss: 1.999718
train_loss: 1.9965365
test_loss: 1.9989015
train_loss: 1.9983896
test_loss: 1.9986588
train_loss: 1.998471
test_loss: 2.0003185
train_loss: 1.9969475
test_loss: 1.9982811
train_loss: 1.9967312
test_loss: 2.0025926
train_loss: 1.9986963
test_loss: 2.0023582
train_loss: 1.997099
test_loss: 2.0009305
train_loss: 1.9978738
test_loss: 2.0002742
train_loss: 1.9998549
test_loss: 2.0030715
train_loss: 1.9982613
test_loss: 1.9984541
train_loss: 1.9982768
test_loss: 1.9997675
train_loss: 1.9990602
test_loss: 1.9998935
train_loss: 1.9962581
test_loss: 1.9988341
train_loss: 1.9990996
test_loss: 1.9993124
train_loss: 1.998874
test_loss: 1.998257
train_loss: 1.9992445
test_loss: 1.9986808
train_loss: 1.9983621
test_loss: 1.9993385
train_loss: 1.9962546
test_loss: 2.0110607
train_loss: 1.9970266
test_loss: 1.998363
train_loss: 1.9974765
test_loss: 1.9987413
train_loss: 2.024879
test_loss: 1.998415
train_loss: 1.9981412
test_loss: 1.9985405
train_loss: 1.9952458
test_loss: 2.0080183
train_loss: 1.9983993
test_loss: 2.0071108
train_loss: 1.9979821
test_loss: 1.9984074
train_loss: 1.9978173
test_loss: 1.9986713
train_loss: 1.9984128
test_loss: 2.0090723
train_loss: 1.9978882
test_loss: 1.9990035
train_loss: 1.9980199
test_loss: 1.9991096
train_loss: 1.9995099
test_loss: 1.9996178
train_loss: 1.9978034
test_loss: 2.0551543
train_loss: 1.9962201
test_loss: 1.9987328
train_loss: 1.9985251
test_loss: 1.9981592
4297.03user 149.24system 23:03.57elapsed 321%CPU (0avgtext+0avgdata 4602992maxresident)k
0inputs+1352outputs (0major+24769568minor)pagefaults 0swaps
2020-09-09 22:03:23.696357: I tensorflow/stream_executor/platform/default/dso_loader.cc:48] Successfully opened dynamic library libcudart.so.10.1
multiprocessing.pool.RemoteTraceback: 
"""
Traceback (most recent call last):
  File "/usr/lib/python3.6/multiprocessing/pool.py", line 119, in worker
    result = (True, func(*args, **kwds))
  File "/usr/lib/python3.6/multiprocessing/pool.py", line 47, in starmapstar
    return list(itertools.starmap(args[0], args[1]))
  File "/home/mrdouglas/Manifold/hypersurface_tf.py", line 204, in solve_poly
    c_solved = polyroots(coeff)
  File "/home/mrdouglas/Manifold/lib/python3.6/site-packages/mpmath/calculus/polynomials.py", line 196, in polyroots
    % maxsteps)
mpmath.libmp.libhyper.NoConvergence: Didn't converge in maxsteps=50 steps.
"""

The above exception was the direct cause of the following exception:

Traceback (most recent call last):
  File "biholoNN_exp_100_500_100_f1long.py", line 31, in <module>
    HS = Hypersurface(Z, f, n_pairs)
  File "/home/mrdouglas/Manifold/hypersurface_tf.py", line 31, in __init__
    self.points = self.__solve_points(n_pairs)
  File "/home/mrdouglas/Manifold/hypersurface_tf.py", line 227, in __solve_points
    for zpair in zpairs])):
  File "/usr/lib/python3.6/multiprocessing/pool.py", line 274, in starmap
    return self._map_async(func, iterable, starmapstar, chunksize).get()
  File "/usr/lib/python3.6/multiprocessing/pool.py", line 644, in get
    raise self._value
mpmath.libmp.libhyper.NoConvergence: Didn't converge in maxsteps=50 steps.
Command exited with non-zero status 1
1673.54user 39.45system 0:57.06elapsed 3001%CPU (0avgtext+0avgdata 451092maxresident)k
0inputs+24outputs (0major+2356130minor)pagefaults 0swaps
2020-09-09 22:04:20.403788: I tensorflow/stream_executor/platform/default/dso_loader.cc:48] Successfully opened dynamic library libcudart.so.10.1
multiprocessing.pool.RemoteTraceback: 
"""
Traceback (most recent call last):
  File "/usr/lib/python3.6/multiprocessing/pool.py", line 119, in worker
    result = (True, func(*args, **kwds))
  File "/usr/lib/python3.6/multiprocessing/pool.py", line 47, in starmapstar
    return list(itertools.starmap(args[0], args[1]))
  File "/home/mrdouglas/Manifold/hypersurface_tf.py", line 204, in solve_poly
    c_solved = polyroots(coeff)
  File "/home/mrdouglas/Manifold/lib/python3.6/site-packages/mpmath/calculus/polynomials.py", line 196, in polyroots
    % maxsteps)
mpmath.libmp.libhyper.NoConvergence: Didn't converge in maxsteps=50 steps.
"""

The above exception was the direct cause of the following exception:

Traceback (most recent call last):
  File "biholoNN_exp_100_500_100_f1long.py", line 31, in <module>
    HS = Hypersurface(Z, f, n_pairs)
  File "/home/mrdouglas/Manifold/hypersurface_tf.py", line 31, in __init__
    self.points = self.__solve_points(n_pairs)
  File "/home/mrdouglas/Manifold/hypersurface_tf.py", line 227, in __solve_points
    for zpair in zpairs])):
  File "/usr/lib/python3.6/multiprocessing/pool.py", line 274, in starmap
    return self._map_async(func, iterable, starmapstar, chunksize).get()
  File "/usr/lib/python3.6/multiprocessing/pool.py", line 644, in get
    raise self._value
mpmath.libmp.libhyper.NoConvergence: Didn't converge in maxsteps=50 steps.
Command exited with non-zero status 1
1643.94user 38.68system 0:53.12elapsed 3167%CPU (0avgtext+0avgdata 451304maxresident)k
0inputs+16outputs (0major+2228520minor)pagefaults 0swaps
2020-09-09 22:05:14.313295: I tensorflow/stream_executor/platform/default/dso_loader.cc:48] Successfully opened dynamic library libcudart.so.10.1
multiprocessing.pool.RemoteTraceback: 
"""
Traceback (most recent call last):
  File "/usr/lib/python3.6/multiprocessing/pool.py", line 119, in worker
    result = (True, func(*args, **kwds))
  File "/usr/lib/python3.6/multiprocessing/pool.py", line 47, in starmapstar
    return list(itertools.starmap(args[0], args[1]))
  File "/home/mrdouglas/Manifold/hypersurface_tf.py", line 204, in solve_poly
    c_solved = polyroots(coeff)
  File "/home/mrdouglas/Manifold/lib/python3.6/site-packages/mpmath/calculus/polynomials.py", line 196, in polyroots
    % maxsteps)
mpmath.libmp.libhyper.NoConvergence: Didn't converge in maxsteps=50 steps.
"""

The above exception was the direct cause of the following exception:

Traceback (most recent call last):
  File "biholoNN_exp_100_500_100_f1long.py", line 31, in <module>
    HS = Hypersurface(Z, f, n_pairs)
  File "/home/mrdouglas/Manifold/hypersurface_tf.py", line 31, in __init__
    self.points = self.__solve_points(n_pairs)
  File "/home/mrdouglas/Manifold/hypersurface_tf.py", line 227, in __solve_points
    for zpair in zpairs])):
  File "/usr/lib/python3.6/multiprocessing/pool.py", line 274, in starmap
    return self._map_async(func, iterable, starmapstar, chunksize).get()
  File "/usr/lib/python3.6/multiprocessing/pool.py", line 644, in get
    raise self._value
mpmath.libmp.libhyper.NoConvergence: Didn't converge in maxsteps=50 steps.
Command exited with non-zero status 1
1660.67user 36.30system 0:55.07elapsed 3081%CPU (0avgtext+0avgdata 449388maxresident)k
0inputs+24outputs (0major+2099158minor)pagefaults 0swaps
2020-09-09 22:06:08.532212: I tensorflow/stream_executor/platform/default/dso_loader.cc:48] Successfully opened dynamic library libcudart.so.10.1
multiprocessing.pool.RemoteTraceback: 
"""
Traceback (most recent call last):
  File "/usr/lib/python3.6/multiprocessing/pool.py", line 119, in worker
    result = (True, func(*args, **kwds))
  File "/usr/lib/python3.6/multiprocessing/pool.py", line 47, in starmapstar
    return list(itertools.starmap(args[0], args[1]))
  File "/home/mrdouglas/Manifold/hypersurface_tf.py", line 204, in solve_poly
    c_solved = polyroots(coeff)
  File "/home/mrdouglas/Manifold/lib/python3.6/site-packages/mpmath/calculus/polynomials.py", line 196, in polyroots
    % maxsteps)
mpmath.libmp.libhyper.NoConvergence: Didn't converge in maxsteps=50 steps.
"""

The above exception was the direct cause of the following exception:

Traceback (most recent call last):
  File "biholoNN_exp_100_500_100_f1long.py", line 31, in <module>
    HS = Hypersurface(Z, f, n_pairs)
  File "/home/mrdouglas/Manifold/hypersurface_tf.py", line 31, in __init__
    self.points = self.__solve_points(n_pairs)
  File "/home/mrdouglas/Manifold/hypersurface_tf.py", line 227, in __solve_points
    for zpair in zpairs])):
  File "/usr/lib/python3.6/multiprocessing/pool.py", line 274, in starmap
    return self._map_async(func, iterable, starmapstar, chunksize).get()
  File "/usr/lib/python3.6/multiprocessing/pool.py", line 644, in get
    raise self._value
mpmath.libmp.libhyper.NoConvergence: Didn't converge in maxsteps=50 steps.
Command exited with non-zero status 1
1713.79user 37.40system 0:53.80elapsed 3254%CPU (0avgtext+0avgdata 440556maxresident)k
0inputs+16outputs (0major+2209971minor)pagefaults 0swaps
2020-09-09 22:07:03.030553: I tensorflow/stream_executor/platform/default/dso_loader.cc:48] Successfully opened dynamic library libcudart.so.10.1
multiprocessing.pool.RemoteTraceback: 
"""
Traceback (most recent call last):
  File "/usr/lib/python3.6/multiprocessing/pool.py", line 119, in worker
    result = (True, func(*args, **kwds))
  File "/usr/lib/python3.6/multiprocessing/pool.py", line 47, in starmapstar
    return list(itertools.starmap(args[0], args[1]))
  File "/home/mrdouglas/Manifold/hypersurface_tf.py", line 204, in solve_poly
    c_solved = polyroots(coeff)
  File "/home/mrdouglas/Manifold/lib/python3.6/site-packages/mpmath/calculus/polynomials.py", line 196, in polyroots
    % maxsteps)
mpmath.libmp.libhyper.NoConvergence: Didn't converge in maxsteps=50 steps.
"""

The above exception was the direct cause of the following exception:

Traceback (most recent call last):
  File "biholoNN_exp_100_500_100_f1long.py", line 31, in <module>
    HS = Hypersurface(Z, f, n_pairs)
  File "/home/mrdouglas/Manifold/hypersurface_tf.py", line 31, in __init__
    self.points = self.__solve_points(n_pairs)
  File "/home/mrdouglas/Manifold/hypersurface_tf.py", line 227, in __solve_points
    for zpair in zpairs])):
  File "/usr/lib/python3.6/multiprocessing/pool.py", line 274, in starmap
    return self._map_async(func, iterable, starmapstar, chunksize).get()
  File "/usr/lib/python3.6/multiprocessing/pool.py", line 644, in get
    raise self._value
mpmath.libmp.libhyper.NoConvergence: Didn't converge in maxsteps=50 steps.
Command exited with non-zero status 1
1686.16user 38.82system 0:55.35elapsed 3116%CPU (0avgtext+0avgdata 443300maxresident)k
0inputs+16outputs (0major+2276212minor)pagefaults 0swaps
2020-09-09 22:07:57.722149: I tensorflow/stream_executor/platform/default/dso_loader.cc:48] Successfully opened dynamic library libcudart.so.10.1
multiprocessing.pool.RemoteTraceback: 
"""
Traceback (most recent call last):
  File "/usr/lib/python3.6/multiprocessing/pool.py", line 119, in worker
    result = (True, func(*args, **kwds))
  File "/usr/lib/python3.6/multiprocessing/pool.py", line 47, in starmapstar
    return list(itertools.starmap(args[0], args[1]))
  File "/home/mrdouglas/Manifold/hypersurface_tf.py", line 204, in solve_poly
    c_solved = polyroots(coeff)
  File "/home/mrdouglas/Manifold/lib/python3.6/site-packages/mpmath/calculus/polynomials.py", line 196, in polyroots
    % maxsteps)
mpmath.libmp.libhyper.NoConvergence: Didn't converge in maxsteps=50 steps.
"""

The above exception was the direct cause of the following exception:

Traceback (most recent call last):
  File "biholoNN_exp_100_500_100_f1long.py", line 31, in <module>
    HS = Hypersurface(Z, f, n_pairs)
  File "/home/mrdouglas/Manifold/hypersurface_tf.py", line 31, in __init__
    self.points = self.__solve_points(n_pairs)
  File "/home/mrdouglas/Manifold/hypersurface_tf.py", line 227, in __solve_points
    for zpair in zpairs])):
  File "/usr/lib/python3.6/multiprocessing/pool.py", line 274, in starmap
    return self._map_async(func, iterable, starmapstar, chunksize).get()
  File "/usr/lib/python3.6/multiprocessing/pool.py", line 644, in get
    raise self._value
mpmath.libmp.libhyper.NoConvergence: Didn't converge in maxsteps=50 steps.
Command exited with non-zero status 1
1627.28user 34.58system 0:54.29elapsed 3060%CPU (0avgtext+0avgdata 444188maxresident)k
0inputs+24outputs (0major+1969141minor)pagefaults 0swaps
