+ DIR=experiments.mrd/scanpsi
+ for seed in 1234 235
+ for psi in m2
+ echo m2
m2
+ OUT=experiments.mrd/scanpsi/m2_1234/
+ mkdir -p experiments.mrd/scanpsi/m2_1234/
+ python3 biholoNN_exp_50_100_200.py experiments.mrd/scanpsi/m2_1234/ 1234 -2
2020-09-07 10:09:11.209799: I tensorflow/stream_executor/platform/default/dso_loader.cc:48] Successfully opened dynamic library libcudart.so.10.1
/usr/local/lib/python3.8/dist-packages/tensorflow/python/autograph/utils/testing.py:21: DeprecationWarning: the imp module is deprecated in favour of importlib; see the module's documentation for alternative uses
  import imp
2020-09-07 10:10:07.816041: I tensorflow/stream_executor/platform/default/dso_loader.cc:48] Successfully opened dynamic library libcuda.so.1
2020-09-07 10:10:08.057168: I tensorflow/stream_executor/cuda/cuda_gpu_executor.cc:982] successful NUMA node read from SysFS had negative value (-1), but there must be at least one NUMA node, so returning NUMA node zero
2020-09-07 10:10:08.057488: I tensorflow/core/common_runtime/gpu/gpu_device.cc:1716] Found device 0 with properties: 
pciBusID: 0000:01:00.0 name: GeForce GTX 1070 with Max-Q Design computeCapability: 6.1
coreClock: 1.2655GHz coreCount: 16 deviceMemorySize: 7.93GiB deviceMemoryBandwidth: 238.66GiB/s
2020-09-07 10:10:08.057525: I tensorflow/stream_executor/platform/default/dso_loader.cc:48] Successfully opened dynamic library libcudart.so.10.1
2020-09-07 10:10:08.058841: I tensorflow/stream_executor/platform/default/dso_loader.cc:48] Successfully opened dynamic library libcublas.so.10
2020-09-07 10:10:08.059690: I tensorflow/stream_executor/platform/default/dso_loader.cc:48] Successfully opened dynamic library libcufft.so.10
2020-09-07 10:10:08.059942: I tensorflow/stream_executor/platform/default/dso_loader.cc:48] Successfully opened dynamic library libcurand.so.10
2020-09-07 10:10:08.061142: I tensorflow/stream_executor/platform/default/dso_loader.cc:48] Successfully opened dynamic library libcusolver.so.10
2020-09-07 10:10:08.062045: I tensorflow/stream_executor/platform/default/dso_loader.cc:48] Successfully opened dynamic library libcusparse.so.10
2020-09-07 10:10:08.064689: I tensorflow/stream_executor/platform/default/dso_loader.cc:48] Successfully opened dynamic library libcudnn.so.7
2020-09-07 10:10:08.064820: I tensorflow/stream_executor/cuda/cuda_gpu_executor.cc:982] successful NUMA node read from SysFS had negative value (-1), but there must be at least one NUMA node, so returning NUMA node zero
2020-09-07 10:10:08.066770: I tensorflow/stream_executor/cuda/cuda_gpu_executor.cc:982] successful NUMA node read from SysFS had negative value (-1), but there must be at least one NUMA node, so returning NUMA node zero
2020-09-07 10:10:08.067023: I tensorflow/core/common_runtime/gpu/gpu_device.cc:1858] Adding visible gpu devices: 0
2020-09-07 10:10:08.067274: I tensorflow/core/platform/cpu_feature_guard.cc:142] This TensorFlow binary is optimized with oneAPI Deep Neural Network Library (oneDNN)to use the following CPU instructions in performance-critical operations:  AVX2 FMA
To enable them in other operations, rebuild TensorFlow with the appropriate compiler flags.
2020-09-07 10:10:08.096071: I tensorflow/core/platform/profile_utils/cpu_utils.cc:104] CPU Frequency: 2199995000 Hz
2020-09-07 10:10:08.096608: I tensorflow/compiler/xla/service/service.cc:168] XLA service 0x7e3f370 initialized for platform Host (this does not guarantee that XLA will be used). Devices:
2020-09-07 10:10:08.096632: I tensorflow/compiler/xla/service/service.cc:176]   StreamExecutor device (0): Host, Default Version
2020-09-07 10:10:08.210140: I tensorflow/stream_executor/cuda/cuda_gpu_executor.cc:982] successful NUMA node read from SysFS had negative value (-1), but there must be at least one NUMA node, so returning NUMA node zero
2020-09-07 10:10:08.210520: I tensorflow/compiler/xla/service/service.cc:168] XLA service 0x7c891f0 initialized for platform CUDA (this does not guarantee that XLA will be used). Devices:
2020-09-07 10:10:08.210537: I tensorflow/compiler/xla/service/service.cc:176]   StreamExecutor device (0): GeForce GTX 1070 with Max-Q Design, Compute Capability 6.1
2020-09-07 10:10:08.210737: I tensorflow/stream_executor/cuda/cuda_gpu_executor.cc:982] successful NUMA node read from SysFS had negative value (-1), but there must be at least one NUMA node, so returning NUMA node zero
2020-09-07 10:10:08.211010: I tensorflow/core/common_runtime/gpu/gpu_device.cc:1716] Found device 0 with properties: 
pciBusID: 0000:01:00.0 name: GeForce GTX 1070 with Max-Q Design computeCapability: 6.1
coreClock: 1.2655GHz coreCount: 16 deviceMemorySize: 7.93GiB deviceMemoryBandwidth: 238.66GiB/s
2020-09-07 10:10:08.211079: I tensorflow/stream_executor/platform/default/dso_loader.cc:48] Successfully opened dynamic library libcudart.so.10.1
2020-09-07 10:10:08.211119: I tensorflow/stream_executor/platform/default/dso_loader.cc:48] Successfully opened dynamic library libcublas.so.10
2020-09-07 10:10:08.211152: I tensorflow/stream_executor/platform/default/dso_loader.cc:48] Successfully opened dynamic library libcufft.so.10
2020-09-07 10:10:08.211183: I tensorflow/stream_executor/platform/default/dso_loader.cc:48] Successfully opened dynamic library libcurand.so.10
2020-09-07 10:10:08.211215: I tensorflow/stream_executor/platform/default/dso_loader.cc:48] Successfully opened dynamic library libcusolver.so.10
2020-09-07 10:10:08.211246: I tensorflow/stream_executor/platform/default/dso_loader.cc:48] Successfully opened dynamic library libcusparse.so.10
2020-09-07 10:10:08.211278: I tensorflow/stream_executor/platform/default/dso_loader.cc:48] Successfully opened dynamic library libcudnn.so.7
2020-09-07 10:10:08.211354: I tensorflow/stream_executor/cuda/cuda_gpu_executor.cc:982] successful NUMA node read from SysFS had negative value (-1), but there must be at least one NUMA node, so returning NUMA node zero
2020-09-07 10:10:08.211659: I tensorflow/stream_executor/cuda/cuda_gpu_executor.cc:982] successful NUMA node read from SysFS had negative value (-1), but there must be at least one NUMA node, so returning NUMA node zero
2020-09-07 10:10:08.211917: I tensorflow/core/common_runtime/gpu/gpu_device.cc:1858] Adding visible gpu devices: 0
2020-09-07 10:10:08.211955: I tensorflow/stream_executor/platform/default/dso_loader.cc:48] Successfully opened dynamic library libcudart.so.10.1
2020-09-07 10:10:08.545684: I tensorflow/core/common_runtime/gpu/gpu_device.cc:1257] Device interconnect StreamExecutor with strength 1 edge matrix:
2020-09-07 10:10:08.545715: I tensorflow/core/common_runtime/gpu/gpu_device.cc:1263]      0 
2020-09-07 10:10:08.545720: I tensorflow/core/common_runtime/gpu/gpu_device.cc:1276] 0:   N 
2020-09-07 10:10:08.545995: I tensorflow/stream_executor/cuda/cuda_gpu_executor.cc:982] successful NUMA node read from SysFS had negative value (-1), but there must be at least one NUMA node, so returning NUMA node zero
2020-09-07 10:10:08.546393: I tensorflow/stream_executor/cuda/cuda_gpu_executor.cc:982] successful NUMA node read from SysFS had negative value (-1), but there must be at least one NUMA node, so returning NUMA node zero
2020-09-07 10:10:08.546700: I tensorflow/core/common_runtime/gpu/gpu_device.cc:1402] Created TensorFlow device (/job:localhost/replica:0/task:0/device:GPU:0 with 7435 MB memory) -> physical GPU (device: 0, name: GeForce GTX 1070 with Max-Q Design, pci bus id: 0000:01:00.0, compute capability: 6.1)
Traceback (most recent call last):
  File "/usr/lib/python3/dist-packages/sympy/core/compatibility.py", line 419, in as_int
    raise TypeError
TypeError

During handling of the above exception, another exception occurred:

Traceback (most recent call last):
  File "biholoNN_exp_50_100_200.py", line 30, in <module>
    train_set = generate_dataset(HS)
  File "/home/mdouglas/Manifold/biholoNN.py", line 86, in generate_dataset
    new_dataset = dataset_on_patch(subpatch)
  File "/home/mdouglas/Manifold/biholoNN.py", line 98, in dataset_on_patch
    patch.restriction = patch.get_restriction(lambdify=True)
  File "/home/mdouglas/Manifold/hypersurface_tf.py", line 352, in get_restriction
    restriction = local_coordinates.jacobian(affine_coordinates).inv()
  File "/usr/lib/python3/dist-packages/sympy/matrices/matrices.py", line 3672, in inv
    return self._eval_inverse(**kwargs)
  File "/usr/lib/python3/dist-packages/sympy/matrices/dense.py", line 265, in _eval_inverse
    rv = M.inverse_GE(iszerofunc=iszerofunc)
  File "/usr/lib/python3/dist-packages/sympy/matrices/matrices.py", line 3585, in inverse_GE
    red = big.rref(iszerofunc=iszerofunc, simplify=True)[0]
  File "/usr/lib/python3/dist-packages/sympy/matrices/matrices.py", line 941, in rref
    ret, pivot_cols = self._eval_rref(iszerofunc=iszerofunc,
  File "/usr/lib/python3/dist-packages/sympy/matrices/matrices.py", line 593, in _eval_rref
    reduced, pivot_cols, swaps = self._row_reduce(iszerofunc, simpfunc,
  File "/usr/lib/python3/dist-packages/sympy/matrices/matrices.py", line 713, in _row_reduce
    assumed_nonzero, newly_determined = _find_reasonable_pivot(
  File "/usr/lib/python3/dist-packages/sympy/matrices/matrices.py", line 5305, in _find_reasonable_pivot
    simped = simpfunc(x)
  File "/usr/lib/python3/dist-packages/sympy/simplify/simplify.py", line 559, in simplify
    original_expr = expr = collect_abs(signsimp(expr))
  File "/usr/lib/python3/dist-packages/sympy/simplify/simplify.py", line 383, in signsimp
    e = sub_post(sub_pre(expr))
  File "/usr/lib/python3/dist-packages/sympy/simplify/cse_opts.py", line 16, in sub_pre
    adds = [a for a in e.atoms(Add) if a.could_extract_minus_sign()]
  File "/usr/lib/python3/dist-packages/sympy/simplify/cse_opts.py", line 16, in <listcomp>
    adds = [a for a in e.atoms(Add) if a.could_extract_minus_sign()]
  File "/usr/lib/python3/dist-packages/sympy/core/expr.py", line 2386, in could_extract_minus_sign
    (negative_self).extract_multiplicatively(-1) is not None)
  File "/usr/lib/python3/dist-packages/sympy/core/expr.py", line 2208, in extract_multiplicatively
    newarg = arg.extract_multiplicatively(c)
  File "/usr/lib/python3/dist-packages/sympy/core/expr.py", line 2221, in extract_multiplicatively
    newarg = arg.extract_multiplicatively(c)
  File "/usr/lib/python3/dist-packages/sympy/core/expr.py", line 2134, in extract_multiplicatively
    elif c == self:
  File "/usr/lib/python3/dist-packages/sympy/core/numbers.py", line 2248, in __eq__
    return Rational.__eq__(self, other)
  File "/usr/lib/python3/dist-packages/sympy/core/numbers.py", line 1906, in __eq__
    integer_log(self.p//m, 2) == (t, True)
  File "/usr/lib/python3/dist-packages/sympy/core/power.py", line 147, in integer_log
    y = as_int(y)
  File "/usr/lib/python3/dist-packages/sympy/core/compatibility.py", line 425, in as_int
    raise ValueError('%s is not an integer' % (n,))
ValueError: -1 is not an integer

real	1m0.064s
user	6m21.482s
sys	0m4.602s
+ for seed in 1234 235
+ for psi in m2
+ echo m2
m2
+ OUT=experiments.mrd/scanpsi/m2_235/
+ mkdir -p experiments.mrd/scanpsi/m2_235/
+ python3 biholoNN_exp_50_100_200.py experiments.mrd/scanpsi/m2_235/ 235 -2
2020-09-07 10:10:11.268960: I tensorflow/stream_executor/platform/default/dso_loader.cc:48] Successfully opened dynamic library libcudart.so.10.1
/usr/local/lib/python3.8/dist-packages/tensorflow/python/autograph/utils/testing.py:21: DeprecationWarning: the imp module is deprecated in favour of importlib; see the module's documentation for alternative uses
  import imp
2020-09-07 10:11:08.824573: I tensorflow/stream_executor/platform/default/dso_loader.cc:48] Successfully opened dynamic library libcuda.so.1
2020-09-07 10:11:10.020709: I tensorflow/stream_executor/cuda/cuda_gpu_executor.cc:982] successful NUMA node read from SysFS had negative value (-1), but there must be at least one NUMA node, so returning NUMA node zero
2020-09-07 10:11:10.021015: I tensorflow/core/common_runtime/gpu/gpu_device.cc:1716] Found device 0 with properties: 
pciBusID: 0000:01:00.0 name: GeForce GTX 1070 with Max-Q Design computeCapability: 6.1
coreClock: 1.2655GHz coreCount: 16 deviceMemorySize: 7.93GiB deviceMemoryBandwidth: 238.66GiB/s
2020-09-07 10:11:10.021057: I tensorflow/stream_executor/platform/default/dso_loader.cc:48] Successfully opened dynamic library libcudart.so.10.1
2020-09-07 10:11:10.022284: I tensorflow/stream_executor/platform/default/dso_loader.cc:48] Successfully opened dynamic library libcublas.so.10
2020-09-07 10:11:10.023204: I tensorflow/stream_executor/platform/default/dso_loader.cc:48] Successfully opened dynamic library libcufft.so.10
2020-09-07 10:11:10.023506: I tensorflow/stream_executor/platform/default/dso_loader.cc:48] Successfully opened dynamic library libcurand.so.10
2020-09-07 10:11:10.024762: I tensorflow/stream_executor/platform/default/dso_loader.cc:48] Successfully opened dynamic library libcusolver.so.10
2020-09-07 10:11:10.025655: I tensorflow/stream_executor/platform/default/dso_loader.cc:48] Successfully opened dynamic library libcusparse.so.10
2020-09-07 10:11:10.028242: I tensorflow/stream_executor/platform/default/dso_loader.cc:48] Successfully opened dynamic library libcudnn.so.7
2020-09-07 10:11:10.028380: I tensorflow/stream_executor/cuda/cuda_gpu_executor.cc:982] successful NUMA node read from SysFS had negative value (-1), but there must be at least one NUMA node, so returning NUMA node zero
2020-09-07 10:11:10.028752: I tensorflow/stream_executor/cuda/cuda_gpu_executor.cc:982] successful NUMA node read from SysFS had negative value (-1), but there must be at least one NUMA node, so returning NUMA node zero
2020-09-07 10:11:10.029015: I tensorflow/core/common_runtime/gpu/gpu_device.cc:1858] Adding visible gpu devices: 0
2020-09-07 10:11:10.029268: I tensorflow/core/platform/cpu_feature_guard.cc:142] This TensorFlow binary is optimized with oneAPI Deep Neural Network Library (oneDNN)to use the following CPU instructions in performance-critical operations:  AVX2 FMA
To enable them in other operations, rebuild TensorFlow with the appropriate compiler flags.
2020-09-07 10:11:10.052285: I tensorflow/core/platform/profile_utils/cpu_utils.cc:104] CPU Frequency: 2199995000 Hz
2020-09-07 10:11:10.052747: I tensorflow/compiler/xla/service/service.cc:168] XLA service 0x68ce610 initialized for platform Host (this does not guarantee that XLA will be used). Devices:
2020-09-07 10:11:10.052763: I tensorflow/compiler/xla/service/service.cc:176]   StreamExecutor device (0): Host, Default Version
2020-09-07 10:11:10.163421: I tensorflow/stream_executor/cuda/cuda_gpu_executor.cc:982] successful NUMA node read from SysFS had negative value (-1), but there must be at least one NUMA node, so returning NUMA node zero
2020-09-07 10:11:10.163831: I tensorflow/compiler/xla/service/service.cc:168] XLA service 0x68c9510 initialized for platform CUDA (this does not guarantee that XLA will be used). Devices:
2020-09-07 10:11:10.163847: I tensorflow/compiler/xla/service/service.cc:176]   StreamExecutor device (0): GeForce GTX 1070 with Max-Q Design, Compute Capability 6.1
2020-09-07 10:11:10.164055: I tensorflow/stream_executor/cuda/cuda_gpu_executor.cc:982] successful NUMA node read from SysFS had negative value (-1), but there must be at least one NUMA node, so returning NUMA node zero
2020-09-07 10:11:10.164326: I tensorflow/core/common_runtime/gpu/gpu_device.cc:1716] Found device 0 with properties: 
pciBusID: 0000:01:00.0 name: GeForce GTX 1070 with Max-Q Design computeCapability: 6.1
coreClock: 1.2655GHz coreCount: 16 deviceMemorySize: 7.93GiB deviceMemoryBandwidth: 238.66GiB/s
2020-09-07 10:11:10.164379: I tensorflow/stream_executor/platform/default/dso_loader.cc:48] Successfully opened dynamic library libcudart.so.10.1
2020-09-07 10:11:10.164412: I tensorflow/stream_executor/platform/default/dso_loader.cc:48] Successfully opened dynamic library libcublas.so.10
2020-09-07 10:11:10.164439: I tensorflow/stream_executor/platform/default/dso_loader.cc:48] Successfully opened dynamic library libcufft.so.10
2020-09-07 10:11:10.164464: I tensorflow/stream_executor/platform/default/dso_loader.cc:48] Successfully opened dynamic library libcurand.so.10
2020-09-07 10:11:10.164490: I tensorflow/stream_executor/platform/default/dso_loader.cc:48] Successfully opened dynamic library libcusolver.so.10
2020-09-07 10:11:10.164516: I tensorflow/stream_executor/platform/default/dso_loader.cc:48] Successfully opened dynamic library libcusparse.so.10
2020-09-07 10:11:10.164541: I tensorflow/stream_executor/platform/default/dso_loader.cc:48] Successfully opened dynamic library libcudnn.so.7
2020-09-07 10:11:10.164608: I tensorflow/stream_executor/cuda/cuda_gpu_executor.cc:982] successful NUMA node read from SysFS had negative value (-1), but there must be at least one NUMA node, so returning NUMA node zero
2020-09-07 10:11:10.164914: I tensorflow/stream_executor/cuda/cuda_gpu_executor.cc:982] successful NUMA node read from SysFS had negative value (-1), but there must be at least one NUMA node, so returning NUMA node zero
2020-09-07 10:11:10.165164: I tensorflow/core/common_runtime/gpu/gpu_device.cc:1858] Adding visible gpu devices: 0
2020-09-07 10:11:10.165201: I tensorflow/stream_executor/platform/default/dso_loader.cc:48] Successfully opened dynamic library libcudart.so.10.1
2020-09-07 10:11:10.501252: I tensorflow/core/common_runtime/gpu/gpu_device.cc:1257] Device interconnect StreamExecutor with strength 1 edge matrix:
2020-09-07 10:11:10.501280: I tensorflow/core/common_runtime/gpu/gpu_device.cc:1263]      0 
2020-09-07 10:11:10.501285: I tensorflow/core/common_runtime/gpu/gpu_device.cc:1276] 0:   N 
2020-09-07 10:11:10.501511: I tensorflow/stream_executor/cuda/cuda_gpu_executor.cc:982] successful NUMA node read from SysFS had negative value (-1), but there must be at least one NUMA node, so returning NUMA node zero
2020-09-07 10:11:10.501874: I tensorflow/stream_executor/cuda/cuda_gpu_executor.cc:982] successful NUMA node read from SysFS had negative value (-1), but there must be at least one NUMA node, so returning NUMA node zero
2020-09-07 10:11:10.502154: I tensorflow/core/common_runtime/gpu/gpu_device.cc:1402] Created TensorFlow device (/job:localhost/replica:0/task:0/device:GPU:0 with 7435 MB memory) -> physical GPU (device: 0, name: GeForce GTX 1070 with Max-Q Design, pci bus id: 0000:01:00.0, compute capability: 6.1)
Traceback (most recent call last):
  File "/usr/lib/python3/dist-packages/sympy/core/compatibility.py", line 419, in as_int
    raise TypeError
TypeError

During handling of the above exception, another exception occurred:

Traceback (most recent call last):
  File "biholoNN_exp_50_100_200.py", line 30, in <module>
    train_set = generate_dataset(HS)
  File "/home/mdouglas/Manifold/biholoNN.py", line 86, in generate_dataset
    new_dataset = dataset_on_patch(subpatch)
  File "/home/mdouglas/Manifold/biholoNN.py", line 98, in dataset_on_patch
    patch.restriction = patch.get_restriction(lambdify=True)
  File "/home/mdouglas/Manifold/hypersurface_tf.py", line 352, in get_restriction
    restriction = local_coordinates.jacobian(affine_coordinates).inv()
  File "/usr/lib/python3/dist-packages/sympy/matrices/matrices.py", line 3672, in inv
    return self._eval_inverse(**kwargs)
  File "/usr/lib/python3/dist-packages/sympy/matrices/dense.py", line 265, in _eval_inverse
    rv = M.inverse_GE(iszerofunc=iszerofunc)
  File "/usr/lib/python3/dist-packages/sympy/matrices/matrices.py", line 3585, in inverse_GE
    red = big.rref(iszerofunc=iszerofunc, simplify=True)[0]
  File "/usr/lib/python3/dist-packages/sympy/matrices/matrices.py", line 941, in rref
    ret, pivot_cols = self._eval_rref(iszerofunc=iszerofunc,
  File "/usr/lib/python3/dist-packages/sympy/matrices/matrices.py", line 593, in _eval_rref
    reduced, pivot_cols, swaps = self._row_reduce(iszerofunc, simpfunc,
  File "/usr/lib/python3/dist-packages/sympy/matrices/matrices.py", line 713, in _row_reduce
    assumed_nonzero, newly_determined = _find_reasonable_pivot(
  File "/usr/lib/python3/dist-packages/sympy/matrices/matrices.py", line 5305, in _find_reasonable_pivot
    simped = simpfunc(x)
  File "/usr/lib/python3/dist-packages/sympy/simplify/simplify.py", line 559, in simplify
    original_expr = expr = collect_abs(signsimp(expr))
  File "/usr/lib/python3/dist-packages/sympy/simplify/simplify.py", line 383, in signsimp
    e = sub_post(sub_pre(expr))
  File "/usr/lib/python3/dist-packages/sympy/simplify/cse_opts.py", line 16, in sub_pre
    adds = [a for a in e.atoms(Add) if a.could_extract_minus_sign()]
  File "/usr/lib/python3/dist-packages/sympy/simplify/cse_opts.py", line 16, in <listcomp>
    adds = [a for a in e.atoms(Add) if a.could_extract_minus_sign()]
  File "/usr/lib/python3/dist-packages/sympy/core/expr.py", line 2386, in could_extract_minus_sign
    (negative_self).extract_multiplicatively(-1) is not None)
  File "/usr/lib/python3/dist-packages/sympy/core/expr.py", line 2208, in extract_multiplicatively
    newarg = arg.extract_multiplicatively(c)
  File "/usr/lib/python3/dist-packages/sympy/core/expr.py", line 2221, in extract_multiplicatively
    newarg = arg.extract_multiplicatively(c)
  File "/usr/lib/python3/dist-packages/sympy/core/expr.py", line 2134, in extract_multiplicatively
    elif c == self:
  File "/usr/lib/python3/dist-packages/sympy/core/numbers.py", line 2248, in __eq__
    return Rational.__eq__(self, other)
  File "/usr/lib/python3/dist-packages/sympy/core/numbers.py", line 1906, in __eq__
    integer_log(self.p//m, 2) == (t, True)
  File "/usr/lib/python3/dist-packages/sympy/core/power.py", line 147, in integer_log
    y = as_int(y)
  File "/usr/lib/python3/dist-packages/sympy/core/compatibility.py", line 425, in as_int
    raise ValueError('%s is not an integer' % (n,))
ValueError: -1 is not an integer

real	1m1.999s
user	6m25.339s
sys	0m4.850s
+ echo seed psi n_pairs train_time train_loss test_loss delta_sigma_train delta_sigma_test
+ cat experiments.mrd/scanpsi/0_1234/summary.txt experiments.mrd/scanpsi/m1_1234/summary.txt experiments.mrd/scanpsi/m1_235/summary.txt experiments.mrd/scanpsi/m3_1234/summary.txt experiments.mrd/scanpsi/m3_235/summary.txt experiments.mrd/scanpsi/m4p5_1234/summary.txt experiments.mrd/scanpsi/m4p5_235/summary.txt experiments.mrd/scanpsi/m5_1234/summary.txt experiments.mrd/scanpsi/m5_235/summary.txt experiments.mrd/scanpsi/m5p5_1234/summary.txt experiments.mrd/scanpsi/m5p5_235/summary.txt experiments.mrd/scanpsi/m6_1234/summary.txt experiments.mrd/scanpsi/m6_235/summary.txt
